<?xml version="1.0" encoding="UTF-8"?>
<coverage generated="1666846438537" clover="3.2.0">
  <project timestamp="1666846438537" name="All files">
    <metrics statements="563" coveredstatements="563" conditionals="692" coveredconditionals="681" methods="154" coveredmethods="154" elements="1409" coveredelements="1398" complexity="0" loc="563" ncloc="563" packages="1" files="24" classes="24"/>
    <file name="array-cd.js" path="F:\code_github\Exercises_JS\src\array-cd.js">
      <metrics statements="41" coveredstatements="41" conditionals="45" coveredconditionals="44" methods="9" coveredmethods="9"/>
      <line num="3" count="8" type="cond" truecount="4" falsecount="0"/>
      <line num="4" count="3" type="cond" truecount="2" falsecount="0"/>
      <line num="5" count="1" type="stmt"/>
      <line num="6" count="1" type="stmt"/>
      <line num="8" count="2" type="cond" truecount="2" falsecount="0"/>
      <line num="9" count="1" type="stmt"/>
      <line num="10" count="1" type="stmt"/>
      <line num="12" count="1" type="stmt"/>
      <line num="13" count="1" type="stmt"/>
      <line num="17" count="9" type="cond" truecount="4" falsecount="0"/>
      <line num="18" count="4" type="cond" truecount="4" falsecount="0"/>
      <line num="19" count="2" type="cond" truecount="2" falsecount="0"/>
      <line num="20" count="1" type="stmt"/>
      <line num="21" count="1" type="stmt"/>
      <line num="23" count="1" type="stmt"/>
      <line num="24" count="1" type="stmt"/>
      <line num="28" count="8" type="cond" truecount="4" falsecount="0"/>
      <line num="29" count="3" type="stmt"/>
      <line num="30" count="4" type="cond" truecount="2" falsecount="0"/>
      <line num="32" count="3" type="stmt"/>
      <line num="34" count="1" type="stmt"/>
      <line num="38" count="1" type="stmt"/>
      <line num="41" count="8" type="cond" truecount="5" falsecount="0"/>
      <line num="42" count="3" type="stmt"/>
      <line num="43" count="8" type="stmt"/>
      <line num="47" count="7" type="cond" truecount="4" falsecount="0"/>
      <line num="48" count="2" type="stmt"/>
      <line num="49" count="8" type="cond" truecount="2" falsecount="0"/>
      <line num="50" count="8" type="stmt"/>
      <line num="52" count="2" type="stmt"/>
      <line num="53" count="2" type="stmt"/>
      <line num="54" count="6" type="cond" truecount="2" falsecount="0"/>
      <line num="56" count="2" type="stmt"/>
      <line num="61" count="7" type="cond" truecount="4" falsecount="0"/>
      <line num="62" count="2" type="stmt"/>
      <line num="63" count="9" type="cond" truecount="2" falsecount="0"/>
      <line num="64" count="9" type="stmt"/>
      <line num="66" count="2" type="stmt"/>
      <line num="67" count="2" type="stmt"/>
      <line num="68" count="4" type="cond" truecount="1" falsecount="1"/>
      <line num="70" count="2" type="stmt"/>
    </file>
    <file name="array-check.js" path="F:\code_github\Exercises_JS\src\array-check.js">
      <metrics statements="59" coveredstatements="59" conditionals="73" coveredconditionals="73" methods="17" coveredmethods="17"/>
      <line num="3" count="9" type="cond" truecount="5" falsecount="0"/>
      <line num="4" count="15" type="cond" truecount="2" falsecount="0"/>
      <line num="8" count="8" type="cond" truecount="4" falsecount="0"/>
      <line num="9" count="9" type="stmt"/>
      <line num="13" count="9" type="cond" truecount="4" falsecount="0"/>
      <line num="14" count="4" type="stmt"/>
      <line num="18" count="7" type="cond" truecount="4" falsecount="0"/>
      <line num="19" count="2" type="stmt"/>
      <line num="20" count="2" type="stmt"/>
      <line num="21" count="4" type="cond" truecount="2" falsecount="0"/>
      <line num="22" count="1" type="stmt"/>
      <line num="25" count="1" type="stmt"/>
      <line num="29" count="8" type="cond" truecount="4" falsecount="0"/>
      <line num="30" count="3" type="stmt"/>
      <line num="31" count="3" type="stmt"/>
      <line num="32" count="4" type="cond" truecount="2" falsecount="0"/>
      <line num="33" count="2" type="stmt"/>
      <line num="36" count="1" type="stmt"/>
      <line num="40" count="7" type="cond" truecount="5" falsecount="0"/>
      <line num="41" count="5" type="stmt"/>
      <line num="42" count="2" type="stmt"/>
      <line num="43" count="2" type="stmt"/>
      <line num="44" count="4" type="cond" truecount="2" falsecount="0"/>
      <line num="46" count="2" type="stmt"/>
      <line num="50" count="7" type="cond" truecount="4" falsecount="0"/>
      <line num="51" count="2" type="stmt"/>
      <line num="52" count="5" type="cond" truecount="4" falsecount="0"/>
      <line num="54" count="1" type="stmt"/>
      <line num="58" count="7" type="cond" truecount="5" falsecount="0"/>
      <line num="59" count="5" type="stmt"/>
      <line num="60" count="2" type="stmt"/>
      <line num="61" count="5" type="stmt"/>
      <line num="62" count="5" type="cond" truecount="4" falsecount="0"/>
      <line num="64" count="1" type="stmt"/>
      <line num="68" count="10" type="cond" truecount="4" falsecount="0"/>
      <line num="69" count="4" type="stmt"/>
      <line num="70" count="4" type="stmt"/>
      <line num="71" count="6" type="stmt"/>
      <line num="72" count="6" type="cond" truecount="2" falsecount="0"/>
      <line num="74" count="2" type="stmt"/>
      <line num="78" count="10" type="cond" truecount="4" falsecount="0"/>
      <line num="79" count="4" type="stmt"/>
      <line num="80" count="4" type="stmt"/>
      <line num="81" count="5" type="stmt"/>
      <line num="82" count="5" type="cond" truecount="2" falsecount="0"/>
      <line num="84" count="2" type="stmt"/>
      <line num="88" count="10" type="cond" truecount="4" falsecount="0"/>
      <line num="89" count="5" type="stmt"/>
      <line num="90" count="11" type="stmt"/>
      <line num="91" count="11" type="cond" truecount="2" falsecount="0"/>
      <line num="93" count="4" type="stmt"/>
      <line num="111" count="5" type="stmt"/>
      <line num="112" count="5" type="stmt"/>
      <line num="113" count="55" type="stmt"/>
      <line num="115" count="5" type="stmt"/>
      <line num="116" count="5" type="stmt"/>
      <line num="119" count="10" type="cond" truecount="4" falsecount="0"/>
      <line num="120" count="5" type="stmt"/>
      <line num="121" count="14" type="stmt"/>
    </file>
    <file name="array-count.js" path="F:\code_github\Exercises_JS\src\array-count.js">
      <metrics statements="37" coveredstatements="37" conditionals="40" coveredconditionals="40" methods="8" coveredmethods="8"/>
      <line num="3" count="7" type="cond" truecount="4" falsecount="0"/>
      <line num="4" count="2" type="stmt"/>
      <line num="5" count="2" type="stmt"/>
      <line num="6" count="7" type="cond" truecount="4" falsecount="0"/>
      <line num="8" count="2" type="stmt"/>
      <line num="12" count="8" type="cond" truecount="4" falsecount="0"/>
      <line num="13" count="3" type="stmt"/>
      <line num="14" count="3" type="stmt"/>
      <line num="15" count="15" type="cond" truecount="2" falsecount="0"/>
      <line num="17" count="3" type="stmt"/>
      <line num="21" count="8" type="cond" truecount="4" falsecount="0"/>
      <line num="22" count="3" type="stmt"/>
      <line num="23" count="3" type="stmt"/>
      <line num="24" count="6" type="cond" truecount="2" falsecount="0"/>
      <line num="26" count="3" type="stmt"/>
      <line num="30" count="8" type="cond" truecount="4" falsecount="0"/>
      <line num="31" count="3" type="stmt"/>
      <line num="32" count="3" type="stmt"/>
      <line num="33" count="11" type="stmt"/>
      <line num="34" count="11" type="cond" truecount="2" falsecount="0"/>
      <line num="36" count="3" type="stmt"/>
      <line num="40" count="8" type="cond" truecount="6" falsecount="0"/>
      <line num="41" count="3" type="stmt"/>
      <line num="42" count="3" type="stmt"/>
      <line num="43" count="9" type="cond" truecount="2" falsecount="0"/>
      <line num="45" count="3" type="stmt"/>
      <line num="49" count="4" type="stmt"/>
      <line num="50" count="4" type="stmt"/>
      <line num="51" count="4" type="stmt"/>
      <line num="52" count="6" type="stmt"/>
      <line num="54" count="4" type="stmt"/>
      <line num="55" count="4" type="stmt"/>
      <line num="58" count="7" type="cond" truecount="4" falsecount="0"/>
      <line num="59" count="2" type="stmt"/>
      <line num="60" count="2" type="stmt"/>
      <line num="61" count="4" type="cond" truecount="2" falsecount="0"/>
      <line num="63" count="2" type="stmt"/>
    </file>
    <file name="array-filter.js" path="F:\code_github\Exercises_JS\src\array-filter.js">
      <metrics statements="39" coveredstatements="39" conditionals="52" coveredconditionals="52" methods="15" coveredmethods="15"/>
      <line num="3" count="7" type="cond" truecount="4" falsecount="0"/>
      <line num="4" count="3" type="stmt"/>
      <line num="5" count="3" type="stmt"/>
      <line num="6" count="8" type="stmt"/>
      <line num="8" count="3" type="stmt"/>
      <line num="12" count="9" type="cond" truecount="4" falsecount="0"/>
      <line num="13" count="3" type="stmt"/>
      <line num="14" count="3" type="stmt"/>
      <line num="15" count="10" type="stmt"/>
      <line num="16" count="10" type="stmt"/>
      <line num="17" count="10" type="cond" truecount="2" falsecount="0"/>
      <line num="19" count="3" type="stmt"/>
      <line num="23" count="8" type="cond" truecount="5" falsecount="0"/>
      <line num="24" count="2" type="stmt"/>
      <line num="25" count="2" type="stmt"/>
      <line num="26" count="10" type="cond" truecount="2" falsecount="0"/>
      <line num="27" count="2" type="stmt"/>
      <line num="29" count="2" type="stmt"/>
      <line num="33" count="26" type="stmt"/>
      <line num="34" count="87" type="cond" truecount="2" falsecount="0"/>
      <line num="36" count="12" type="stmt"/>
      <line num="39" count="8" type="cond" truecount="5" falsecount="0"/>
      <line num="40" count="2" type="stmt"/>
      <line num="41" count="2" type="stmt"/>
      <line num="42" count="26" type="cond" truecount="2" falsecount="0"/>
      <line num="44" count="2" type="stmt"/>
      <line num="48" count="9" type="cond" truecount="4" falsecount="0"/>
      <line num="49" count="20" type="cond" truecount="2" falsecount="0"/>
      <line num="51" count="1" type="stmt"/>
      <line num="54" count="8" type="cond" truecount="4" falsecount="0"/>
      <line num="60" count="3" type="stmt"/>
      <line num="61" count="9" type="cond" truecount="2" falsecount="0"/>
      <line num="62" count="9" type="stmt"/>
      <line num="67" count="7" type="cond" truecount="4" falsecount="0"/>
      <line num="68" count="6" type="stmt"/>
      <line num="72" count="7" type="cond" truecount="4" falsecount="0"/>
      <line num="73" count="6" type="stmt"/>
      <line num="77" count="7" type="cond" truecount="4" falsecount="0"/>
      <line num="78" count="6" type="cond" truecount="2" falsecount="0"/>
    </file>
    <file name="array-find.js" path="F:\code_github\Exercises_JS\src\array-find.js">
      <metrics statements="49" coveredstatements="49" conditionals="92" coveredconditionals="91" methods="35" coveredmethods="35"/>
      <line num="3" count="9" type="cond" truecount="4" falsecount="0"/>
      <line num="4" count="18" type="stmt"/>
      <line num="8" count="10" type="cond" truecount="4" falsecount="0"/>
      <line num="9" count="11" type="cond" truecount="2" falsecount="0"/>
      <line num="10" count="5" type="stmt"/>
      <line num="11" count="8" type="cond" truecount="2" falsecount="0"/>
      <line num="17" count="9" type="cond" truecount="4" falsecount="0"/>
      <line num="18" count="10" type="cond" truecount="2" falsecount="0"/>
      <line num="22" count="9" type="cond" truecount="4" falsecount="0"/>
      <line num="23" count="9" type="cond" truecount="2" falsecount="0"/>
      <line num="28" count="8" type="cond" truecount="4" falsecount="0"/>
      <line num="29" count="4" type="stmt"/>
      <line num="33" count="8" type="cond" truecount="4" falsecount="0"/>
      <line num="35" count="6" type="stmt"/>
      <line num="39" count="4" type="stmt"/>
      <line num="40" count="4" type="stmt"/>
      <line num="41" count="4" type="stmt"/>
      <line num="42" count="4" type="stmt"/>
      <line num="43" count="4" type="cond" truecount="6" falsecount="0"/>
      <line num="44" count="2" type="stmt"/>
      <line num="47" count="8" type="cond" truecount="4" falsecount="0"/>
      <line num="48" count="4" type="stmt"/>
      <line num="52" count="2" type="stmt"/>
      <line num="53" count="2" type="stmt"/>
      <line num="54" count="2" type="stmt"/>
      <line num="55" count="2" type="stmt"/>
      <line num="56" count="2" type="stmt"/>
      <line num="57" count="2" type="cond" truecount="5" falsecount="0"/>
      <line num="58" count="1" type="stmt"/>
      <line num="61" count="7" type="cond" truecount="4" falsecount="0"/>
      <line num="67" count="2" type="stmt"/>
      <line num="71" count="7" type="cond" truecount="4" falsecount="0"/>
      <line num="72" count="3" type="stmt"/>
      <line num="76" count="7" type="cond" truecount="4" falsecount="0"/>
      <line num="77" count="3" type="stmt"/>
      <line num="81" count="6" type="cond" truecount="4" falsecount="0"/>
      <line num="82" count="3" type="stmt"/>
      <line num="83" count="1" type="stmt"/>
      <line num="84" count="2" type="cond" truecount="2" falsecount="0"/>
      <line num="89" count="6" type="cond" truecount="4" falsecount="0"/>
      <line num="90" count="1" type="stmt"/>
      <line num="91" count="2" type="cond" truecount="2" falsecount="0"/>
      <line num="96" count="6" type="cond" truecount="4" falsecount="0"/>
      <line num="97" count="1" type="stmt"/>
      <line num="99" count="4" type="cond" truecount="8" falsecount="1"/>
      <line num="106" count="6" type="cond" truecount="4" falsecount="0"/>
      <line num="107" count="2" type="stmt"/>
      <line num="111" count="6" type="cond" truecount="4" falsecount="0"/>
      <line num="112" count="2" type="stmt"/>
    </file>
    <file name="array-logic.js" path="F:\code_github\Exercises_JS\src\array-logic.js">
      <metrics statements="26" coveredstatements="26" conditionals="28" coveredconditionals="28" methods="6" coveredmethods="6"/>
      <line num="3" count="9" type="cond" truecount="4" falsecount="0"/>
      <line num="4" count="3" type="stmt"/>
      <line num="5" count="3" type="stmt"/>
      <line num="6" count="6" type="stmt"/>
      <line num="7" count="14" type="cond" truecount="2" falsecount="0"/>
      <line num="10" count="3" type="stmt"/>
      <line num="14" count="9" type="cond" truecount="4" falsecount="0"/>
      <line num="15" count="3" type="stmt"/>
      <line num="16" count="3" type="stmt"/>
      <line num="17" count="9" type="stmt"/>
      <line num="19" count="3" type="stmt"/>
      <line num="20" count="3" type="stmt"/>
      <line num="21" count="9" type="cond" truecount="2" falsecount="0"/>
      <line num="23" count="3" type="stmt"/>
      <line num="27" count="7" type="cond" truecount="4" falsecount="0"/>
      <line num="28" count="1" type="stmt"/>
      <line num="29" count="6" type="cond" truecount="2" falsecount="0"/>
      <line num="30" count="6" type="stmt"/>
      <line num="35" count="9" type="cond" truecount="4" falsecount="0"/>
      <line num="45" count="3" type="stmt"/>
      <line num="46" count="3" type="stmt"/>
      <line num="47" count="3" type="stmt"/>
      <line num="48" count="13" type="stmt"/>
      <line num="49" count="13" type="cond" truecount="2" falsecount="0"/>
      <line num="50" count="13" type="cond" truecount="4" falsecount="0"/>
      <line num="52" count="3" type="stmt"/>
    </file>
    <file name="array-subarr.js" path="F:\code_github\Exercises_JS\src\array-subarr.js">
      <metrics statements="58" coveredstatements="58" conditionals="68" coveredconditionals="66" methods="9" coveredmethods="9"/>
      <line num="3" count="8" type="cond" truecount="4" falsecount="0"/>
      <line num="4" count="3" type="stmt"/>
      <line num="5" count="3" type="stmt"/>
      <line num="6" count="3" type="stmt"/>
      <line num="7" count="19" type="stmt"/>
      <line num="8" count="19" type="cond" truecount="4" falsecount="0"/>
      <line num="9" count="11" type="cond" truecount="2" falsecount="0"/>
      <line num="10" count="11" type="stmt"/>
      <line num="13" count="3" type="stmt"/>
      <line num="17" count="7" type="cond" truecount="4" falsecount="0"/>
      <line num="18" count="2" type="stmt"/>
      <line num="19" count="2" type="stmt"/>
      <line num="20" count="2" type="stmt"/>
      <line num="21" count="11" type="stmt"/>
      <line num="22" count="11" type="cond" truecount="4" falsecount="0"/>
      <line num="23" count="8" type="cond" truecount="2" falsecount="0"/>
      <line num="24" count="8" type="stmt"/>
      <line num="27" count="2" type="stmt"/>
      <line num="31" count="9" type="cond" truecount="2" falsecount="0"/>
      <line num="37" count="4" type="stmt"/>
      <line num="38" count="5" type="cond" truecount="4" falsecount="0"/>
      <line num="39" count="4" type="stmt"/>
      <line num="43" count="7" type="cond" truecount="4" falsecount="0"/>
      <line num="44" count="2" type="stmt"/>
      <line num="45" count="2" type="stmt"/>
      <line num="46" count="2" type="stmt"/>
      <line num="47" count="12" type="stmt"/>
      <line num="48" count="12" type="cond" truecount="2" falsecount="0"/>
      <line num="49" count="12" type="cond" truecount="5" falsecount="0"/>
      <line num="50" count="2" type="stmt"/>
      <line num="51" count="2" type="stmt"/>
      <line num="54" count="2" type="stmt"/>
      <line num="58" count="12" type="stmt"/>
      <line num="59" count="12" type="stmt"/>
      <line num="60" count="34" type="stmt"/>
      <line num="62" count="12" type="stmt"/>
      <line num="65" count="9" type="cond" truecount="4" falsecount="0"/>
      <line num="66" count="4" type="stmt"/>
      <line num="67" count="4" type="stmt"/>
      <line num="68" count="4" type="stmt"/>
      <line num="69" count="19" type="stmt"/>
      <line num="70" count="19" type="cond" truecount="4" falsecount="0"/>
      <line num="71" count="10" type="cond" truecount="2" falsecount="0"/>
      <line num="72" count="10" type="stmt"/>
      <line num="75" count="4" type="stmt"/>
      <line num="76" count="5" type="cond" truecount="1" falsecount="1"/>
      <line num="82" count="8" type="cond" truecount="4" falsecount="0"/>
      <line num="83" count="3" type="stmt"/>
      <line num="84" count="3" type="stmt"/>
      <line num="85" count="3" type="stmt"/>
      <line num="86" count="13" type="stmt"/>
      <line num="87" count="13" type="cond" truecount="4" falsecount="0"/>
      <line num="88" count="7" type="cond" truecount="2" falsecount="0"/>
      <line num="89" count="7" type="stmt"/>
      <line num="92" count="3" type="cond" truecount="2" falsecount="0"/>
      <line num="93" count="2" type="stmt"/>
      <line num="94" count="1" type="cond" truecount="1" falsecount="1"/>
      <line num="97" count="1" type="stmt"/>
    </file>
    <file name="array-sum.js" path="F:\code_github\Exercises_JS\src\array-sum.js">
      <metrics statements="25" coveredstatements="25" conditionals="24" coveredconditionals="24" methods="8" coveredmethods="8"/>
      <line num="3" count="9" type="cond" truecount="4" falsecount="0"/>
      <line num="4" count="15" type="stmt"/>
      <line num="5" count="4" type="cond" truecount="4" falsecount="0"/>
      <line num="6" count="2" type="stmt"/>
      <line num="7" count="2" type="stmt"/>
      <line num="8" count="7" type="stmt"/>
      <line num="9" count="7" type="stmt"/>
      <line num="10" count="7" type="cond" truecount="2" falsecount="0"/>
      <line num="12" count="2" type="stmt"/>
      <line num="24" count="8" type="cond" truecount="4" falsecount="0"/>
      <line num="25" count="3" type="stmt"/>
      <line num="26" count="3" type="stmt"/>
      <line num="27" count="3" type="stmt"/>
      <line num="28" count="11" type="stmt"/>
      <line num="30" count="3" type="stmt"/>
      <line num="34" count="3" type="stmt"/>
      <line num="35" count="3" type="stmt"/>
      <line num="36" count="3" type="stmt"/>
      <line num="37" count="9" type="stmt"/>
      <line num="38" count="9" type="cond" truecount="2" falsecount="0"/>
      <line num="40" count="3" type="stmt"/>
      <line num="43" count="7" type="cond" truecount="4" falsecount="0"/>
      <line num="44" count="3" type="stmt"/>
      <line num="48" count="6" type="cond" truecount="4" falsecount="0"/>
      <line num="49" count="2" type="stmt"/>
    </file>
    <file name="exercise-24.js" path="F:\code_github\Exercises_JS\src\exercise-24.js">
      <metrics statements="22" coveredstatements="22" conditionals="12" coveredconditionals="12" methods="1" coveredmethods="1"/>
      <line num="1" count="1" type="stmt"/>
      <line num="2" count="1" type="stmt"/>
      <line num="3" count="1" type="stmt"/>
      <line num="4" count="1" type="stmt"/>
      <line num="6" count="1" type="stmt"/>
      <line num="7" count="1" type="stmt"/>
      <line num="8" count="1" type="stmt"/>
      <line num="9" count="1" type="stmt"/>
      <line num="11" count="1" type="stmt"/>
      <line num="36" count="12" type="stmt"/>
      <line num="40" count="12" type="cond" truecount="2" falsecount="0"/>
      <line num="41" count="9" type="cond" truecount="2" falsecount="0"/>
      <line num="42" count="7" type="cond" truecount="2" falsecount="0"/>
      <line num="43" count="4" type="stmt"/>
      <line num="45" count="4" type="cond" truecount="2" falsecount="0"/>
      <line num="46" count="4" type="stmt"/>
      <line num="48" count="4" type="cond" truecount="2" falsecount="0"/>
      <line num="49" count="4" type="stmt"/>
      <line num="51" count="4" type="cond" truecount="2" falsecount="0"/>
      <line num="52" count="4" type="stmt"/>
      <line num="53" count="4" type="stmt"/>
      <line num="55" count="4" type="stmt"/>
    </file>
    <file name="exercise-25.js" path="F:\code_github\Exercises_JS\src\exercise-25.js">
      <metrics statements="8" coveredstatements="8" conditionals="6" coveredconditionals="6" methods="2" coveredmethods="2"/>
      <line num="1" count="1" type="stmt"/>
      <line num="2" count="1" type="stmt"/>
      <line num="17" count="10" type="cond" truecount="4" falsecount="0"/>
      <line num="18" count="6" type="stmt"/>
      <line num="19" count="6" type="stmt"/>
      <line num="20" count="6" type="stmt"/>
      <line num="21" count="18" type="cond" truecount="2" falsecount="0"/>
      <line num="23" count="6" type="stmt"/>
    </file>
    <file name="exercise-26.js" path="F:\code_github\Exercises_JS\src\exercise-26.js">
      <metrics statements="17" coveredstatements="17" conditionals="24" coveredconditionals="24" methods="2" coveredmethods="2"/>
      <line num="2" count="26" type="stmt"/>
      <line num="4" count="10" type="cond" truecount="4" falsecount="0"/>
      <line num="5" count="5" type="cond" truecount="2" falsecount="0"/>
      <line num="6" count="4" type="stmt"/>
      <line num="7" count="4" type="stmt"/>
      <line num="8" count="4" type="stmt"/>
      <line num="9" count="4" type="stmt"/>
      <line num="10" count="4" type="stmt"/>
      <line num="11" count="4" type="stmt"/>
      <line num="12" count="37" type="stmt"/>
      <line num="13" count="37" type="cond" truecount="4" falsecount="0"/>
      <line num="14" count="37" type="cond" truecount="4" falsecount="0"/>
      <line num="15" count="37" type="cond" truecount="4" falsecount="0"/>
      <line num="16" count="37" type="stmt"/>
      <line num="17" count="370" type="stmt"/>
      <line num="18" count="370" type="cond" truecount="2" falsecount="0"/>
      <line num="21" count="4" type="cond" truecount="4" falsecount="0"/>
    </file>
    <file name="exercise-27.js" path="F:\code_github\Exercises_JS\src\exercise-27.js">
      <metrics statements="9" coveredstatements="9" conditionals="8" coveredconditionals="8" methods="1" coveredmethods="1"/>
      <line num="2" count="9" type="cond" truecount="4" falsecount="0"/>
      <line num="3" count="4" type="stmt"/>
      <line num="4" count="4" type="stmt"/>
      <line num="5" count="4" type="stmt"/>
      <line num="6" count="40" type="stmt"/>
      <line num="7" count="40" type="cond" truecount="2" falsecount="0"/>
      <line num="9" count="4" type="stmt"/>
      <line num="10" count="26" type="cond" truecount="2" falsecount="0"/>
      <line num="12" count="4" type="stmt"/>
    </file>
    <file name="exercise-28.js" path="F:\code_github\Exercises_JS\src\exercise-28.js">
      <metrics statements="8" coveredstatements="8" conditionals="10" coveredconditionals="9" methods="2" coveredmethods="2"/>
      <line num="2" count="10" type="cond" truecount="4" falsecount="0"/>
      <line num="3" count="5" type="stmt"/>
      <line num="4" count="5" type="stmt"/>
      <line num="5" count="5" type="cond" truecount="5" falsecount="1"/>
      <line num="6" count="3" type="stmt"/>
      <line num="7" count="3" type="stmt"/>
      <line num="8" count="7" type="stmt"/>
      <line num="10" count="2" type="stmt"/>
    </file>
    <file name="exercise-29.js" path="F:\code_github\Exercises_JS\src\exercise-29.js">
      <metrics statements="4" coveredstatements="4" conditionals="8" coveredconditionals="8" methods="2" coveredmethods="2"/>
      <line num="12" count="4" type="cond" truecount="6" falsecount="0"/>
      <line num="13" count="2" type="stmt"/>
      <line num="14" count="9" type="cond" truecount="2" falsecount="0"/>
      <line num="15" count="9" type="stmt"/>
    </file>
    <file name="exercise-30.js" path="F:\code_github\Exercises_JS\src\exercise-30.js">
      <metrics statements="15" coveredstatements="15" conditionals="10" coveredconditionals="9" methods="1" coveredmethods="1"/>
      <line num="2" count="12" type="cond" truecount="4" falsecount="0"/>
      <line num="3" count="6" type="stmt"/>
      <line num="4" count="6" type="stmt"/>
      <line num="5" count="6" type="stmt"/>
      <line num="6" count="6" type="stmt"/>
      <line num="7" count="23" type="stmt"/>
      <line num="8" count="23" type="stmt"/>
      <line num="11" count="6" type="stmt"/>
      <line num="12" count="6" type="stmt"/>
      <line num="13" count="12" type="cond" truecount="2" falsecount="0"/>
      <line num="14" count="3" type="stmt"/>
      <line num="15" count="3" type="stmt"/>
      <line num="17" count="12" type="cond" truecount="1" falsecount="1"/>
      <line num="18" count="12" type="stmt"/>
      <line num="21" count="6" type="stmt"/>
    </file>
    <file name="exercise-31.js" path="F:\code_github\Exercises_JS\src\exercise-31.js">
      <metrics statements="4" coveredstatements="4" conditionals="6" coveredconditionals="6" methods="2" coveredmethods="2"/>
      <line num="2" count="9" type="cond" truecount="4" falsecount="0"/>
      <line num="3" count="3" type="stmt"/>
      <line num="4" count="10" type="cond" truecount="2" falsecount="0"/>
      <line num="5" count="10" type="stmt"/>
    </file>
    <file name="exercise-32.js" path="F:\code_github\Exercises_JS\src\exercise-32.js">
      <metrics statements="4" coveredstatements="4" conditionals="8" coveredconditionals="8" methods="2" coveredmethods="2"/>
      <line num="2" count="8" type="cond" truecount="4" falsecount="0"/>
      <line num="4" count="3" type="stmt"/>
      <line num="5" count="6" type="cond" truecount="4" falsecount="0"/>
      <line num="6" count="2" type="stmt"/>
    </file>
    <file name="exercise-33.js" path="F:\code_github\Exercises_JS\src\exercise-33.js">
      <metrics statements="4" coveredstatements="4" conditionals="6" coveredconditionals="6" methods="2" coveredmethods="2"/>
      <line num="2" count="7" type="cond" truecount="4" falsecount="0"/>
      <line num="3" count="2" type="stmt"/>
      <line num="4" count="6" type="cond" truecount="2" falsecount="0"/>
      <line num="5" count="2" type="stmt"/>
    </file>
    <file name="exercise-34.js" path="F:\code_github\Exercises_JS\src\exercise-34.js">
      <metrics statements="8" coveredstatements="8" conditionals="9" coveredconditionals="9" methods="2" coveredmethods="2"/>
      <line num="2" count="8" type="cond" truecount="5" falsecount="0"/>
      <line num="3" count="4" type="cond" truecount="2" falsecount="0"/>
      <line num="4" count="3" type="stmt"/>
      <line num="5" count="9" type="stmt"/>
      <line num="6" count="9" type="cond" truecount="2" falsecount="0"/>
      <line num="7" count="6" type="stmt"/>
      <line num="9" count="9" type="stmt"/>
      <line num="10" count="9" type="stmt"/>
    </file>
    <file name="exercise-35.js" path="F:\code_github\Exercises_JS\src\exercise-35.js">
      <metrics statements="8" coveredstatements="8" conditionals="6" coveredconditionals="6" methods="2" coveredmethods="2"/>
      <line num="2" count="7" type="cond" truecount="4" falsecount="0"/>
      <line num="3" count="5" type="stmt"/>
      <line num="4" count="5" type="stmt"/>
      <line num="5" count="15" type="stmt"/>
      <line num="6" count="17" type="stmt"/>
      <line num="7" count="17" type="stmt"/>
      <line num="8" count="17" type="cond" truecount="2" falsecount="0"/>
      <line num="11" count="5" type="stmt"/>
    </file>
    <file name="exercise-36.js" path="F:\code_github\Exercises_JS\src\exercise-36.js">
      <metrics statements="8" coveredstatements="8" conditionals="6" coveredconditionals="6" methods="1" coveredmethods="1"/>
      <line num="2" count="8" type="cond" truecount="4" falsecount="0"/>
      <line num="3" count="4" type="stmt"/>
      <line num="4" count="4" type="stmt"/>
      <line num="5" count="4" type="stmt"/>
      <line num="6" count="11" type="stmt"/>
      <line num="7" count="11" type="cond" truecount="2" falsecount="0"/>
      <line num="8" count="2" type="stmt"/>
      <line num="10" count="2" type="stmt"/>
    </file>
    <file name="exercise-37.js" path="F:\code_github\Exercises_JS\src\exercise-37.js">
      <metrics statements="8" coveredstatements="8" conditionals="14" coveredconditionals="12" methods="1" coveredmethods="1"/>
      <line num="2" count="11" type="cond" truecount="4" falsecount="0"/>
      <line num="3" count="6" type="cond" truecount="1" falsecount="1"/>
      <line num="4" count="6" type="stmt"/>
      <line num="5" count="6" type="stmt"/>
      <line num="6" count="11" type="cond" truecount="2" falsecount="0"/>
      <line num="7" count="10" type="cond" truecount="3" falsecount="1"/>
      <line num="8" count="10" type="cond" truecount="2" falsecount="0"/>
      <line num="10" count="5" type="stmt"/>
    </file>
    <file name="number.js" path="F:\code_github\Exercises_JS\src\number.js">
      <metrics statements="57" coveredstatements="57" conditionals="81" coveredconditionals="80" methods="9" coveredmethods="9"/>
      <line num="3" count="15" type="cond" truecount="5" falsecount="0"/>
      <line num="4" count="5" type="stmt"/>
      <line num="5" count="5" type="cond" truecount="2" falsecount="0"/>
      <line num="6" count="4" type="stmt"/>
      <line num="7" count="4" type="stmt"/>
      <line num="8" count="11" type="cond" truecount="2" falsecount="0"/>
      <line num="9" count="10" type="stmt"/>
      <line num="11" count="3" type="stmt"/>
      <line num="15" count="15" type="cond" truecount="5" falsecount="0"/>
      <line num="16" count="5" type="stmt"/>
      <line num="17" count="5" type="cond" truecount="2" falsecount="0"/>
      <line num="18" count="3" type="stmt"/>
      <line num="19" count="3" type="stmt"/>
      <line num="20" count="8" type="cond" truecount="1" falsecount="1"/>
      <line num="21" count="8" type="stmt"/>
      <line num="23" count="3" type="stmt"/>
      <line num="27" count="16" type="cond" truecount="8" falsecount="0"/>
      <line num="28" count="10" type="stmt"/>
      <line num="29" count="6" type="stmt"/>
      <line num="30" count="6" type="stmt"/>
      <line num="31" count="6" type="cond" truecount="2" falsecount="0"/>
      <line num="32" count="5" type="stmt"/>
      <line num="33" count="10" type="cond" truecount="4" falsecount="0"/>
      <line num="34" count="8" type="stmt"/>
      <line num="36" count="3" type="stmt"/>
      <line num="40" count="12" type="cond" truecount="5" falsecount="0"/>
      <line num="41" count="5" type="stmt"/>
      <line num="42" count="3" type="cond" truecount="2" falsecount="0"/>
      <line num="44" count="3" type="stmt"/>
      <line num="55" count="12" type="cond" truecount="5" falsecount="0"/>
      <line num="56" count="5" type="cond" truecount="2" falsecount="0"/>
      <line num="60" count="12" type="cond" truecount="5" falsecount="0"/>
      <line num="61" count="6" type="stmt"/>
      <line num="62" count="6" type="stmt"/>
      <line num="63" count="298" type="cond" truecount="2" falsecount="0"/>
      <line num="65" count="6" type="cond" truecount="2" falsecount="0"/>
      <line num="69" count="12" type="cond" truecount="5" falsecount="0"/>
      <line num="70" count="6" type="stmt"/>
      <line num="71" count="6" type="stmt"/>
      <line num="72" count="13" type="stmt"/>
      <line num="73" count="13" type="cond" truecount="2" falsecount="0"/>
      <line num="75" count="3" type="stmt"/>
      <line num="79" count="11" type="cond" truecount="5" falsecount="0"/>
      <line num="80" count="5" type="stmt"/>
      <line num="81" count="5" type="stmt"/>
      <line num="82" count="5" type="stmt"/>
      <line num="83" count="20" type="stmt"/>
      <line num="85" count="5" type="cond" truecount="2" falsecount="0"/>
      <line num="89" count="16" type="cond" truecount="5" falsecount="0"/>
      <line num="90" count="8" type="cond" truecount="5" falsecount="0"/>
      <line num="91" count="7" type="stmt"/>
      <line num="92" count="7" type="stmt"/>
      <line num="93" count="7" type="stmt"/>
      <line num="94" count="11" type="stmt"/>
      <line num="95" count="16" type="stmt"/>
      <line num="96" count="16" type="cond" truecount="2" falsecount="0"/>
      <line num="99" count="3" type="stmt"/>
    </file>
    <file name="string.js" path="F:\code_github\Exercises_JS\src\string.js">
      <metrics statements="45" coveredstatements="45" conditionals="56" coveredconditionals="54" methods="15" coveredmethods="15"/>
      <line num="3" count="6" type="cond" truecount="4" falsecount="0"/>
      <line num="4" count="2" type="stmt"/>
      <line num="8" count="6" type="cond" truecount="4" falsecount="0"/>
      <line num="9" count="2" type="stmt"/>
      <line num="10" count="2" type="stmt"/>
      <line num="11" count="2" type="stmt"/>
      <line num="12" count="5" type="cond" truecount="2" falsecount="0"/>
      <line num="14" count="2" type="stmt"/>
      <line num="18" count="5" type="cond" truecount="4" falsecount="0"/>
      <line num="19" count="1" type="stmt"/>
      <line num="20" count="1" type="stmt"/>
      <line num="21" count="1" type="stmt"/>
      <line num="22" count="7" type="cond" truecount="2" falsecount="0"/>
      <line num="23" count="7" type="cond" truecount="2" falsecount="0"/>
      <line num="25" count="1" type="stmt"/>
      <line num="29" count="26" type="stmt"/>
      <line num="30" count="26" type="stmt"/>
      <line num="31" count="26" type="stmt"/>
      <line num="32" count="69" type="stmt"/>
      <line num="33" count="26" type="cond" truecount="3" falsecount="1"/>
      <line num="34" count="26" type="cond" truecount="5" falsecount="0"/>
      <line num="35" count="4" type="stmt"/>
      <line num="39" count="8" type="cond" truecount="4" falsecount="0"/>
      <line num="40" count="26" type="stmt"/>
      <line num="44" count="16" type="stmt"/>
      <line num="45" count="59" type="stmt"/>
      <line num="46" count="16" type="stmt"/>
      <line num="47" count="44" type="stmt"/>
      <line num="48" count="16" type="stmt"/>
      <line num="49" count="16" type="cond" truecount="5" falsecount="0"/>
      <line num="50" count="1" type="stmt"/>
      <line num="54" count="6" type="cond" truecount="4" falsecount="0"/>
      <line num="55" count="16" type="stmt"/>
      <line num="59" count="6" type="cond" truecount="4" falsecount="0"/>
      <line num="60" count="2" type="stmt"/>
      <line num="61" count="2" type="stmt"/>
      <line num="62" count="10" type="cond" truecount="2" falsecount="0"/>
      <line num="63" count="7" type="cond" truecount="2" falsecount="0"/>
      <line num="65" count="10" type="stmt"/>
      <line num="67" count="2" type="stmt"/>
      <line num="71" count="7" type="cond" truecount="4" falsecount="0"/>
      <line num="72" count="3" type="cond" truecount="3" falsecount="1"/>
      <line num="73" count="3" type="stmt"/>
      <line num="74" count="4" type="stmt"/>
      <line num="76" count="3" type="stmt"/>
    </file>
  </project>
</coverage>
