{"F:\\code_github\\Exercises_JS\\src\\array-cd.js": {"path":"F:\\code_github\\Exercises_JS\\src\\array-cd.js","statementMap":{"0":{"start":{"line":3,"column":2},"end":{"line":3,"column":57}},"1":{"start":{"line":3,"column":47},"end":{"line":3,"column":57}},"2":{"start":{"line":4,"column":2},"end":{"line":7,"column":3}},"3":{"start":{"line":5,"column":4},"end":{"line":5,"column":25}},"4":{"start":{"line":6,"column":4},"end":{"line":6,"column":15}},"5":{"start":{"line":8,"column":2},"end":{"line":11,"column":3}},"6":{"start":{"line":9,"column":4},"end":{"line":9,"column":22}},"7":{"start":{"line":10,"column":4},"end":{"line":10,"column":15}},"8":{"start":{"line":12,"column":2},"end":{"line":12,"column":28}},"9":{"start":{"line":13,"column":2},"end":{"line":13,"column":13}},"10":{"start":{"line":17,"column":2},"end":{"line":17,"column":57}},"11":{"start":{"line":17,"column":47},"end":{"line":17,"column":57}},"12":{"start":{"line":18,"column":2},"end":{"line":18,"column":51}},"13":{"start":{"line":18,"column":35},"end":{"line":18,"column":51}},"14":{"start":{"line":19,"column":2},"end":{"line":22,"column":3}},"15":{"start":{"line":20,"column":4},"end":{"line":20,"column":30}},"16":{"start":{"line":21,"column":4},"end":{"line":21,"column":20}},"17":{"start":{"line":23,"column":2},"end":{"line":23,"column":19}},"18":{"start":{"line":24,"column":2},"end":{"line":24,"column":18}},"19":{"start":{"line":28,"column":2},"end":{"line":28,"column":73}},"20":{"start":{"line":28,"column":63},"end":{"line":28,"column":73}},"21":{"start":{"line":29,"column":2},"end":{"line":31,"column":3}},"22":{"start":{"line":30,"column":4},"end":{"line":30,"column":74}},"23":{"start":{"line":30,"column":45},"end":{"line":30,"column":74}},"24":{"start":{"line":32,"column":2},"end":{"line":32,"column":26}},"25":{"start":{"line":34,"column":20},"end":{"line":37,"column":1}},"26":{"start":{"line":38,"column":0},"end":{"line":38,"column":47}},"27":{"start":{"line":41,"column":2},"end":{"line":41,"column":100}},"28":{"start":{"line":41,"column":90},"end":{"line":41,"column":100}},"29":{"start":{"line":42,"column":2},"end":{"line":42,"column":29}},"30":{"start":{"line":43,"column":2},"end":{"line":43,"column":42}},"31":{"start":{"line":43,"column":35},"end":{"line":43,"column":40}},"32":{"start":{"line":47,"column":2},"end":{"line":47,"column":71}},"33":{"start":{"line":47,"column":61},"end":{"line":47,"column":71}},"34":{"start":{"line":48,"column":14},"end":{"line":51,"column":8}},"35":{"start":{"line":49,"column":4},"end":{"line":49,"column":75}},"36":{"start":{"line":50,"column":4},"end":{"line":50,"column":18}},"37":{"start":{"line":52,"column":2},"end":{"line":52,"column":42}},"38":{"start":{"line":53,"column":2},"end":{"line":55,"column":3}},"39":{"start":{"line":54,"column":4},"end":{"line":54,"column":46}},"40":{"start":{"line":54,"column":24},"end":{"line":54,"column":46}},"41":{"start":{"line":56,"column":2},"end":{"line":56,"column":20}},"42":{"start":{"line":61,"column":2},"end":{"line":61,"column":71}},"43":{"start":{"line":61,"column":61},"end":{"line":61,"column":71}},"44":{"start":{"line":62,"column":14},"end":{"line":65,"column":8}},"45":{"start":{"line":63,"column":4},"end":{"line":63,"column":75}},"46":{"start":{"line":64,"column":4},"end":{"line":64,"column":18}},"47":{"start":{"line":66,"column":2},"end":{"line":66,"column":42}},"48":{"start":{"line":67,"column":2},"end":{"line":69,"column":3}},"49":{"start":{"line":68,"column":4},"end":{"line":68,"column":40}},"50":{"start":{"line":68,"column":18},"end":{"line":68,"column":40}},"51":{"start":{"line":70,"column":2},"end":{"line":70,"column":20}}},"fnMap":{"0":{"name":"insert","decl":{"start":{"line":2,"column":16},"end":{"line":2,"column":22}},"loc":{"start":{"line":2,"column":40},"end":{"line":14,"column":1}},"line":2},"1":{"name":"remove","decl":{"start":{"line":16,"column":16},"end":{"line":16,"column":22}},"loc":{"start":{"line":16,"column":34},"end":{"line":25,"column":1}},"line":16},"2":{"name":"removeStudentById","decl":{"start":{"line":27,"column":16},"end":{"line":27,"column":33}},"loc":{"start":{"line":27,"column":58},"end":{"line":33,"column":1}},"line":27},"3":{"name":"insert2","decl":{"start":{"line":40,"column":16},"end":{"line":40,"column":23}},"loc":{"start":{"line":40,"column":47},"end":{"line":44,"column":1}},"line":40},"4":{"name":"(anonymous_4)","decl":{"start":{"line":43,"column":25},"end":{"line":43,"column":26}},"loc":{"start":{"line":43,"column":35},"end":{"line":43,"column":40}},"line":43},"5":{"name":"removeDuplicatedNumbers","decl":{"start":{"line":46,"column":16},"end":{"line":46,"column":39}},"loc":{"start":{"line":46,"column":52},"end":{"line":57,"column":1}},"line":46},"6":{"name":"(anonymous_6)","decl":{"start":{"line":48,"column":32},"end":{"line":48,"column":33}},"loc":{"start":{"line":48,"column":52},"end":{"line":51,"column":3}},"line":48},"7":{"name":"uniqueArray","decl":{"start":{"line":60,"column":16},"end":{"line":60,"column":27}},"loc":{"start":{"line":60,"column":40},"end":{"line":71,"column":1}},"line":60},"8":{"name":"(anonymous_8)","decl":{"start":{"line":62,"column":32},"end":{"line":62,"column":33}},"loc":{"start":{"line":62,"column":52},"end":{"line":65,"column":3}},"line":62}},"branchMap":{"0":{"loc":{"start":{"line":3,"column":2},"end":{"line":3,"column":57}},"type":"if","locations":[{"start":{"line":3,"column":2},"end":{"line":3,"column":57}},{"start":{},"end":{}}],"line":3},"1":{"loc":{"start":{"line":3,"column":6},"end":{"line":3,"column":45}},"type":"binary-expr","locations":[{"start":{"line":3,"column":6},"end":{"line":3,"column":25}},{"start":{"line":3,"column":29},"end":{"line":3,"column":45}}],"line":3},"2":{"loc":{"start":{"line":4,"column":2},"end":{"line":7,"column":3}},"type":"if","locations":[{"start":{"line":4,"column":2},"end":{"line":7,"column":3}},{"start":{},"end":{}}],"line":4},"3":{"loc":{"start":{"line":8,"column":2},"end":{"line":11,"column":3}},"type":"if","locations":[{"start":{"line":8,"column":2},"end":{"line":11,"column":3}},{"start":{},"end":{}}],"line":8},"4":{"loc":{"start":{"line":17,"column":2},"end":{"line":17,"column":57}},"type":"if","locations":[{"start":{"line":17,"column":2},"end":{"line":17,"column":57}},{"start":{},"end":{}}],"line":17},"5":{"loc":{"start":{"line":17,"column":6},"end":{"line":17,"column":45}},"type":"binary-expr","locations":[{"start":{"line":17,"column":6},"end":{"line":17,"column":25}},{"start":{"line":17,"column":29},"end":{"line":17,"column":45}}],"line":17},"6":{"loc":{"start":{"line":18,"column":2},"end":{"line":18,"column":51}},"type":"if","locations":[{"start":{"line":18,"column":2},"end":{"line":18,"column":51}},{"start":{},"end":{}}],"line":18},"7":{"loc":{"start":{"line":18,"column":6},"end":{"line":18,"column":33}},"type":"binary-expr","locations":[{"start":{"line":18,"column":6},"end":{"line":18,"column":11}},{"start":{"line":18,"column":15},"end":{"line":18,"column":33}}],"line":18},"8":{"loc":{"start":{"line":19,"column":2},"end":{"line":22,"column":3}},"type":"if","locations":[{"start":{"line":19,"column":2},"end":{"line":22,"column":3}},{"start":{},"end":{}}],"line":19},"9":{"loc":{"start":{"line":28,"column":2},"end":{"line":28,"column":73}},"type":"if","locations":[{"start":{"line":28,"column":2},"end":{"line":28,"column":73}},{"start":{},"end":{}}],"line":28},"10":{"loc":{"start":{"line":28,"column":6},"end":{"line":28,"column":61}},"type":"binary-expr","locations":[{"start":{"line":28,"column":6},"end":{"line":28,"column":33}},{"start":{"line":28,"column":37},"end":{"line":28,"column":61}}],"line":28},"11":{"loc":{"start":{"line":30,"column":4},"end":{"line":30,"column":74}},"type":"if","locations":[{"start":{"line":30,"column":4},"end":{"line":30,"column":74}},{"start":{},"end":{}}],"line":30},"12":{"loc":{"start":{"line":41,"column":2},"end":{"line":41,"column":100}},"type":"if","locations":[{"start":{"line":41,"column":2},"end":{"line":41,"column":100}},{"start":{},"end":{}}],"line":41},"13":{"loc":{"start":{"line":41,"column":6},"end":{"line":41,"column":88}},"type":"binary-expr","locations":[{"start":{"line":41,"column":6},"end":{"line":41,"column":32}},{"start":{"line":41,"column":37},"end":{"line":41,"column":60}},{"start":{"line":41,"column":64},"end":{"line":41,"column":87}}],"line":41},"14":{"loc":{"start":{"line":47,"column":2},"end":{"line":47,"column":71}},"type":"if","locations":[{"start":{"line":47,"column":2},"end":{"line":47,"column":71}},{"start":{},"end":{}}],"line":47},"15":{"loc":{"start":{"line":47,"column":6},"end":{"line":47,"column":59}},"type":"binary-expr","locations":[{"start":{"line":47,"column":6},"end":{"line":47,"column":32}},{"start":{"line":47,"column":36},"end":{"line":47,"column":59}}],"line":47},"16":{"loc":{"start":{"line":49,"column":21},"end":{"line":49,"column":74}},"type":"cond-expr","locations":[{"start":{"line":49,"column":52},"end":{"line":49,"column":53}},{"start":{"line":49,"column":56},"end":{"line":49,"column":74}}],"line":49},"17":{"loc":{"start":{"line":54,"column":4},"end":{"line":54,"column":46}},"type":"if","locations":[{"start":{"line":54,"column":4},"end":{"line":54,"column":46}},{"start":{},"end":{}}],"line":54},"18":{"loc":{"start":{"line":61,"column":2},"end":{"line":61,"column":71}},"type":"if","locations":[{"start":{"line":61,"column":2},"end":{"line":61,"column":71}},{"start":{},"end":{}}],"line":61},"19":{"loc":{"start":{"line":61,"column":6},"end":{"line":61,"column":59}},"type":"binary-expr","locations":[{"start":{"line":61,"column":6},"end":{"line":61,"column":32}},{"start":{"line":61,"column":36},"end":{"line":61,"column":59}}],"line":61},"20":{"loc":{"start":{"line":63,"column":21},"end":{"line":63,"column":74}},"type":"cond-expr","locations":[{"start":{"line":63,"column":52},"end":{"line":63,"column":53}},{"start":{"line":63,"column":56},"end":{"line":63,"column":74}}],"line":63},"21":{"loc":{"start":{"line":68,"column":4},"end":{"line":68,"column":40}},"type":"if","locations":[{"start":{"line":68,"column":4},"end":{"line":68,"column":40}},{"start":{},"end":{}}],"line":68}},"s":{"0":8,"1":5,"2":3,"3":1,"4":1,"5":2,"6":1,"7":1,"8":1,"9":1,"10":9,"11":5,"12":4,"13":2,"14":2,"15":1,"16":1,"17":1,"18":1,"19":8,"20":5,"21":3,"22":4,"23":2,"24":3,"25":1,"26":1,"27":8,"28":5,"29":3,"30":3,"31":8,"32":7,"33":5,"34":2,"35":8,"36":8,"37":2,"38":2,"39":6,"40":4,"41":2,"42":7,"43":5,"44":2,"45":9,"46":9,"47":2,"48":2,"49":4,"50":4,"51":2},"f":{"0":8,"1":9,"2":8,"3":8,"4":8,"5":7,"6":8,"7":7,"8":9},"b":{"0":[5,3],"1":[8,4],"2":[1,2],"3":[1,1],"4":[5,4],"5":[9,5],"6":[2,2],"7":[4,3],"8":[1,1],"9":[5,3],"10":[8,4],"11":[2,2],"12":[5,3],"13":[8,4,2],"14":[5,2],"15":[7,3],"16":[6,2],"17":[4,2],"18":[5,2],"19":[7,3],"20":[4,5],"21":[4,0]},"_coverageSchema":"1a1c01bbd47fc00a2c39e90264f33305004495a9","hash":"12b11a6d0641c84c10517442e437b37eb4bce6de"}
,"F:\\code_github\\Exercises_JS\\src\\array-check.js": {"path":"F:\\code_github\\Exercises_JS\\src\\array-check.js","statementMap":{"0":{"start":{"line":3,"column":2},"end":{"line":3,"column":99}},"1":{"start":{"line":3,"column":86},"end":{"line":3,"column":99}},"2":{"start":{"line":4,"column":2},"end":{"line":4,"column":69}},"3":{"start":{"line":4,"column":37},"end":{"line":4,"column":67}},"4":{"start":{"line":8,"column":2},"end":{"line":8,"column":74}},"5":{"start":{"line":8,"column":61},"end":{"line":8,"column":74}},"6":{"start":{"line":9,"column":2},"end":{"line":9,"column":55}},"7":{"start":{"line":9,"column":37},"end":{"line":9,"column":53}},"8":{"start":{"line":13,"column":2},"end":{"line":13,"column":70}},"9":{"start":{"line":13,"column":57},"end":{"line":13,"column":70}},"10":{"start":{"line":14,"column":2},"end":{"line":14,"column":54}},"11":{"start":{"line":18,"column":2},"end":{"line":18,"column":60}},"12":{"start":{"line":18,"column":47},"end":{"line":18,"column":60}},"13":{"start":{"line":19,"column":20},"end":{"line":19,"column":60}},"14":{"start":{"line":20,"column":2},"end":{"line":24,"column":3}},"15":{"start":{"line":20,"column":15},"end":{"line":20,"column":16}},"16":{"start":{"line":21,"column":4},"end":{"line":23,"column":5}},"17":{"start":{"line":22,"column":6},"end":{"line":22,"column":18}},"18":{"start":{"line":25,"column":2},"end":{"line":25,"column":15}},"19":{"start":{"line":29,"column":2},"end":{"line":29,"column":60}},"20":{"start":{"line":29,"column":47},"end":{"line":29,"column":60}},"21":{"start":{"line":30,"column":20},"end":{"line":30,"column":60}},"22":{"start":{"line":31,"column":2},"end":{"line":35,"column":3}},"23":{"start":{"line":31,"column":15},"end":{"line":31,"column":16}},"24":{"start":{"line":32,"column":4},"end":{"line":34,"column":5}},"25":{"start":{"line":33,"column":6},"end":{"line":33,"column":18}},"26":{"start":{"line":36,"column":2},"end":{"line":36,"column":15}},"27":{"start":{"line":40,"column":2},"end":{"line":41,"column":17}},"28":{"start":{"line":41,"column":4},"end":{"line":41,"column":17}},"29":{"start":{"line":42,"column":13},"end":{"line":42,"column":18}},"30":{"start":{"line":43,"column":2},"end":{"line":45,"column":5}},"31":{"start":{"line":44,"column":4},"end":{"line":44,"column":40}},"32":{"start":{"line":44,"column":28},"end":{"line":44,"column":40}},"33":{"start":{"line":46,"column":2},"end":{"line":46,"column":14}},"34":{"start":{"line":50,"column":2},"end":{"line":50,"column":76}},"35":{"start":{"line":50,"column":63},"end":{"line":50,"column":76}},"36":{"start":{"line":51,"column":2},"end":{"line":53,"column":3}},"37":{"start":{"line":52,"column":4},"end":{"line":52,"column":87}},"38":{"start":{"line":52,"column":75},"end":{"line":52,"column":87}},"39":{"start":{"line":54,"column":2},"end":{"line":54,"column":15}},"40":{"start":{"line":58,"column":2},"end":{"line":59,"column":17}},"41":{"start":{"line":59,"column":4},"end":{"line":59,"column":17}},"42":{"start":{"line":60,"column":2},"end":{"line":63,"column":3}},"43":{"start":{"line":61,"column":20},"end":{"line":61,"column":36}},"44":{"start":{"line":62,"column":4},"end":{"line":62,"column":74}},"45":{"start":{"line":62,"column":62},"end":{"line":62,"column":74}},"46":{"start":{"line":64,"column":2},"end":{"line":64,"column":15}},"47":{"start":{"line":68,"column":2},"end":{"line":68,"column":72}},"48":{"start":{"line":68,"column":59},"end":{"line":68,"column":72}},"49":{"start":{"line":69,"column":16},"end":{"line":69,"column":29}},"50":{"start":{"line":70,"column":2},"end":{"line":73,"column":3}},"51":{"start":{"line":70,"column":15},"end":{"line":70,"column":16}},"52":{"start":{"line":71,"column":19},"end":{"line":71,"column":32}},"53":{"start":{"line":72,"column":4},"end":{"line":72,"column":40}},"54":{"start":{"line":72,"column":27},"end":{"line":72,"column":40}},"55":{"start":{"line":74,"column":2},"end":{"line":74,"column":14}},"56":{"start":{"line":78,"column":2},"end":{"line":78,"column":72}},"57":{"start":{"line":78,"column":59},"end":{"line":78,"column":72}},"58":{"start":{"line":79,"column":16},"end":{"line":79,"column":29}},"59":{"start":{"line":80,"column":2},"end":{"line":83,"column":3}},"60":{"start":{"line":80,"column":15},"end":{"line":80,"column":16}},"61":{"start":{"line":81,"column":19},"end":{"line":81,"column":32}},"62":{"start":{"line":82,"column":4},"end":{"line":82,"column":40}},"63":{"start":{"line":82,"column":27},"end":{"line":82,"column":40}},"64":{"start":{"line":84,"column":2},"end":{"line":84,"column":14}},"65":{"start":{"line":88,"column":2},"end":{"line":88,"column":74}},"66":{"start":{"line":88,"column":61},"end":{"line":88,"column":74}},"67":{"start":{"line":89,"column":2},"end":{"line":92,"column":3}},"68":{"start":{"line":89,"column":15},"end":{"line":89,"column":16}},"69":{"start":{"line":90,"column":16},"end":{"line":90,"column":37}},"70":{"start":{"line":91,"column":4},"end":{"line":91,"column":60}},"71":{"start":{"line":91,"column":47},"end":{"line":91,"column":60}},"72":{"start":{"line":93,"column":2},"end":{"line":93,"column":14}},"73":{"start":{"line":111,"column":17},"end":{"line":111,"column":23}},"74":{"start":{"line":112,"column":2},"end":{"line":114,"column":3}},"75":{"start":{"line":112,"column":15},"end":{"line":112,"column":16}},"76":{"start":{"line":113,"column":4},"end":{"line":113,"column":46}},"77":{"start":{"line":115,"column":2},"end":{"line":115,"column":15}},"78":{"start":{"line":116,"column":2},"end":{"line":116,"column":16}},"79":{"start":{"line":119,"column":2},"end":{"line":119,"column":74}},"80":{"start":{"line":119,"column":61},"end":{"line":119,"column":74}},"81":{"start":{"line":120,"column":23},"end":{"line":120,"column":44}},"82":{"start":{"line":121,"column":2},"end":{"line":121,"column":58}},"83":{"start":{"line":121,"column":32},"end":{"line":121,"column":56}}},"fnMap":{"0":{"name":"hasEvenNumberGreaterThanN","decl":{"start":{"line":2,"column":16},"end":{"line":2,"column":41}},"loc":{"start":{"line":2,"column":57},"end":{"line":5,"column":1}},"line":2},"1":{"name":"(anonymous_1)","decl":{"start":{"line":4,"column":25},"end":{"line":4,"column":26}},"loc":{"start":{"line":4,"column":37},"end":{"line":4,"column":67}},"line":4},"2":{"name":"hasOddNumberDivisibleBy3","decl":{"start":{"line":7,"column":16},"end":{"line":7,"column":40}},"loc":{"start":{"line":7,"column":53},"end":{"line":10,"column":1}},"line":7},"3":{"name":"(anonymous_3)","decl":{"start":{"line":9,"column":25},"end":{"line":9,"column":26}},"loc":{"start":{"line":9,"column":37},"end":{"line":9,"column":53}},"line":9},"4":{"name":"hasEasyFrontend","decl":{"start":{"line":12,"column":16},"end":{"line":12,"column":31}},"loc":{"start":{"line":12,"column":42},"end":{"line":15,"column":1}},"line":12},"5":{"name":"hasTruthy","decl":{"start":{"line":17,"column":16},"end":{"line":17,"column":25}},"loc":{"start":{"line":17,"column":31},"end":{"line":26,"column":1}},"line":17},"6":{"name":"hasFalsy","decl":{"start":{"line":28,"column":16},"end":{"line":28,"column":24}},"loc":{"start":{"line":28,"column":30},"end":{"line":37,"column":1}},"line":28},"7":{"name":"hasStudent","decl":{"start":{"line":39,"column":16},"end":{"line":39,"column":26}},"loc":{"start":{"line":39,"column":51},"end":{"line":47,"column":1}},"line":39},"8":{"name":"(anonymous_8)","decl":{"start":{"line":43,"column":22},"end":{"line":43,"column":23}},"loc":{"start":{"line":43,"column":29},"end":{"line":45,"column":3}},"line":43},"9":{"name":"hasAlice","decl":{"start":{"line":49,"column":16},"end":{"line":49,"column":24}},"loc":{"start":{"line":49,"column":38},"end":{"line":55,"column":1}},"line":49},"10":{"name":"hasFreeShip","decl":{"start":{"line":57,"column":16},"end":{"line":57,"column":27}},"loc":{"start":{"line":57,"column":48},"end":{"line":65,"column":1}},"line":57},"11":{"name":"isIncreasingNumberList","decl":{"start":{"line":67,"column":16},"end":{"line":67,"column":38}},"loc":{"start":{"line":67,"column":51},"end":{"line":75,"column":1}},"line":67},"12":{"name":"isIncreasingNumberList2","decl":{"start":{"line":77,"column":16},"end":{"line":77,"column":39}},"loc":{"start":{"line":77,"column":52},"end":{"line":85,"column":1}},"line":77},"13":{"name":"isSymetricList","decl":{"start":{"line":87,"column":16},"end":{"line":87,"column":30}},"loc":{"start":{"line":87,"column":43},"end":{"line":94,"column":1}},"line":87},"14":{"name":"generateFibonaci","decl":{"start":{"line":110,"column":9},"end":{"line":110,"column":25}},"loc":{"start":{"line":110,"column":29},"end":{"line":117,"column":1}},"line":110},"15":{"name":"hasFibonaciNumber","decl":{"start":{"line":118,"column":16},"end":{"line":118,"column":33}},"loc":{"start":{"line":118,"column":46},"end":{"line":122,"column":1}},"line":118},"16":{"name":"(anonymous_16)","decl":{"start":{"line":121,"column":25},"end":{"line":121,"column":26}},"loc":{"start":{"line":121,"column":32},"end":{"line":121,"column":56}},"line":121}},"branchMap":{"0":{"loc":{"start":{"line":3,"column":2},"end":{"line":3,"column":99}},"type":"if","locations":[{"start":{"line":3,"column":2},"end":{"line":3,"column":99}},{"start":{},"end":{}}],"line":3},"1":{"loc":{"start":{"line":3,"column":6},"end":{"line":3,"column":84}},"type":"binary-expr","locations":[{"start":{"line":3,"column":6},"end":{"line":3,"column":32}},{"start":{"line":3,"column":36},"end":{"line":3,"column":59}},{"start":{"line":3,"column":63},"end":{"line":3,"column":84}}],"line":3},"2":{"loc":{"start":{"line":4,"column":37},"end":{"line":4,"column":67}},"type":"binary-expr","locations":[{"start":{"line":4,"column":37},"end":{"line":4,"column":53}},{"start":{"line":4,"column":57},"end":{"line":4,"column":67}}],"line":4},"3":{"loc":{"start":{"line":8,"column":2},"end":{"line":8,"column":74}},"type":"if","locations":[{"start":{"line":8,"column":2},"end":{"line":8,"column":74}},{"start":{},"end":{}}],"line":8},"4":{"loc":{"start":{"line":8,"column":6},"end":{"line":8,"column":59}},"type":"binary-expr","locations":[{"start":{"line":8,"column":6},"end":{"line":8,"column":32}},{"start":{"line":8,"column":36},"end":{"line":8,"column":59}}],"line":8},"5":{"loc":{"start":{"line":13,"column":2},"end":{"line":13,"column":70}},"type":"if","locations":[{"start":{"line":13,"column":2},"end":{"line":13,"column":70}},{"start":{},"end":{}}],"line":13},"6":{"loc":{"start":{"line":13,"column":6},"end":{"line":13,"column":55}},"type":"binary-expr","locations":[{"start":{"line":13,"column":6},"end":{"line":13,"column":30}},{"start":{"line":13,"column":34},"end":{"line":13,"column":55}}],"line":13},"7":{"loc":{"start":{"line":18,"column":2},"end":{"line":18,"column":60}},"type":"if","locations":[{"start":{"line":18,"column":2},"end":{"line":18,"column":60}},{"start":{},"end":{}}],"line":18},"8":{"loc":{"start":{"line":18,"column":6},"end":{"line":18,"column":45}},"type":"binary-expr","locations":[{"start":{"line":18,"column":6},"end":{"line":18,"column":25}},{"start":{"line":18,"column":29},"end":{"line":18,"column":45}}],"line":18},"9":{"loc":{"start":{"line":21,"column":4},"end":{"line":23,"column":5}},"type":"if","locations":[{"start":{"line":21,"column":4},"end":{"line":23,"column":5}},{"start":{},"end":{}}],"line":21},"10":{"loc":{"start":{"line":29,"column":2},"end":{"line":29,"column":60}},"type":"if","locations":[{"start":{"line":29,"column":2},"end":{"line":29,"column":60}},{"start":{},"end":{}}],"line":29},"11":{"loc":{"start":{"line":29,"column":6},"end":{"line":29,"column":45}},"type":"binary-expr","locations":[{"start":{"line":29,"column":6},"end":{"line":29,"column":25}},{"start":{"line":29,"column":29},"end":{"line":29,"column":45}}],"line":29},"12":{"loc":{"start":{"line":32,"column":4},"end":{"line":34,"column":5}},"type":"if","locations":[{"start":{"line":32,"column":4},"end":{"line":34,"column":5}},{"start":{},"end":{}}],"line":32},"13":{"loc":{"start":{"line":40,"column":2},"end":{"line":41,"column":17}},"type":"if","locations":[{"start":{"line":40,"column":2},"end":{"line":41,"column":17}},{"start":{},"end":{}}],"line":40},"14":{"loc":{"start":{"line":40,"column":6},"end":{"line":40,"column":94}},"type":"binary-expr","locations":[{"start":{"line":40,"column":6},"end":{"line":40,"column":33}},{"start":{"line":40,"column":37},"end":{"line":40,"column":61}},{"start":{"line":40,"column":65},"end":{"line":40,"column":94}}],"line":40},"15":{"loc":{"start":{"line":44,"column":4},"end":{"line":44,"column":40}},"type":"if","locations":[{"start":{"line":44,"column":4},"end":{"line":44,"column":40}},{"start":{},"end":{}}],"line":44},"16":{"loc":{"start":{"line":50,"column":2},"end":{"line":50,"column":76}},"type":"if","locations":[{"start":{"line":50,"column":2},"end":{"line":50,"column":76}},{"start":{},"end":{}}],"line":50},"17":{"loc":{"start":{"line":50,"column":6},"end":{"line":50,"column":61}},"type":"binary-expr","locations":[{"start":{"line":50,"column":6},"end":{"line":50,"column":33}},{"start":{"line":50,"column":37},"end":{"line":50,"column":61}}],"line":50},"18":{"loc":{"start":{"line":52,"column":4},"end":{"line":52,"column":87}},"type":"if","locations":[{"start":{"line":52,"column":4},"end":{"line":52,"column":87}},{"start":{},"end":{}}],"line":52},"19":{"loc":{"start":{"line":52,"column":8},"end":{"line":52,"column":73}},"type":"binary-expr","locations":[{"start":{"line":52,"column":8},"end":{"line":52,"column":44}},{"start":{"line":52,"column":48},"end":{"line":52,"column":73}}],"line":52},"20":{"loc":{"start":{"line":58,"column":2},"end":{"line":59,"column":17}},"type":"if","locations":[{"start":{"line":58,"column":2},"end":{"line":59,"column":17}},{"start":{},"end":{}}],"line":58},"21":{"loc":{"start":{"line":58,"column":6},"end":{"line":58,"column":90}},"type":"binary-expr","locations":[{"start":{"line":58,"column":6},"end":{"line":58,"column":33}},{"start":{"line":58,"column":37},"end":{"line":58,"column":61}},{"start":{"line":58,"column":65},"end":{"line":58,"column":90}}],"line":58},"22":{"loc":{"start":{"line":62,"column":4},"end":{"line":62,"column":74}},"type":"if","locations":[{"start":{"line":62,"column":4},"end":{"line":62,"column":74}},{"start":{},"end":{}}],"line":62},"23":{"loc":{"start":{"line":62,"column":8},"end":{"line":62,"column":60}},"type":"binary-expr","locations":[{"start":{"line":62,"column":8},"end":{"line":62,"column":35}},{"start":{"line":62,"column":39},"end":{"line":62,"column":60}}],"line":62},"24":{"loc":{"start":{"line":68,"column":2},"end":{"line":68,"column":72}},"type":"if","locations":[{"start":{"line":68,"column":2},"end":{"line":68,"column":72}},{"start":{},"end":{}}],"line":68},"25":{"loc":{"start":{"line":68,"column":6},"end":{"line":68,"column":57}},"type":"binary-expr","locations":[{"start":{"line":68,"column":6},"end":{"line":68,"column":32}},{"start":{"line":68,"column":36},"end":{"line":68,"column":57}}],"line":68},"26":{"loc":{"start":{"line":72,"column":4},"end":{"line":72,"column":40}},"type":"if","locations":[{"start":{"line":72,"column":4},"end":{"line":72,"column":40}},{"start":{},"end":{}}],"line":72},"27":{"loc":{"start":{"line":78,"column":2},"end":{"line":78,"column":72}},"type":"if","locations":[{"start":{"line":78,"column":2},"end":{"line":78,"column":72}},{"start":{},"end":{}}],"line":78},"28":{"loc":{"start":{"line":78,"column":6},"end":{"line":78,"column":57}},"type":"binary-expr","locations":[{"start":{"line":78,"column":6},"end":{"line":78,"column":32}},{"start":{"line":78,"column":36},"end":{"line":78,"column":57}}],"line":78},"29":{"loc":{"start":{"line":82,"column":4},"end":{"line":82,"column":40}},"type":"if","locations":[{"start":{"line":82,"column":4},"end":{"line":82,"column":40}},{"start":{},"end":{}}],"line":82},"30":{"loc":{"start":{"line":88,"column":2},"end":{"line":88,"column":74}},"type":"if","locations":[{"start":{"line":88,"column":2},"end":{"line":88,"column":74}},{"start":{},"end":{}}],"line":88},"31":{"loc":{"start":{"line":88,"column":6},"end":{"line":88,"column":59}},"type":"binary-expr","locations":[{"start":{"line":88,"column":6},"end":{"line":88,"column":32}},{"start":{"line":88,"column":36},"end":{"line":88,"column":59}}],"line":88},"32":{"loc":{"start":{"line":91,"column":4},"end":{"line":91,"column":60}},"type":"if","locations":[{"start":{"line":91,"column":4},"end":{"line":91,"column":60}},{"start":{},"end":{}}],"line":91},"33":{"loc":{"start":{"line":119,"column":2},"end":{"line":119,"column":74}},"type":"if","locations":[{"start":{"line":119,"column":2},"end":{"line":119,"column":74}},{"start":{},"end":{}}],"line":119},"34":{"loc":{"start":{"line":119,"column":6},"end":{"line":119,"column":59}},"type":"binary-expr","locations":[{"start":{"line":119,"column":6},"end":{"line":119,"column":32}},{"start":{"line":119,"column":36},"end":{"line":119,"column":59}}],"line":119}},"s":{"0":9,"1":6,"2":3,"3":15,"4":8,"5":5,"6":3,"7":9,"8":9,"9":5,"10":4,"11":7,"12":5,"13":2,"14":2,"15":2,"16":4,"17":1,"18":1,"19":8,"20":5,"21":3,"22":3,"23":3,"24":4,"25":2,"26":1,"27":7,"28":5,"29":2,"30":2,"31":4,"32":1,"33":2,"34":7,"35":5,"36":2,"37":5,"38":1,"39":1,"40":7,"41":5,"42":2,"43":5,"44":5,"45":1,"46":1,"47":10,"48":6,"49":4,"50":4,"51":4,"52":6,"53":6,"54":2,"55":2,"56":10,"57":6,"58":4,"59":4,"60":4,"61":5,"62":5,"63":2,"64":2,"65":10,"66":5,"67":5,"68":5,"69":11,"70":11,"71":1,"72":4,"73":5,"74":5,"75":5,"76":55,"77":5,"78":5,"79":10,"80":5,"81":5,"82":5,"83":14},"f":{"0":9,"1":15,"2":8,"3":9,"4":9,"5":7,"6":8,"7":7,"8":4,"9":7,"10":7,"11":10,"12":10,"13":10,"14":5,"15":10,"16":14},"b":{"0":[6,3],"1":[9,5,4],"2":[15,8],"3":[5,3],"4":[8,4],"5":[5,4],"6":[9,5],"7":[5,2],"8":[7,3],"9":[1,3],"10":[5,3],"11":[8,4],"12":[2,2],"13":[5,2],"14":[7,3,2],"15":[1,3],"16":[5,2],"17":[7,3],"18":[1,4],"19":[5,4],"20":[5,2],"21":[7,3,2],"22":[1,4],"23":[5,2],"24":[6,4],"25":[10,6],"26":[2,4],"27":[6,4],"28":[10,6],"29":[2,3],"30":[5,5],"31":[10,6],"32":[1,10],"33":[5,5],"34":[10,6]},"_coverageSchema":"1a1c01bbd47fc00a2c39e90264f33305004495a9","hash":"362ec29e69df3f05c3bf4eff99d1fb2717a8d611"}
,"F:\\code_github\\Exercises_JS\\src\\array-count.js": {"path":"F:\\code_github\\Exercises_JS\\src\\array-count.js","statementMap":{"0":{"start":{"line":3,"column":2},"end":{"line":3,"column":70}},"1":{"start":{"line":3,"column":61},"end":{"line":3,"column":70}},"2":{"start":{"line":4,"column":14},"end":{"line":4,"column":15}},"3":{"start":{"line":5,"column":2},"end":{"line":7,"column":5}},"4":{"start":{"line":6,"column":4},"end":{"line":6,"column":41}},"5":{"start":{"line":6,"column":30},"end":{"line":6,"column":41}},"6":{"start":{"line":8,"column":2},"end":{"line":8,"column":15}},"7":{"start":{"line":12,"column":2},"end":{"line":12,"column":70}},"8":{"start":{"line":12,"column":61},"end":{"line":12,"column":70}},"9":{"start":{"line":13,"column":14},"end":{"line":13,"column":15}},"10":{"start":{"line":14,"column":2},"end":{"line":16,"column":3}},"11":{"start":{"line":14,"column":15},"end":{"line":14,"column":16}},"12":{"start":{"line":15,"column":4},"end":{"line":15,"column":54}},"13":{"start":{"line":15,"column":43},"end":{"line":15,"column":54}},"14":{"start":{"line":17,"column":2},"end":{"line":17,"column":15}},"15":{"start":{"line":21,"column":2},"end":{"line":21,"column":66}},"16":{"start":{"line":21,"column":57},"end":{"line":21,"column":66}},"17":{"start":{"line":22,"column":14},"end":{"line":22,"column":15}},"18":{"start":{"line":23,"column":2},"end":{"line":25,"column":3}},"19":{"start":{"line":24,"column":4},"end":{"line":24,"column":37}},"20":{"start":{"line":24,"column":26},"end":{"line":24,"column":37}},"21":{"start":{"line":26,"column":2},"end":{"line":26,"column":15}},"22":{"start":{"line":30,"column":2},"end":{"line":30,"column":70}},"23":{"start":{"line":30,"column":61},"end":{"line":30,"column":70}},"24":{"start":{"line":31,"column":14},"end":{"line":31,"column":16}},"25":{"start":{"line":32,"column":2},"end":{"line":35,"column":3}},"26":{"start":{"line":32,"column":15},"end":{"line":32,"column":16}},"27":{"start":{"line":33,"column":19},"end":{"line":33,"column":32}},"28":{"start":{"line":34,"column":4},"end":{"line":34,"column":66}},"29":{"start":{"line":36,"column":2},"end":{"line":36,"column":33}},"30":{"start":{"line":40,"column":2},"end":{"line":40,"column":91}},"31":{"start":{"line":40,"column":82},"end":{"line":40,"column":91}},"32":{"start":{"line":41,"column":14},"end":{"line":41,"column":15}},"33":{"start":{"line":42,"column":2},"end":{"line":44,"column":3}},"34":{"start":{"line":43,"column":4},"end":{"line":43,"column":40}},"35":{"start":{"line":43,"column":29},"end":{"line":43,"column":40}},"36":{"start":{"line":45,"column":2},"end":{"line":45,"column":15}},"37":{"start":{"line":49,"column":24},"end":{"line":49,"column":47}},"38":{"start":{"line":50,"column":20},"end":{"line":50,"column":21}},"39":{"start":{"line":51,"column":2},"end":{"line":53,"column":3}},"40":{"start":{"line":52,"column":4},"end":{"line":52,"column":28}},"41":{"start":{"line":54,"column":18},"end":{"line":54,"column":45}},"42":{"start":{"line":55,"column":2},"end":{"line":55,"column":17}},"43":{"start":{"line":58,"column":2},"end":{"line":58,"column":72}},"44":{"start":{"line":58,"column":63},"end":{"line":58,"column":72}},"45":{"start":{"line":59,"column":14},"end":{"line":59,"column":15}},"46":{"start":{"line":60,"column":2},"end":{"line":62,"column":3}},"47":{"start":{"line":61,"column":4},"end":{"line":61,"column":58}},"48":{"start":{"line":61,"column":47},"end":{"line":61,"column":58}},"49":{"start":{"line":63,"column":2},"end":{"line":63,"column":15}}},"fnMap":{"0":{"name":"countPositiveEvenNumbers","decl":{"start":{"line":2,"column":16},"end":{"line":2,"column":40}},"loc":{"start":{"line":2,"column":53},"end":{"line":9,"column":1}},"line":2},"1":{"name":"(anonymous_1)","decl":{"start":{"line":5,"column":21},"end":{"line":5,"column":22}},"loc":{"start":{"line":5,"column":28},"end":{"line":7,"column":3}},"line":5},"2":{"name":"countNumbers","decl":{"start":{"line":11,"column":16},"end":{"line":11,"column":28}},"loc":{"start":{"line":11,"column":41},"end":{"line":18,"column":1}},"line":11},"3":{"name":"countWords","decl":{"start":{"line":20,"column":16},"end":{"line":20,"column":26}},"loc":{"start":{"line":20,"column":40},"end":{"line":27,"column":1}},"line":20},"4":{"name":"countUniqueNumbers","decl":{"start":{"line":29,"column":16},"end":{"line":29,"column":34}},"loc":{"start":{"line":29,"column":47},"end":{"line":37,"column":1}},"line":29},"5":{"name":"countNumbersNotInB","decl":{"start":{"line":39,"column":16},"end":{"line":39,"column":34}},"loc":{"start":{"line":39,"column":41},"end":{"line":46,"column":1}},"line":39},"6":{"name":"calcAvgMark","decl":{"start":{"line":48,"column":9},"end":{"line":48,"column":20}},"loc":{"start":{"line":48,"column":26},"end":{"line":56,"column":1}},"line":48},"7":{"name":"countStudents","decl":{"start":{"line":57,"column":16},"end":{"line":57,"column":29}},"loc":{"start":{"line":57,"column":52},"end":{"line":64,"column":1}},"line":57}},"branchMap":{"0":{"loc":{"start":{"line":3,"column":2},"end":{"line":3,"column":70}},"type":"if","locations":[{"start":{"line":3,"column":2},"end":{"line":3,"column":70}},{"start":{},"end":{}}],"line":3},"1":{"loc":{"start":{"line":3,"column":6},"end":{"line":3,"column":59}},"type":"binary-expr","locations":[{"start":{"line":3,"column":6},"end":{"line":3,"column":32}},{"start":{"line":3,"column":36},"end":{"line":3,"column":59}}],"line":3},"2":{"loc":{"start":{"line":6,"column":4},"end":{"line":6,"column":41}},"type":"if","locations":[{"start":{"line":6,"column":4},"end":{"line":6,"column":41}},{"start":{},"end":{}}],"line":6},"3":{"loc":{"start":{"line":6,"column":8},"end":{"line":6,"column":28}},"type":"binary-expr","locations":[{"start":{"line":6,"column":8},"end":{"line":6,"column":19}},{"start":{"line":6,"column":23},"end":{"line":6,"column":28}}],"line":6},"4":{"loc":{"start":{"line":12,"column":2},"end":{"line":12,"column":70}},"type":"if","locations":[{"start":{"line":12,"column":2},"end":{"line":12,"column":70}},{"start":{},"end":{}}],"line":12},"5":{"loc":{"start":{"line":12,"column":6},"end":{"line":12,"column":59}},"type":"binary-expr","locations":[{"start":{"line":12,"column":6},"end":{"line":12,"column":32}},{"start":{"line":12,"column":36},"end":{"line":12,"column":59}}],"line":12},"6":{"loc":{"start":{"line":15,"column":4},"end":{"line":15,"column":54}},"type":"if","locations":[{"start":{"line":15,"column":4},"end":{"line":15,"column":54}},{"start":{},"end":{}}],"line":15},"7":{"loc":{"start":{"line":21,"column":2},"end":{"line":21,"column":66}},"type":"if","locations":[{"start":{"line":21,"column":2},"end":{"line":21,"column":66}},{"start":{},"end":{}}],"line":21},"8":{"loc":{"start":{"line":21,"column":6},"end":{"line":21,"column":55}},"type":"binary-expr","locations":[{"start":{"line":21,"column":6},"end":{"line":21,"column":30}},{"start":{"line":21,"column":34},"end":{"line":21,"column":55}}],"line":21},"9":{"loc":{"start":{"line":24,"column":4},"end":{"line":24,"column":37}},"type":"if","locations":[{"start":{"line":24,"column":4},"end":{"line":24,"column":37}},{"start":{},"end":{}}],"line":24},"10":{"loc":{"start":{"line":30,"column":2},"end":{"line":30,"column":70}},"type":"if","locations":[{"start":{"line":30,"column":2},"end":{"line":30,"column":70}},{"start":{},"end":{}}],"line":30},"11":{"loc":{"start":{"line":30,"column":6},"end":{"line":30,"column":59}},"type":"binary-expr","locations":[{"start":{"line":30,"column":6},"end":{"line":30,"column":32}},{"start":{"line":30,"column":36},"end":{"line":30,"column":59}}],"line":30},"12":{"loc":{"start":{"line":34,"column":18},"end":{"line":34,"column":65}},"type":"cond-expr","locations":[{"start":{"line":34,"column":46},"end":{"line":34,"column":47}},{"start":{"line":34,"column":50},"end":{"line":34,"column":65}}],"line":34},"13":{"loc":{"start":{"line":40,"column":2},"end":{"line":40,"column":91}},"type":"if","locations":[{"start":{"line":40,"column":2},"end":{"line":40,"column":91}},{"start":{},"end":{}}],"line":40},"14":{"loc":{"start":{"line":40,"column":6},"end":{"line":40,"column":80}},"type":"binary-expr","locations":[{"start":{"line":40,"column":6},"end":{"line":40,"column":23}},{"start":{"line":40,"column":27},"end":{"line":40,"column":41}},{"start":{"line":40,"column":45},"end":{"line":40,"column":62}},{"start":{"line":40,"column":66},"end":{"line":40,"column":80}}],"line":40},"15":{"loc":{"start":{"line":43,"column":4},"end":{"line":43,"column":40}},"type":"if","locations":[{"start":{"line":43,"column":4},"end":{"line":43,"column":40}},{"start":{},"end":{}}],"line":43},"16":{"loc":{"start":{"line":58,"column":2},"end":{"line":58,"column":72}},"type":"if","locations":[{"start":{"line":58,"column":2},"end":{"line":58,"column":72}},{"start":{},"end":{}}],"line":58},"17":{"loc":{"start":{"line":58,"column":6},"end":{"line":58,"column":61}},"type":"binary-expr","locations":[{"start":{"line":58,"column":6},"end":{"line":58,"column":33}},{"start":{"line":58,"column":37},"end":{"line":58,"column":61}}],"line":58},"18":{"loc":{"start":{"line":61,"column":4},"end":{"line":61,"column":58}},"type":"if","locations":[{"start":{"line":61,"column":4},"end":{"line":61,"column":58}},{"start":{},"end":{}}],"line":61}},"s":{"0":7,"1":5,"2":2,"3":2,"4":7,"5":2,"6":2,"7":8,"8":5,"9":3,"10":3,"11":3,"12":15,"13":7,"14":3,"15":8,"16":5,"17":3,"18":3,"19":6,"20":3,"21":3,"22":8,"23":5,"24":3,"25":3,"26":3,"27":11,"28":11,"29":3,"30":8,"31":5,"32":3,"33":3,"34":9,"35":5,"36":3,"37":4,"38":4,"39":4,"40":6,"41":4,"42":4,"43":7,"44":5,"45":2,"46":2,"47":4,"48":3,"49":2},"f":{"0":7,"1":7,"2":8,"3":8,"4":8,"5":8,"6":4,"7":7},"b":{"0":[5,2],"1":[7,3],"2":[2,5],"3":[7,4],"4":[5,3],"5":[8,4],"6":[7,8],"7":[5,3],"8":[8,4],"9":[3,3],"10":[5,3],"11":[8,4],"12":[4,7],"13":[5,3],"14":[8,4,3,3],"15":[5,4],"16":[5,2],"17":[7,3],"18":[3,1]},"_coverageSchema":"1a1c01bbd47fc00a2c39e90264f33305004495a9","hash":"ea380368a6afb621e9325306ba0306343653eec9"}
,"F:\\code_github\\Exercises_JS\\src\\array-filter.js": {"path":"F:\\code_github\\Exercises_JS\\src\\array-filter.js","statementMap":{"0":{"start":{"line":3,"column":2},"end":{"line":3,"column":64}},"1":{"start":{"line":3,"column":54},"end":{"line":3,"column":64}},"2":{"start":{"line":4,"column":17},"end":{"line":4,"column":19}},"3":{"start":{"line":5,"column":2},"end":{"line":7,"column":3}},"4":{"start":{"line":5,"column":15},"end":{"line":5,"column":16}},"5":{"start":{"line":6,"column":4},"end":{"line":6,"column":19}},"6":{"start":{"line":8,"column":2},"end":{"line":8,"column":16}},"7":{"start":{"line":12,"column":2},"end":{"line":12,"column":69}},"8":{"start":{"line":12,"column":59},"end":{"line":12,"column":69}},"9":{"start":{"line":13,"column":17},"end":{"line":13,"column":19}},"10":{"start":{"line":14,"column":2},"end":{"line":18,"column":3}},"11":{"start":{"line":14,"column":15},"end":{"line":14,"column":16}},"12":{"start":{"line":15,"column":20},"end":{"line":15,"column":37}},"13":{"start":{"line":16,"column":19},"end":{"line":16,"column":32}},"14":{"start":{"line":17,"column":4},"end":{"line":17,"column":47}},"15":{"start":{"line":17,"column":26},"end":{"line":17,"column":47}},"16":{"start":{"line":19,"column":2},"end":{"line":19,"column":16}},"17":{"start":{"line":23,"column":2},"end":{"line":23,"column":62}},"18":{"start":{"line":23,"column":52},"end":{"line":23,"column":62}},"19":{"start":{"line":24,"column":17},"end":{"line":24,"column":23}},"20":{"start":{"line":25,"column":2},"end":{"line":28,"column":3}},"21":{"start":{"line":25,"column":15},"end":{"line":25,"column":16}},"22":{"start":{"line":26,"column":4},"end":{"line":27,"column":15}},"23":{"start":{"line":26,"column":39},"end":{"line":26,"column":81}},"24":{"start":{"line":27,"column":9},"end":{"line":27,"column":15}},"25":{"start":{"line":29,"column":2},"end":{"line":29,"column":16}},"26":{"start":{"line":33,"column":2},"end":{"line":35,"column":3}},"27":{"start":{"line":33,"column":15},"end":{"line":33,"column":16}},"28":{"start":{"line":34,"column":4},"end":{"line":34,"column":34}},"29":{"start":{"line":34,"column":21},"end":{"line":34,"column":34}},"30":{"start":{"line":36,"column":2},"end":{"line":36,"column":14}},"31":{"start":{"line":39,"column":2},"end":{"line":39,"column":62}},"32":{"start":{"line":39,"column":52},"end":{"line":39,"column":62}},"33":{"start":{"line":40,"column":17},"end":{"line":40,"column":19}},"34":{"start":{"line":41,"column":2},"end":{"line":43,"column":3}},"35":{"start":{"line":41,"column":15},"end":{"line":41,"column":16}},"36":{"start":{"line":42,"column":4},"end":{"line":42,"column":35}},"37":{"start":{"line":42,"column":20},"end":{"line":42,"column":35}},"38":{"start":{"line":44,"column":2},"end":{"line":44,"column":16}},"39":{"start":{"line":48,"column":2},"end":{"line":48,"column":71}},"40":{"start":{"line":48,"column":61},"end":{"line":48,"column":71}},"41":{"start":{"line":49,"column":2},"end":{"line":49,"column":65}},"42":{"start":{"line":49,"column":34},"end":{"line":49,"column":54}},"43":{"start":{"line":51,"column":0},"end":{"line":51,"column":52}},"44":{"start":{"line":54,"column":2},"end":{"line":54,"column":71}},"45":{"start":{"line":54,"column":61},"end":{"line":54,"column":71}},"46":{"start":{"line":60,"column":2},"end":{"line":63,"column":9}},"47":{"start":{"line":61,"column":4},"end":{"line":61,"column":60}},"48":{"start":{"line":61,"column":40},"end":{"line":61,"column":60}},"49":{"start":{"line":62,"column":4},"end":{"line":62,"column":18}},"50":{"start":{"line":67,"column":2},"end":{"line":67,"column":73}},"51":{"start":{"line":67,"column":63},"end":{"line":67,"column":73}},"52":{"start":{"line":68,"column":2},"end":{"line":68,"column":47}},"53":{"start":{"line":68,"column":35},"end":{"line":68,"column":45}},"54":{"start":{"line":72,"column":2},"end":{"line":72,"column":73}},"55":{"start":{"line":72,"column":63},"end":{"line":72,"column":73}},"56":{"start":{"line":73,"column":2},"end":{"line":73,"column":58}},"57":{"start":{"line":73,"column":35},"end":{"line":73,"column":56}},"58":{"start":{"line":77,"column":2},"end":{"line":77,"column":73}},"59":{"start":{"line":77,"column":63},"end":{"line":77,"column":73}},"60":{"start":{"line":78,"column":2},"end":{"line":78,"column":92}},"61":{"start":{"line":78,"column":35},"end":{"line":78,"column":90}}},"fnMap":{"0":{"name":"generateNumberInRange","decl":{"start":{"line":2,"column":16},"end":{"line":2,"column":37}},"loc":{"start":{"line":2,"column":44},"end":{"line":9,"column":1}},"line":2},"1":{"name":"findNumbers","decl":{"start":{"line":11,"column":16},"end":{"line":11,"column":27}},"loc":{"start":{"line":11,"column":40},"end":{"line":20,"column":1}},"line":11},"2":{"name":"generateFibonaci","decl":{"start":{"line":22,"column":16},"end":{"line":22,"column":32}},"loc":{"start":{"line":22,"column":36},"end":{"line":30,"column":1}},"line":22},"3":{"name":"isPrime","decl":{"start":{"line":32,"column":9},"end":{"line":32,"column":16}},"loc":{"start":{"line":32,"column":20},"end":{"line":37,"column":1}},"line":32},"4":{"name":"generatePrimeNumbers","decl":{"start":{"line":38,"column":16},"end":{"line":38,"column":36}},"loc":{"start":{"line":38,"column":40},"end":{"line":45,"column":1}},"line":38},"5":{"name":"findAllNumbers","decl":{"start":{"line":47,"column":16},"end":{"line":47,"column":30}},"loc":{"start":{"line":47,"column":43},"end":{"line":50,"column":1}},"line":47},"6":{"name":"(anonymous_6)","decl":{"start":{"line":49,"column":27},"end":{"line":49,"column":28}},"loc":{"start":{"line":49,"column":34},"end":{"line":49,"column":54}},"line":49},"7":{"name":"findAllNumbers2","decl":{"start":{"line":53,"column":16},"end":{"line":53,"column":31}},"loc":{"start":{"line":53,"column":44},"end":{"line":64,"column":1}},"line":53},"8":{"name":"(anonymous_8)","decl":{"start":{"line":60,"column":27},"end":{"line":60,"column":28}},"loc":{"start":{"line":60,"column":47},"end":{"line":63,"column":3}},"line":60},"9":{"name":"findAllStudents","decl":{"start":{"line":66,"column":16},"end":{"line":66,"column":31}},"loc":{"start":{"line":66,"column":45},"end":{"line":69,"column":1}},"line":66},"10":{"name":"(anonymous_10)","decl":{"start":{"line":68,"column":28},"end":{"line":68,"column":29}},"loc":{"start":{"line":68,"column":35},"end":{"line":68,"column":45}},"line":68},"11":{"name":"findAllProducts","decl":{"start":{"line":71,"column":16},"end":{"line":71,"column":31}},"loc":{"start":{"line":71,"column":45},"end":{"line":74,"column":1}},"line":71},"12":{"name":"(anonymous_12)","decl":{"start":{"line":73,"column":28},"end":{"line":73,"column":29}},"loc":{"start":{"line":73,"column":35},"end":{"line":73,"column":56}},"line":73},"13":{"name":"findAllIphones","decl":{"start":{"line":76,"column":16},"end":{"line":76,"column":30}},"loc":{"start":{"line":76,"column":44},"end":{"line":79,"column":1}},"line":76},"14":{"name":"(anonymous_14)","decl":{"start":{"line":78,"column":28},"end":{"line":78,"column":29}},"loc":{"start":{"line":78,"column":35},"end":{"line":78,"column":90}},"line":78}},"branchMap":{"0":{"loc":{"start":{"line":3,"column":2},"end":{"line":3,"column":64}},"type":"if","locations":[{"start":{"line":3,"column":2},"end":{"line":3,"column":64}},{"start":{},"end":{}}],"line":3},"1":{"loc":{"start":{"line":3,"column":6},"end":{"line":3,"column":52}},"type":"binary-expr","locations":[{"start":{"line":3,"column":6},"end":{"line":3,"column":27}},{"start":{"line":3,"column":31},"end":{"line":3,"column":52}}],"line":3},"2":{"loc":{"start":{"line":12,"column":2},"end":{"line":12,"column":69}},"type":"if","locations":[{"start":{"line":12,"column":2},"end":{"line":12,"column":69}},{"start":{},"end":{}}],"line":12},"3":{"loc":{"start":{"line":12,"column":6},"end":{"line":12,"column":57}},"type":"binary-expr","locations":[{"start":{"line":12,"column":6},"end":{"line":12,"column":32}},{"start":{"line":12,"column":36},"end":{"line":12,"column":57}}],"line":12},"4":{"loc":{"start":{"line":17,"column":4},"end":{"line":17,"column":47}},"type":"if","locations":[{"start":{"line":17,"column":4},"end":{"line":17,"column":47}},{"start":{},"end":{}}],"line":17},"5":{"loc":{"start":{"line":23,"column":2},"end":{"line":23,"column":62}},"type":"if","locations":[{"start":{"line":23,"column":2},"end":{"line":23,"column":62}},{"start":{},"end":{}}],"line":23},"6":{"loc":{"start":{"line":23,"column":6},"end":{"line":23,"column":50}},"type":"binary-expr","locations":[{"start":{"line":23,"column":6},"end":{"line":23,"column":27}},{"start":{"line":23,"column":31},"end":{"line":23,"column":37}},{"start":{"line":23,"column":41},"end":{"line":23,"column":50}}],"line":23},"7":{"loc":{"start":{"line":26,"column":4},"end":{"line":27,"column":15}},"type":"if","locations":[{"start":{"line":26,"column":4},"end":{"line":27,"column":15}},{"start":{"line":27,"column":9},"end":{"line":27,"column":15}}],"line":26},"8":{"loc":{"start":{"line":34,"column":4},"end":{"line":34,"column":34}},"type":"if","locations":[{"start":{"line":34,"column":4},"end":{"line":34,"column":34}},{"start":{},"end":{}}],"line":34},"9":{"loc":{"start":{"line":39,"column":2},"end":{"line":39,"column":62}},"type":"if","locations":[{"start":{"line":39,"column":2},"end":{"line":39,"column":62}},{"start":{},"end":{}}],"line":39},"10":{"loc":{"start":{"line":39,"column":6},"end":{"line":39,"column":50}},"type":"binary-expr","locations":[{"start":{"line":39,"column":6},"end":{"line":39,"column":27}},{"start":{"line":39,"column":31},"end":{"line":39,"column":37}},{"start":{"line":39,"column":41},"end":{"line":39,"column":50}}],"line":39},"11":{"loc":{"start":{"line":42,"column":4},"end":{"line":42,"column":35}},"type":"if","locations":[{"start":{"line":42,"column":4},"end":{"line":42,"column":35}},{"start":{},"end":{}}],"line":42},"12":{"loc":{"start":{"line":48,"column":2},"end":{"line":48,"column":71}},"type":"if","locations":[{"start":{"line":48,"column":2},"end":{"line":48,"column":71}},{"start":{},"end":{}}],"line":48},"13":{"loc":{"start":{"line":48,"column":6},"end":{"line":48,"column":59}},"type":"binary-expr","locations":[{"start":{"line":48,"column":6},"end":{"line":48,"column":32}},{"start":{"line":48,"column":36},"end":{"line":48,"column":59}}],"line":48},"14":{"loc":{"start":{"line":49,"column":34},"end":{"line":49,"column":54}},"type":"binary-expr","locations":[{"start":{"line":49,"column":34},"end":{"line":49,"column":45}},{"start":{"line":49,"column":49},"end":{"line":49,"column":54}}],"line":49},"15":{"loc":{"start":{"line":54,"column":2},"end":{"line":54,"column":71}},"type":"if","locations":[{"start":{"line":54,"column":2},"end":{"line":54,"column":71}},{"start":{},"end":{}}],"line":54},"16":{"loc":{"start":{"line":54,"column":6},"end":{"line":54,"column":59}},"type":"binary-expr","locations":[{"start":{"line":54,"column":6},"end":{"line":54,"column":32}},{"start":{"line":54,"column":36},"end":{"line":54,"column":59}}],"line":54},"17":{"loc":{"start":{"line":61,"column":4},"end":{"line":61,"column":60}},"type":"if","locations":[{"start":{"line":61,"column":4},"end":{"line":61,"column":60}},{"start":{},"end":{}}],"line":61},"18":{"loc":{"start":{"line":67,"column":2},"end":{"line":67,"column":73}},"type":"if","locations":[{"start":{"line":67,"column":2},"end":{"line":67,"column":73}},{"start":{},"end":{}}],"line":67},"19":{"loc":{"start":{"line":67,"column":6},"end":{"line":67,"column":61}},"type":"binary-expr","locations":[{"start":{"line":67,"column":6},"end":{"line":67,"column":33}},{"start":{"line":67,"column":37},"end":{"line":67,"column":61}}],"line":67},"20":{"loc":{"start":{"line":72,"column":2},"end":{"line":72,"column":73}},"type":"if","locations":[{"start":{"line":72,"column":2},"end":{"line":72,"column":73}},{"start":{},"end":{}}],"line":72},"21":{"loc":{"start":{"line":72,"column":6},"end":{"line":72,"column":61}},"type":"binary-expr","locations":[{"start":{"line":72,"column":6},"end":{"line":72,"column":33}},{"start":{"line":72,"column":37},"end":{"line":72,"column":61}}],"line":72},"22":{"loc":{"start":{"line":77,"column":2},"end":{"line":77,"column":73}},"type":"if","locations":[{"start":{"line":77,"column":2},"end":{"line":77,"column":73}},{"start":{},"end":{}}],"line":77},"23":{"loc":{"start":{"line":77,"column":6},"end":{"line":77,"column":61}},"type":"binary-expr","locations":[{"start":{"line":77,"column":6},"end":{"line":77,"column":33}},{"start":{"line":77,"column":37},"end":{"line":77,"column":61}}],"line":77},"24":{"loc":{"start":{"line":78,"column":35},"end":{"line":78,"column":90}},"type":"binary-expr","locations":[{"start":{"line":78,"column":35},"end":{"line":78,"column":74}},{"start":{"line":78,"column":78},"end":{"line":78,"column":90}}],"line":78}},"s":{"0":7,"1":4,"2":3,"3":3,"4":3,"5":8,"6":3,"7":9,"8":6,"9":3,"10":3,"11":3,"12":10,"13":10,"14":10,"15":6,"16":3,"17":8,"18":6,"19":2,"20":2,"21":2,"22":10,"23":8,"24":2,"25":2,"26":26,"27":26,"28":87,"29":14,"30":12,"31":8,"32":6,"33":2,"34":2,"35":2,"36":26,"37":12,"38":2,"39":9,"40":5,"41":4,"42":20,"43":1,"44":8,"45":5,"46":3,"47":9,"48":3,"49":9,"50":7,"51":5,"52":2,"53":6,"54":7,"55":5,"56":2,"57":6,"58":7,"59":5,"60":2,"61":6},"f":{"0":7,"1":9,"2":8,"3":26,"4":8,"5":9,"6":20,"7":8,"8":9,"9":7,"10":6,"11":7,"12":6,"13":7,"14":6},"b":{"0":[4,3],"1":[7,3],"2":[6,3],"3":[9,5],"4":[6,4],"5":[6,2],"6":[8,4,3],"7":[8,2],"8":[14,73],"9":[6,2],"10":[8,4,3],"11":[12,14],"12":[5,4],"13":[9,5],"14":[20,9],"15":[5,3],"16":[8,4],"17":[3,6],"18":[5,2],"19":[7,3],"20":[5,2],"21":[7,3],"22":[5,2],"23":[7,3],"24":[6,6]},"_coverageSchema":"1a1c01bbd47fc00a2c39e90264f33305004495a9","hash":"0d53e700737df148163980c8d3757aac20e2ed39"}
,"F:\\code_github\\Exercises_JS\\src\\array-find.js": {"path":"F:\\code_github\\Exercises_JS\\src\\array-find.js","statementMap":{"0":{"start":{"line":3,"column":2},"end":{"line":3,"column":78}},"1":{"start":{"line":3,"column":61},"end":{"line":3,"column":78}},"2":{"start":{"line":4,"column":2},"end":{"line":4,"column":62}},"3":{"start":{"line":4,"column":35},"end":{"line":4,"column":40}},"4":{"start":{"line":4,"column":54},"end":{"line":4,"column":60}},"5":{"start":{"line":8,"column":2},"end":{"line":8,"column":67}},"6":{"start":{"line":8,"column":57},"end":{"line":8,"column":67}},"7":{"start":{"line":9,"column":21},"end":{"line":9,"column":87}},"8":{"start":{"line":9,"column":47},"end":{"line":9,"column":86}},"9":{"start":{"line":10,"column":2},"end":{"line":12,"column":9}},"10":{"start":{"line":11,"column":4},"end":{"line":11,"column":79}},"11":{"start":{"line":17,"column":2},"end":{"line":17,"column":78}},"12":{"start":{"line":17,"column":61},"end":{"line":17,"column":78}},"13":{"start":{"line":18,"column":2},"end":{"line":18,"column":55}},"14":{"start":{"line":18,"column":32},"end":{"line":18,"column":53}},"15":{"start":{"line":22,"column":2},"end":{"line":22,"column":78}},"16":{"start":{"line":22,"column":61},"end":{"line":22,"column":78}},"17":{"start":{"line":23,"column":2},"end":{"line":23,"column":65}},"18":{"start":{"line":23,"column":42},"end":{"line":23,"column":63}},"19":{"start":{"line":28,"column":2},"end":{"line":28,"column":77}},"20":{"start":{"line":28,"column":60},"end":{"line":28,"column":77}},"21":{"start":{"line":29,"column":2},"end":{"line":29,"column":45}},"22":{"start":{"line":29,"column":35},"end":{"line":29,"column":40}},"23":{"start":{"line":33,"column":2},"end":{"line":33,"column":78}},"24":{"start":{"line":33,"column":61},"end":{"line":33,"column":78}},"25":{"start":{"line":35,"column":2},"end":{"line":35,"column":77}},"26":{"start":{"line":35,"column":42},"end":{"line":35,"column":75}},"27":{"start":{"line":39,"column":17},"end":{"line":39,"column":44}},"28":{"start":{"line":40,"column":19},"end":{"line":40,"column":62}},"29":{"start":{"line":41,"column":12},"end":{"line":41,"column":42}},"30":{"start":{"line":42,"column":12},"end":{"line":42,"column":61}},"31":{"start":{"line":43,"column":2},"end":{"line":43,"column":84}},"32":{"start":{"line":43,"column":71},"end":{"line":43,"column":84}},"33":{"start":{"line":44,"column":2},"end":{"line":44,"column":14}},"34":{"start":{"line":47,"column":2},"end":{"line":47,"column":72}},"35":{"start":{"line":47,"column":55},"end":{"line":47,"column":72}},"36":{"start":{"line":48,"column":2},"end":{"line":48,"column":46}},"37":{"start":{"line":48,"column":29},"end":{"line":48,"column":44}},"38":{"start":{"line":52,"column":17},"end":{"line":52,"column":48}},"39":{"start":{"line":53,"column":19},"end":{"line":53,"column":62}},"40":{"start":{"line":54,"column":19},"end":{"line":54,"column":49}},"41":{"start":{"line":55,"column":21},"end":{"line":55,"column":70}},"42":{"start":{"line":56,"column":21},"end":{"line":56,"column":70}},"43":{"start":{"line":57,"column":2},"end":{"line":57,"column":70}},"44":{"start":{"line":57,"column":57},"end":{"line":57,"column":70}},"45":{"start":{"line":58,"column":2},"end":{"line":58,"column":14}},"46":{"start":{"line":61,"column":2},"end":{"line":61,"column":72}},"47":{"start":{"line":61,"column":55},"end":{"line":61,"column":72}},"48":{"start":{"line":67,"column":2},"end":{"line":67,"column":54}},"49":{"start":{"line":67,"column":39},"end":{"line":67,"column":52}},"50":{"start":{"line":71,"column":2},"end":{"line":71,"column":73}},"51":{"start":{"line":71,"column":63},"end":{"line":71,"column":73}},"52":{"start":{"line":72,"column":2},"end":{"line":72,"column":58}},"53":{"start":{"line":72,"column":38},"end":{"line":72,"column":56}},"54":{"start":{"line":76,"column":2},"end":{"line":76,"column":73}},"55":{"start":{"line":76,"column":63},"end":{"line":76,"column":73}},"56":{"start":{"line":77,"column":2},"end":{"line":77,"column":55}},"57":{"start":{"line":77,"column":38},"end":{"line":77,"column":53}},"58":{"start":{"line":81,"column":2},"end":{"line":81,"column":73}},"59":{"start":{"line":81,"column":63},"end":{"line":81,"column":73}},"60":{"start":{"line":82,"column":21},"end":{"line":82,"column":66}},"61":{"start":{"line":82,"column":53},"end":{"line":82,"column":65}},"62":{"start":{"line":83,"column":2},"end":{"line":85,"column":4}},"63":{"start":{"line":84,"column":27},"end":{"line":84,"column":84}},"64":{"start":{"line":89,"column":2},"end":{"line":89,"column":73}},"65":{"start":{"line":89,"column":63},"end":{"line":89,"column":73}},"66":{"start":{"line":90,"column":2},"end":{"line":92,"column":4}},"67":{"start":{"line":91,"column":4},"end":{"line":91,"column":91}},"68":{"start":{"line":96,"column":2},"end":{"line":96,"column":73}},"69":{"start":{"line":96,"column":63},"end":{"line":96,"column":73}},"70":{"start":{"line":97,"column":2},"end":{"line":102,"column":7}},"71":{"start":{"line":99,"column":6},"end":{"line":101,"column":76}},"72":{"start":{"line":106,"column":2},"end":{"line":106,"column":73}},"73":{"start":{"line":106,"column":63},"end":{"line":106,"column":73}},"74":{"start":{"line":107,"column":2},"end":{"line":107,"column":56}},"75":{"start":{"line":107,"column":33},"end":{"line":107,"column":54}},"76":{"start":{"line":111,"column":2},"end":{"line":111,"column":73}},"77":{"start":{"line":111,"column":63},"end":{"line":111,"column":73}},"78":{"start":{"line":112,"column":2},"end":{"line":112,"column":74}},"79":{"start":{"line":112,"column":33},"end":{"line":112,"column":72}}},"fnMap":{"0":{"name":"findMinPositive","decl":{"start":{"line":2,"column":16},"end":{"line":2,"column":31}},"loc":{"start":{"line":2,"column":44},"end":{"line":5,"column":1}},"line":2},"1":{"name":"(anonymous_1)","decl":{"start":{"line":4,"column":25},"end":{"line":4,"column":26}},"loc":{"start":{"line":4,"column":35},"end":{"line":4,"column":40}},"line":4},"2":{"name":"(anonymous_2)","decl":{"start":{"line":4,"column":47},"end":{"line":4,"column":48}},"loc":{"start":{"line":4,"column":54},"end":{"line":4,"column":60}},"line":4},"3":{"name":"findLongestWord","decl":{"start":{"line":7,"column":16},"end":{"line":7,"column":31}},"loc":{"start":{"line":7,"column":42},"end":{"line":13,"column":1}},"line":7},"4":{"name":"(anonymous_4)","decl":{"start":{"line":9,"column":37},"end":{"line":9,"column":38}},"loc":{"start":{"line":9,"column":47},"end":{"line":9,"column":86}},"line":9},"5":{"name":"(anonymous_5)","decl":{"start":{"line":10,"column":27},"end":{"line":10,"column":28}},"loc":{"start":{"line":10,"column":57},"end":{"line":12,"column":3}},"line":10},"6":{"name":"findFirstPositiveEven","decl":{"start":{"line":16,"column":16},"end":{"line":16,"column":37}},"loc":{"start":{"line":16,"column":50},"end":{"line":19,"column":1}},"line":16},"7":{"name":"(anonymous_7)","decl":{"start":{"line":18,"column":25},"end":{"line":18,"column":26}},"loc":{"start":{"line":18,"column":32},"end":{"line":18,"column":53}},"line":18},"8":{"name":"findLastNegativeOdd","decl":{"start":{"line":21,"column":16},"end":{"line":21,"column":35}},"loc":{"start":{"line":21,"column":48},"end":{"line":24,"column":1}},"line":21},"9":{"name":"(anonymous_9)","decl":{"start":{"line":23,"column":35},"end":{"line":23,"column":36}},"loc":{"start":{"line":23,"column":42},"end":{"line":23,"column":63}},"line":23},"10":{"name":"findSecondLargestNumber","decl":{"start":{"line":27,"column":16},"end":{"line":27,"column":39}},"loc":{"start":{"line":27,"column":52},"end":{"line":30,"column":1}},"line":27},"11":{"name":"(anonymous_11)","decl":{"start":{"line":29,"column":25},"end":{"line":29,"column":26}},"loc":{"start":{"line":29,"column":35},"end":{"line":29,"column":40}},"line":29},"12":{"name":"findLastPerfectSquare","decl":{"start":{"line":32,"column":16},"end":{"line":32,"column":37}},"loc":{"start":{"line":32,"column":50},"end":{"line":36,"column":1}},"line":32},"13":{"name":"(anonymous_13)","decl":{"start":{"line":35,"column":35},"end":{"line":35,"column":36}},"loc":{"start":{"line":35,"column":42},"end":{"line":35,"column":75}},"line":35},"14":{"name":"isValidEmail","decl":{"start":{"line":38,"column":9},"end":{"line":38,"column":21}},"loc":{"start":{"line":38,"column":27},"end":{"line":45,"column":1}},"line":38},"15":{"name":"findFirstEmail","decl":{"start":{"line":46,"column":16},"end":{"line":46,"column":30}},"loc":{"start":{"line":46,"column":40},"end":{"line":49,"column":1}},"line":46},"16":{"name":"(anonymous_16)","decl":{"start":{"line":48,"column":22},"end":{"line":48,"column":23}},"loc":{"start":{"line":48,"column":29},"end":{"line":48,"column":44}},"line":48},"17":{"name":"isValidUrl","decl":{"start":{"line":51,"column":9},"end":{"line":51,"column":19}},"loc":{"start":{"line":51,"column":25},"end":{"line":59,"column":1}},"line":51},"18":{"name":"findLastUrl","decl":{"start":{"line":60,"column":16},"end":{"line":60,"column":27}},"loc":{"start":{"line":60,"column":37},"end":{"line":68,"column":1}},"line":60},"19":{"name":"(anonymous_19)","decl":{"start":{"line":67,"column":32},"end":{"line":67,"column":33}},"loc":{"start":{"line":67,"column":39},"end":{"line":67,"column":52}},"line":67},"20":{"name":"findStudentById","decl":{"start":{"line":70,"column":16},"end":{"line":70,"column":31}},"loc":{"start":{"line":70,"column":56},"end":{"line":73,"column":1}},"line":70},"21":{"name":"(anonymous_21)","decl":{"start":{"line":72,"column":31},"end":{"line":72,"column":32}},"loc":{"start":{"line":72,"column":38},"end":{"line":72,"column":56}},"line":72},"22":{"name":"findProductByCode","decl":{"start":{"line":75,"column":16},"end":{"line":75,"column":33}},"loc":{"start":{"line":75,"column":53},"end":{"line":78,"column":1}},"line":75},"23":{"name":"(anonymous_23)","decl":{"start":{"line":77,"column":31},"end":{"line":77,"column":32}},"loc":{"start":{"line":77,"column":38},"end":{"line":77,"column":53}},"line":77},"24":{"name":"findStudentHavingHighestMark","decl":{"start":{"line":80,"column":16},"end":{"line":80,"column":44}},"loc":{"start":{"line":80,"column":58},"end":{"line":86,"column":1}},"line":80},"25":{"name":"(anonymous_25)","decl":{"start":{"line":82,"column":40},"end":{"line":82,"column":41}},"loc":{"start":{"line":82,"column":53},"end":{"line":82,"column":65}},"line":82},"26":{"name":"(anonymous_26)","decl":{"start":{"line":84,"column":4},"end":{"line":84,"column":5}},"loc":{"start":{"line":84,"column":27},"end":{"line":84,"column":84}},"line":84},"27":{"name":"findLastStudentHavingMinAvg","decl":{"start":{"line":88,"column":16},"end":{"line":88,"column":43}},"loc":{"start":{"line":88,"column":57},"end":{"line":93,"column":1}},"line":88},"28":{"name":"(anonymous_28)","decl":{"start":{"line":90,"column":28},"end":{"line":90,"column":29}},"loc":{"start":{"line":91,"column":4},"end":{"line":91,"column":91}},"line":91},"29":{"name":"findStudent","decl":{"start":{"line":95,"column":16},"end":{"line":95,"column":27}},"loc":{"start":{"line":95,"column":41},"end":{"line":103,"column":1}},"line":95},"30":{"name":"(anonymous_30)","decl":{"start":{"line":98,"column":4},"end":{"line":98,"column":5}},"loc":{"start":{"line":99,"column":6},"end":{"line":101,"column":76}},"line":99},"31":{"name":"findProductHavingFreeShip","decl":{"start":{"line":105,"column":16},"end":{"line":105,"column":41}},"loc":{"start":{"line":105,"column":55},"end":{"line":108,"column":1}},"line":105},"32":{"name":"(anonymous_32)","decl":{"start":{"line":107,"column":26},"end":{"line":107,"column":27}},"loc":{"start":{"line":107,"column":33},"end":{"line":107,"column":54}},"line":107},"33":{"name":"findFirstIPhone","decl":{"start":{"line":110,"column":16},"end":{"line":110,"column":31}},"loc":{"start":{"line":110,"column":45},"end":{"line":113,"column":1}},"line":110},"34":{"name":"(anonymous_34)","decl":{"start":{"line":112,"column":26},"end":{"line":112,"column":27}},"loc":{"start":{"line":112,"column":33},"end":{"line":112,"column":72}},"line":112}},"branchMap":{"0":{"loc":{"start":{"line":3,"column":2},"end":{"line":3,"column":78}},"type":"if","locations":[{"start":{"line":3,"column":2},"end":{"line":3,"column":78}},{"start":{},"end":{}}],"line":3},"1":{"loc":{"start":{"line":3,"column":6},"end":{"line":3,"column":59}},"type":"binary-expr","locations":[{"start":{"line":3,"column":6},"end":{"line":3,"column":32}},{"start":{"line":3,"column":36},"end":{"line":3,"column":59}}],"line":3},"2":{"loc":{"start":{"line":8,"column":2},"end":{"line":8,"column":67}},"type":"if","locations":[{"start":{"line":8,"column":2},"end":{"line":8,"column":67}},{"start":{},"end":{}}],"line":8},"3":{"loc":{"start":{"line":8,"column":6},"end":{"line":8,"column":55}},"type":"binary-expr","locations":[{"start":{"line":8,"column":6},"end":{"line":8,"column":30}},{"start":{"line":8,"column":34},"end":{"line":8,"column":55}}],"line":8},"4":{"loc":{"start":{"line":9,"column":47},"end":{"line":9,"column":86}},"type":"binary-expr","locations":[{"start":{"line":9,"column":47},"end":{"line":9,"column":63}},{"start":{"line":9,"column":67},"end":{"line":9,"column":86}}],"line":9},"5":{"loc":{"start":{"line":11,"column":11},"end":{"line":11,"column":78}},"type":"cond-expr","locations":[{"start":{"line":11,"column":53},"end":{"line":11,"column":64}},{"start":{"line":11,"column":67},"end":{"line":11,"column":78}}],"line":11},"6":{"loc":{"start":{"line":17,"column":2},"end":{"line":17,"column":78}},"type":"if","locations":[{"start":{"line":17,"column":2},"end":{"line":17,"column":78}},{"start":{},"end":{}}],"line":17},"7":{"loc":{"start":{"line":17,"column":6},"end":{"line":17,"column":59}},"type":"binary-expr","locations":[{"start":{"line":17,"column":6},"end":{"line":17,"column":32}},{"start":{"line":17,"column":36},"end":{"line":17,"column":59}}],"line":17},"8":{"loc":{"start":{"line":18,"column":32},"end":{"line":18,"column":53}},"type":"binary-expr","locations":[{"start":{"line":18,"column":32},"end":{"line":18,"column":43}},{"start":{"line":18,"column":47},"end":{"line":18,"column":53}}],"line":18},"9":{"loc":{"start":{"line":22,"column":2},"end":{"line":22,"column":78}},"type":"if","locations":[{"start":{"line":22,"column":2},"end":{"line":22,"column":78}},{"start":{},"end":{}}],"line":22},"10":{"loc":{"start":{"line":22,"column":6},"end":{"line":22,"column":59}},"type":"binary-expr","locations":[{"start":{"line":22,"column":6},"end":{"line":22,"column":32}},{"start":{"line":22,"column":36},"end":{"line":22,"column":59}}],"line":22},"11":{"loc":{"start":{"line":23,"column":42},"end":{"line":23,"column":63}},"type":"binary-expr","locations":[{"start":{"line":23,"column":42},"end":{"line":23,"column":47}},{"start":{"line":23,"column":51},"end":{"line":23,"column":63}}],"line":23},"12":{"loc":{"start":{"line":28,"column":2},"end":{"line":28,"column":77}},"type":"if","locations":[{"start":{"line":28,"column":2},"end":{"line":28,"column":77}},{"start":{},"end":{}}],"line":28},"13":{"loc":{"start":{"line":28,"column":6},"end":{"line":28,"column":58}},"type":"binary-expr","locations":[{"start":{"line":28,"column":6},"end":{"line":28,"column":32}},{"start":{"line":28,"column":36},"end":{"line":28,"column":58}}],"line":28},"14":{"loc":{"start":{"line":33,"column":2},"end":{"line":33,"column":78}},"type":"if","locations":[{"start":{"line":33,"column":2},"end":{"line":33,"column":78}},{"start":{},"end":{}}],"line":33},"15":{"loc":{"start":{"line":33,"column":6},"end":{"line":33,"column":59}},"type":"binary-expr","locations":[{"start":{"line":33,"column":6},"end":{"line":33,"column":32}},{"start":{"line":33,"column":36},"end":{"line":33,"column":59}}],"line":33},"16":{"loc":{"start":{"line":43,"column":2},"end":{"line":43,"column":84}},"type":"if","locations":[{"start":{"line":43,"column":2},"end":{"line":43,"column":84}},{"start":{},"end":{}}],"line":43},"17":{"loc":{"start":{"line":43,"column":6},"end":{"line":43,"column":69}},"type":"binary-expr","locations":[{"start":{"line":43,"column":6},"end":{"line":43,"column":24}},{"start":{"line":43,"column":28},"end":{"line":43,"column":37}},{"start":{"line":43,"column":41},"end":{"line":43,"column":53}},{"start":{"line":43,"column":57},"end":{"line":43,"column":69}}],"line":43},"18":{"loc":{"start":{"line":47,"column":2},"end":{"line":47,"column":72}},"type":"if","locations":[{"start":{"line":47,"column":2},"end":{"line":47,"column":72}},{"start":{},"end":{}}],"line":47},"19":{"loc":{"start":{"line":47,"column":6},"end":{"line":47,"column":53}},"type":"binary-expr","locations":[{"start":{"line":47,"column":6},"end":{"line":47,"column":29}},{"start":{"line":47,"column":33},"end":{"line":47,"column":53}}],"line":47},"20":{"loc":{"start":{"line":57,"column":2},"end":{"line":57,"column":70}},"type":"if","locations":[{"start":{"line":57,"column":2},"end":{"line":57,"column":70}},{"start":{},"end":{}}],"line":57},"21":{"loc":{"start":{"line":57,"column":6},"end":{"line":57,"column":55}},"type":"binary-expr","locations":[{"start":{"line":57,"column":6},"end":{"line":57,"column":15}},{"start":{"line":57,"column":19},"end":{"line":57,"column":30}},{"start":{"line":57,"column":34},"end":{"line":57,"column":55}}],"line":57},"22":{"loc":{"start":{"line":61,"column":2},"end":{"line":61,"column":72}},"type":"if","locations":[{"start":{"line":61,"column":2},"end":{"line":61,"column":72}},{"start":{},"end":{}}],"line":61},"23":{"loc":{"start":{"line":61,"column":6},"end":{"line":61,"column":53}},"type":"binary-expr","locations":[{"start":{"line":61,"column":6},"end":{"line":61,"column":29}},{"start":{"line":61,"column":33},"end":{"line":61,"column":53}}],"line":61},"24":{"loc":{"start":{"line":71,"column":2},"end":{"line":71,"column":73}},"type":"if","locations":[{"start":{"line":71,"column":2},"end":{"line":71,"column":73}},{"start":{},"end":{}}],"line":71},"25":{"loc":{"start":{"line":71,"column":6},"end":{"line":71,"column":61}},"type":"binary-expr","locations":[{"start":{"line":71,"column":6},"end":{"line":71,"column":33}},{"start":{"line":71,"column":37},"end":{"line":71,"column":61}}],"line":71},"26":{"loc":{"start":{"line":76,"column":2},"end":{"line":76,"column":73}},"type":"if","locations":[{"start":{"line":76,"column":2},"end":{"line":76,"column":73}},{"start":{},"end":{}}],"line":76},"27":{"loc":{"start":{"line":76,"column":6},"end":{"line":76,"column":61}},"type":"binary-expr","locations":[{"start":{"line":76,"column":6},"end":{"line":76,"column":33}},{"start":{"line":76,"column":37},"end":{"line":76,"column":61}}],"line":76},"28":{"loc":{"start":{"line":81,"column":2},"end":{"line":81,"column":73}},"type":"if","locations":[{"start":{"line":81,"column":2},"end":{"line":81,"column":73}},{"start":{},"end":{}}],"line":81},"29":{"loc":{"start":{"line":81,"column":6},"end":{"line":81,"column":61}},"type":"binary-expr","locations":[{"start":{"line":81,"column":6},"end":{"line":81,"column":33}},{"start":{"line":81,"column":37},"end":{"line":81,"column":61}}],"line":81},"30":{"loc":{"start":{"line":84,"column":37},"end":{"line":84,"column":84}},"type":"cond-expr","locations":[{"start":{"line":84,"column":67},"end":{"line":84,"column":74}},{"start":{"line":84,"column":77},"end":{"line":84,"column":84}}],"line":84},"31":{"loc":{"start":{"line":89,"column":2},"end":{"line":89,"column":73}},"type":"if","locations":[{"start":{"line":89,"column":2},"end":{"line":89,"column":73}},{"start":{},"end":{}}],"line":89},"32":{"loc":{"start":{"line":89,"column":6},"end":{"line":89,"column":61}},"type":"binary-expr","locations":[{"start":{"line":89,"column":6},"end":{"line":89,"column":33}},{"start":{"line":89,"column":37},"end":{"line":89,"column":61}}],"line":89},"33":{"loc":{"start":{"line":91,"column":4},"end":{"line":91,"column":91}},"type":"cond-expr","locations":[{"start":{"line":91,"column":77},"end":{"line":91,"column":81}},{"start":{"line":91,"column":84},"end":{"line":91,"column":91}}],"line":91},"34":{"loc":{"start":{"line":96,"column":2},"end":{"line":96,"column":73}},"type":"if","locations":[{"start":{"line":96,"column":2},"end":{"line":96,"column":73}},{"start":{},"end":{}}],"line":96},"35":{"loc":{"start":{"line":96,"column":6},"end":{"line":96,"column":61}},"type":"binary-expr","locations":[{"start":{"line":96,"column":6},"end":{"line":96,"column":33}},{"start":{"line":96,"column":37},"end":{"line":96,"column":61}}],"line":96},"36":{"loc":{"start":{"line":99,"column":6},"end":{"line":101,"column":76}},"type":"binary-expr","locations":[{"start":{"line":99,"column":7},"end":{"line":99,"column":24}},{"start":{"line":99,"column":28},"end":{"line":99,"column":48}},{"start":{"line":99,"column":52},"end":{"line":99,"column":75}},{"start":{"line":100,"column":7},"end":{"line":100,"column":24}},{"start":{"line":100,"column":28},"end":{"line":100,"column":47}},{"start":{"line":100,"column":51},"end":{"line":100,"column":75}},{"start":{"line":101,"column":7},"end":{"line":101,"column":23}},{"start":{"line":101,"column":27},"end":{"line":101,"column":47}},{"start":{"line":101,"column":51},"end":{"line":101,"column":75}}],"line":99},"37":{"loc":{"start":{"line":106,"column":2},"end":{"line":106,"column":73}},"type":"if","locations":[{"start":{"line":106,"column":2},"end":{"line":106,"column":73}},{"start":{},"end":{}}],"line":106},"38":{"loc":{"start":{"line":106,"column":6},"end":{"line":106,"column":61}},"type":"binary-expr","locations":[{"start":{"line":106,"column":6},"end":{"line":106,"column":33}},{"start":{"line":106,"column":37},"end":{"line":106,"column":61}}],"line":106},"39":{"loc":{"start":{"line":111,"column":2},"end":{"line":111,"column":73}},"type":"if","locations":[{"start":{"line":111,"column":2},"end":{"line":111,"column":73}},{"start":{},"end":{}}],"line":111},"40":{"loc":{"start":{"line":111,"column":6},"end":{"line":111,"column":61}},"type":"binary-expr","locations":[{"start":{"line":111,"column":6},"end":{"line":111,"column":33}},{"start":{"line":111,"column":37},"end":{"line":111,"column":61}}],"line":111}},"s":{"0":9,"1":5,"2":4,"3":18,"4":10,"5":10,"6":5,"7":5,"8":11,"9":5,"10":8,"11":9,"12":5,"13":4,"14":10,"15":9,"16":5,"17":4,"18":9,"19":8,"20":6,"21":2,"22":4,"23":8,"24":5,"25":3,"26":6,"27":4,"28":4,"29":4,"30":4,"31":4,"32":2,"33":2,"34":8,"35":5,"36":3,"37":4,"38":2,"39":2,"40":2,"41":2,"42":2,"43":2,"44":1,"45":1,"46":7,"47":5,"48":2,"49":2,"50":7,"51":5,"52":2,"53":3,"54":7,"55":5,"56":2,"57":3,"58":6,"59":5,"60":1,"61":3,"62":1,"63":2,"64":6,"65":5,"66":1,"67":2,"68":6,"69":5,"70":1,"71":4,"72":6,"73":5,"74":1,"75":2,"76":6,"77":5,"78":1,"79":2},"f":{"0":9,"1":18,"2":10,"3":10,"4":11,"5":8,"6":9,"7":10,"8":9,"9":9,"10":8,"11":4,"12":8,"13":6,"14":4,"15":8,"16":4,"17":2,"18":7,"19":2,"20":7,"21":3,"22":7,"23":3,"24":6,"25":3,"26":2,"27":6,"28":2,"29":6,"30":4,"31":6,"32":2,"33":6,"34":2},"b":{"0":[5,4],"1":[9,5],"2":[5,5],"3":[10,6],"4":[11,8],"5":[5,3],"6":[5,4],"7":[9,5],"8":[10,4],"9":[5,4],"10":[9,5],"11":[9,3],"12":[6,2],"13":[8,4],"14":[5,3],"15":[8,4],"16":[2,2],"17":[4,4,2,2],"18":[5,3],"19":[8,4],"20":[1,1],"21":[2,2,1],"22":[5,2],"23":[7,3],"24":[5,2],"25":[7,3],"26":[5,2],"27":[7,3],"28":[5,1],"29":[6,2],"30":[1,1],"31":[5,1],"32":[6,2],"33":[1,1],"34":[5,1],"35":[6,2],"36":[4,1,1,4,1,0,4,3,2],"37":[5,1],"38":[6,2],"39":[5,1],"40":[6,2]},"_coverageSchema":"1a1c01bbd47fc00a2c39e90264f33305004495a9","hash":"13b90bbd29355adc7c158f330f3f58c70f1601e6"}
,"F:\\code_github\\Exercises_JS\\src\\array-logic.js": {"path":"F:\\code_github\\Exercises_JS\\src\\array-logic.js","statementMap":{"0":{"start":{"line":3,"column":2},"end":{"line":3,"column":71}},"1":{"start":{"line":3,"column":61},"end":{"line":3,"column":71}},"2":{"start":{"line":4,"column":17},"end":{"line":4,"column":19}},"3":{"start":{"line":5,"column":2},"end":{"line":9,"column":3}},"4":{"start":{"line":5,"column":15},"end":{"line":5,"column":16}},"5":{"start":{"line":6,"column":4},"end":{"line":8,"column":5}},"6":{"start":{"line":6,"column":17},"end":{"line":6,"column":18}},"7":{"start":{"line":7,"column":6},"end":{"line":7,"column":96}},"8":{"start":{"line":7,"column":54},"end":{"line":7,"column":96}},"9":{"start":{"line":10,"column":2},"end":{"line":10,"column":23}},"10":{"start":{"line":14,"column":2},"end":{"line":14,"column":70}},"11":{"start":{"line":14,"column":61},"end":{"line":14,"column":70}},"12":{"start":{"line":15,"column":14},"end":{"line":15,"column":16}},"13":{"start":{"line":16,"column":2},"end":{"line":18,"column":3}},"14":{"start":{"line":16,"column":15},"end":{"line":16,"column":16}},"15":{"start":{"line":17,"column":4},"end":{"line":17,"column":16}},"16":{"start":{"line":19,"column":15},"end":{"line":19,"column":16}},"17":{"start":{"line":20,"column":2},"end":{"line":22,"column":5}},"18":{"start":{"line":21,"column":4},"end":{"line":21,"column":44}},"19":{"start":{"line":21,"column":33},"end":{"line":21,"column":44}},"20":{"start":{"line":23,"column":2},"end":{"line":23,"column":16}},"21":{"start":{"line":27,"column":2},"end":{"line":27,"column":71}},"22":{"start":{"line":27,"column":61},"end":{"line":27,"column":71}},"23":{"start":{"line":28,"column":2},"end":{"line":31,"column":9}},"24":{"start":{"line":29,"column":4},"end":{"line":29,"column":66}},"25":{"start":{"line":30,"column":4},"end":{"line":30,"column":15}},"26":{"start":{"line":35,"column":2},"end":{"line":35,"column":70}},"27":{"start":{"line":35,"column":61},"end":{"line":35,"column":70}},"28":{"start":{"line":45,"column":14},"end":{"line":45,"column":16}},"29":{"start":{"line":46,"column":15},"end":{"line":46,"column":24}},"30":{"start":{"line":47,"column":2},"end":{"line":51,"column":3}},"31":{"start":{"line":47,"column":15},"end":{"line":47,"column":16}},"32":{"start":{"line":48,"column":19},"end":{"line":48,"column":32}},"33":{"start":{"line":49,"column":4},"end":{"line":49,"column":66}},"34":{"start":{"line":50,"column":4},"end":{"line":50,"column":75}},"35":{"start":{"line":50,"column":59},"end":{"line":50,"column":75}},"36":{"start":{"line":52,"column":2},"end":{"line":52,"column":17}}},"fnMap":{"0":{"name":"findSumPair","decl":{"start":{"line":2,"column":16},"end":{"line":2,"column":27}},"loc":{"start":{"line":2,"column":50},"end":{"line":11,"column":1}},"line":2},"1":{"name":"findMissingNumber","decl":{"start":{"line":13,"column":16},"end":{"line":13,"column":33}},"loc":{"start":{"line":13,"column":49},"end":{"line":24,"column":1}},"line":13},"2":{"name":"(anonymous_2)","decl":{"start":{"line":20,"column":14},"end":{"line":20,"column":15}},"loc":{"start":{"line":20,"column":21},"end":{"line":22,"column":3}},"line":20},"3":{"name":"statisticsNumbers","decl":{"start":{"line":26,"column":16},"end":{"line":26,"column":33}},"loc":{"start":{"line":26,"column":46},"end":{"line":32,"column":1}},"line":26},"4":{"name":"(anonymous_4)","decl":{"start":{"line":28,"column":27},"end":{"line":28,"column":28}},"loc":{"start":{"line":28,"column":44},"end":{"line":31,"column":3}},"line":28},"5":{"name":"findMostFrequenNumber","decl":{"start":{"line":34,"column":16},"end":{"line":34,"column":37}},"loc":{"start":{"line":34,"column":50},"end":{"line":53,"column":1}},"line":34}},"branchMap":{"0":{"loc":{"start":{"line":3,"column":2},"end":{"line":3,"column":71}},"type":"if","locations":[{"start":{"line":3,"column":2},"end":{"line":3,"column":71}},{"start":{},"end":{}}],"line":3},"1":{"loc":{"start":{"line":3,"column":6},"end":{"line":3,"column":59}},"type":"binary-expr","locations":[{"start":{"line":3,"column":6},"end":{"line":3,"column":32}},{"start":{"line":3,"column":36},"end":{"line":3,"column":59}}],"line":3},"2"
[...]
"line":42,"column":4},"end":{"line":42,"column":34}},{"start":{},"end":{}}],"line":42},"16":{"loc":{"start":{"line":55,"column":2},"end":{"line":55,"column":67}},"type":"if","locations":[{"start":{"line":55,"column":2},"end":{"line":55,"column":67}},{"start":{},"end":{}}],"line":55},"17":{"loc":{"start":{"line":55,"column":6},"end":{"line":55,"column":52}},"type":"binary-expr","locations":[{"start":{"line":55,"column":6},"end":{"line":55,"column":27}},{"start":{"line":55,"column":31},"end":{"line":55,"column":37}},{"start":{"line":55,"column":41},"end":{"line":55,"column":52}}],"line":55},"18":{"loc":{"start":{"line":56,"column":9},"end":{"line":56,"column":57}},"type":"cond-expr","locations":[{"start":{"line":56,"column":45},"end":{"line":56,"column":49}},{"start":{"line":56,"column":52},"end":{"line":56,"column":57}}],"line":56},"19":{"loc":{"start":{"line":60,"column":2},"end":{"line":60,"column":65}},"type":"if","locations":[{"start":{"line":60,"column":2},"end":{"line":60,"column":65}},{"start":{},"end":{}}],"line":60},"20":{"loc":{"start":{"line":60,"column":6},"end":{"line":60,"column":50}},"type":"binary-expr","locations":[{"start":{"line":60,"column":6},"end":{"line":60,"column":27}},{"start":{"line":60,"column":31},"end":{"line":60,"column":37}},{"start":{"line":60,"column":41},"end":{"line":60,"column":50}}],"line":60},"21":{"loc":{"start":{"line":63,"column":4},"end":{"line":63,"column":30}},"type":"if","locations":[{"start":{"line":63,"column":4},"end":{"line":63,"column":30}},{"start":{},"end":{}}],"line":63},"22":{"loc":{"start":{"line":65,"column":9},"end":{"line":65,"column":33}},"type":"cond-expr","locations":[{"start":{"line":65,"column":21},"end":{"line":65,"column":25}},{"start":{"line":65,"column":28},"end":{"line":65,"column":33}}],"line":65},"23":{"loc":{"start":{"line":69,"column":2},"end":{"line":69,"column":68}},"type":"if","locations":[{"start":{"line":69,"column":2},"end":{"line":69,"column":68}},{"start":{},"end":{}}],"line":69},"24":{"loc":{"start":{"line":69,"column":6},"end":{"line":69,"column":53}},"type":"binary-expr","locations":[{"start":{"line":69,"column":6},"end":{"line":69,"column":27}},{"start":{"line":69,"column":31},"end":{"line":69,"column":37}},{"start":{"line":69,"column":41},"end":{"line":69,"column":53}}],"line":69},"25":{"loc":{"start":{"line":73,"column":4},"end":{"line":73,"column":52}},"type":"if","locations":[{"start":{"line":73,"column":4},"end":{"line":73,"column":52}},{"start":{},"end":{}}],"line":73},"26":{"loc":{"start":{"line":79,"column":2},"end":{"line":79,"column":68}},"type":"if","locations":[{"start":{"line":79,"column":2},"end":{"line":79,"column":68}},{"start":{},"end":{}}],"line":79},"27":{"loc":{"start":{"line":79,"column":6},"end":{"line":79,"column":53}},"type":"binary-expr","locations":[{"start":{"line":79,"column":6},"end":{"line":79,"column":27}},{"start":{"line":79,"column":31},"end":{"line":79,"column":37}},{"start":{"line":79,"column":41},"end":{"line":79,"column":53}}],"line":79},"28":{"loc":{"start":{"line":85,"column":9},"end":{"line":85,"column":38}},"type":"cond-expr","locations":[{"start":{"line":85,"column":26},"end":{"line":85,"column":30}},{"start":{"line":85,"column":33},"end":{"line":85,"column":38}}],"line":85},"29":{"loc":{"start":{"line":89,"column":2},"end":{"line":89,"column":68}},"type":"if","locations":[{"start":{"line":89,"column":2},"end":{"line":89,"column":68}},{"start":{},"end":{}}],"line":89},"30":{"loc":{"start":{"line":89,"column":6},"end":{"line":89,"column":53}},"type":"binary-expr","locations":[{"start":{"line":89,"column":6},"end":{"line":89,"column":27}},{"start":{"line":89,"column":31},"end":{"line":89,"column":37}},{"start":{"line":89,"column":41},"end":{"line":89,"column":53}}],"line":89},"31":{"loc":{"start":{"line":90,"column":2},"end":{"line":90,"column":69}},"type":"if","locations":[{"start":{"line":90,"column":2},"end":{"line":90,"column":69}},{"start":{},"end":{}}],"line":90},"32":{"loc":{"start":{"line":90,"column":6},"end":{"line":90,"column":54}},"type":"binary-expr","locations":[{"start":{"line":90,"column":6},"end":{"line":90,"column":29}},{"start":{"line":90,"column":33},"end":{"line":90,"column":41}},{"start":{"line":90,"column":45},"end":{"line":90,"column":54}}],"line":90},"33":{"loc":{"start":{"line":96,"column":6},"end":{"line":96,"column":37}},"type":"if","locations":[{"start":{"line":96,"column":6},"end":{"line":96,"column":37}},{"start":{},"end":{}}],"line":96}},"s":{"0":15,"1":10,"2":5,"3":5,"4":1,"5":4,"6":4,"7":4,"8":11,"9":1,"10":10,"11":3,"12":15,"13":10,"14":5,"15":5,"16":2,"17":3,"18":3,"19":3,"20":8,"21":0,"22":8,"23":3,"24":16,"25":10,"26":6,"27":6,"28":6,"29":1,"30":5,"31":5,"32":10,"33":2,"34":8,"35":3,"36":12,"37":7,"38":5,"39":5,"40":3,"41":2,"42":3,"43":12,"44":7,"45":5,"46":12,"47":6,"48":6,"49":6,"50":6,"51":298,"52":24,"53":6,"54":12,"55":6,"56":6,"57":6,"58":6,"59":13,"60":13,"61":3,"62":3,"63":11,"64":6,"65":5,"66":5,"67":5,"68":5,"69":20,"70":5,"71":16,"72":8,"73":8,"74":1,"75":7,"76":7,"77":7,"78":7,"79":11,"80":11,"81":16,"82":16,"83":4,"84":3},"f":{"0":15,"1":15,"2":16,"3":12,"4":12,"5":12,"6":12,"7":11,"8":16},"b":{"0":[10,5],"1":[15,11,10],"2":[1,4],"3":[1,10],"4":[10,5],"5":[15,11,10],"6":[2,3],"7":[0,8],"8":[10,6],"9":[16,12,12,7,6,6],"10":[1,5],"11":[2,8],"12":[10,9],"13":[7,5],"14":[12,8,6],"15":[2,1],"16":[7,5],"17":[12,8,6],"18":[3,2],"19":[6,6],"20":[12,8,7],"21":[24,274],"22":[3,3],"23":[6,6],"24":[12,8,7],"25":[3,10],"26":[6,5],"27":[11,7,6],"28":[2,3],"29":[8,8],"30":[16,11,9],"31":[1,7],"32":[8,7,7],"33":[4,12]},"_coverageSchema":"1a1c01bbd47fc00a2c39e90264f33305004495a9","hash":"ace515b7be532f4e293ea7d650603c2dc90c8bc6"}
,"F:\\code_github\\Exercises_JS\\src\\string.js": {"path":"F:\\code_github\\Exercises_JS\\src\\string.js","statementMap":{"0":{"start":{"line":3,"column":2},"end":{"line":3,"column":60}},"1":{"start":{"line":3,"column":51},"end":{"line":3,"column":60}},"2":{"start":{"line":4,"column":2},"end":{"line":4,"column":31}},"3":{"start":{"line":8,"column":2},"end":{"line":8,"column":61}},"4":{"start":{"line":8,"column":51},"end":{"line":8,"column":61}},"5":{"start":{"line":9,"column":14},"end":{"line":9,"column":16}},"6":{"start":{"line":10,"column":19},"end":{"line":10,"column":33}},"7":{"start":{"line":11,"column":2},"end":{"line":13,"column":3}},"8":{"start":{"line":11,"column":15},"end":{"line":11,"column":16}},"9":{"start":{"line":12,"column":4},"end":{"line":12,"column":81}},"10":{"start":{"line":14,"column":2},"end":{"line":14,"column":13}},"11":{"start":{"line":18,"column":2},"end":{"line":18,"column":61}},"12":{"start":{"line":18,"column":51},"end":{"line":18,"column":61}},"13":{"start":{"line":19,"column":14},"end":{"line":19,"column":16}},"14":{"start":{"line":20,"column":19},"end":{"line":20,"column":32}},"15":{"start":{"line":21,"column":2},"end":{"line":24,"column":3}},"16":{"start":{"line":21,"column":15},"end":{"line":21,"column":16}},"17":{"start":{"line":22,"column":4},"end":{"line":22,"column":51}},"18":{"start":{"line":22,"column":29},"end":{"line":22,"column":51}},"19":{"start":{"line":23,"column":4},"end":{"line":23,"column":81}},"20":{"start":{"line":25,"column":2},"end":{"line":25,"column":13}},"21":{"start":{"line":29,"column":12},"end":{"line":29,"column":42}},"22":{"start":{"line":30,"column":12},"end":{"line":30,"column":61}},"23":{"start":{"line":31,"column":17},"end":{"line":31,"column":44}},"24":{"start":{"line":32,"column":24},"end":{"line":32,"column":76}},"25":{"start":{"line":32,"column":63},"end":{"line":32,"column":75}},"26":{"start":{"line":33,"column":2},"end":{"line":33,"column":55}},"27":{"start":{"line":33,"column":42},"end":{"line":33,"column":55}},"28":{"start":{"line":34,"column":2},"end":{"line":34,"column":67}},"29":{"start":{"line":34,"column":54},"end":{"line":34,"column":67}},"30":{"start":{"line":35,"column":2},"end":{"line":35,"column":14}},"31":{"start":{"line":39,"column":2},"end":{"line":39,"column":60}},"32":{"start":{"line":39,"column":51},"end":{"line":39,"column":60}},"33":{"start":{"line":40,"column":2},"end":{"line":40,"column":62}},"34":{"start":{"line":40,"column":38},"end":{"line":40,"column":53}},"35":{"start":{"line":44,"column":19},"end":{"line":44,"column":49}},"36":{"start":{"line":45,"column":26},"end":{"line":45,"column":84}},"37":{"start":{"line":45,"column":69},"end":{"line":45,"column":83}},"38":{"start":{"line":46,"column":17},"end":{"line":46,"column":44}},"39":{"start":{"line":47,"column":24},"end":{"line":47,"column":76}},"40":{"start":{"line":47,"column":63},"end":{"line":47,"column":75}},"41":{"start":{"line":48,"column":21},"end":{"line":48,"column":70}},"42":{"start":{"line":49,"column":2},"end":{"line":49,"column":80}},"43":{"start":{"line":49,"column":67},"end":{"line":49,"column":80}},"44":{"start":{"line":50,"column":2},"end":{"line":50,"column":14}},"45":{"start":{"line":54,"column":2},"end":{"line":54,"column":60}},"46":{"start":{"line":54,"column":51},"end":{"line":54,"column":60}},"47":{"start":{"line":55,"column":2},"end":{"line":55,"column":60}},"48":{"start":{"line":55,"column":38},"end":{"line":55,"column":51}},"49":{"start":{"line":59,"column":2},"end":{"line":59,"column":82}},"50":{"start":{"line":59,"column":72},"end":{"line":59,"column":82}},"51":{"start":{"line":60,"column":15},"end":{"line":60,"column":63}},"52":{"start":{"line":61,"column":17},"end":{"line":66,"column":8}},"53":{"start":{"line":62,"column":4},"end":{"line":64,"column":5}},"54":{"start":{"line":63,"column":6},"end":{"line":63,"column":90}},"55":{"start":{"line":65,"column":4},"end":{"line":65,"column":18}},"56":{"start":{"line":67,"column":2},"end":{"line":67,"column":29}},"57":{"start":{"line":71,"column":2},"end":{"line":71,"column":80}},"58":{"start":{"line":71,"column":70},"end":{"line":71,"column":80}},"59":{"start":{"line":72,"column":2},"end":{"line":72,"column":63}},"60":{"start":{"line":72,"column":53},"end":{"line":72,"column":63}},"61":{"start":{"line":73,"column":2},"end":{"line":75,"column":3}},"62":{"start":{"line":74,"column":4},"end":{"line":74,"column":48}},"63":{"start":{"line":76,"column":2},"end":{"line":76,"column":14}}},"fnMap":{"0":{"name":"countWords","decl":{"start":{"line":2,"column":16},"end":{"line":2,"column":26}},"loc":{"start":{"line":2,"column":32},"end":{"line":5,"column":1}},"line":2},"1":{"name":"statisticsWords","decl":{"start":{"line":7,"column":16},"end":{"line":7,"column":31}},"loc":{"start":{"line":7,"column":37},"end":{"line":15,"column":1}},"line":7},"2":{"name":"statisticsCharacters","decl":{"start":{"line":17,"column":16},"end":{"line":17,"column":36}},"loc":{"start":{"line":17,"column":42},"end":{"line":26,"column":1}},"line":17},"3":{"name":"isValidEmail","decl":{"start":{"line":28,"column":9},"end":{"line":28,"column":21}},"loc":{"start":{"line":28,"column":27},"end":{"line":36,"column":1}},"line":28},"4":{"name":"(anonymous_4)","decl":{"start":{"line":32,"column":56},"end":{"line":32,"column":57}},"loc":{"start":{"line":32,"column":63},"end":{"line":32,"column":75}},"line":32},"5":{"name":"countEmails","decl":{"start":{"line":38,"column":16},"end":{"line":38,"column":27}},"loc":{"start":{"line":38,"column":33},"end":{"line":41,"column":1}},"line":38},"6":{"name":"(anonymous_6)","decl":{"start":{"line":40,"column":31},"end":{"line":40,"column":32}},"loc":{"start":{"line":40,"column":38},"end":{"line":40,"column":53}},"line":40},"7":{"name":"isValidURL","decl":{"start":{"line":43,"column":9},"end":{"line":43,"column":19}},"loc":{"start":{"line":43,"column":25},"end":{"line":51,"column":1}},"line":43},"8":{"name":"(anonymous_8)","decl":{"start":{"line":45,"column":62},"end":{"line":45,"column":63}},"loc":{"start":{"line":45,"column":69},"end":{"line":45,"column":83}},"line":45},"9":{"name":"(anonymous_9)","decl":{"start":{"line":47,"column":56},"end":{"line":47,"column":57}},"loc":{"start":{"line":47,"column":63},"end":{"line":47,"column":75}},"line":47},"10":{"name":"countURLs","decl":{"start":{"line":53,"column":16},"end":{"line":53,"column":25}},"loc":{"start":{"line":53,"column":31},"end":{"line":56,"column":1}},"line":53},"11":{"name":"(anonymous_11)","decl":{"start":{"line":55,"column":31},"end":{"line":55,"column":32}},"loc":{"start":{"line":55,"column":38},"end":{"line":55,"column":51}},"line":55},"12":{"name":"getDisplayedAddress","decl":{"start":{"line":58,"column":16},"end":{"line":58,"column":35}},"loc":{"start":{"line":58,"column":45},"end":{"line":68,"column":1}},"line":58},"13":{"name":"(anonymous_13)","decl":{"start":{"line":61,"column":29},"end":{"line":61,"column":30}},"loc":{"start":{"line":61,"column":46},"end":{"line":66,"column":3}},"line":61},"14":{"name":"fillPath","decl":{"start":{"line":70,"column":16},"end":{"line":70,"column":24}},"loc":{"start":{"line":70,"column":39},"end":{"line":77,"column":1}},"line":70}},"branchMap":{"0":{"loc":{"start":{"line":3,"column":2},"end":{"line":3,"column":60}},"type":"if","locations":[{"start":{"line":3,"column":2},"end":{"line":3,"column":60}},{"start":{},"end":{}}],"line":3},"1":{"loc":{"start":{"line":3,"column":6},"end":{"line":3,"column":49}},"type":"binary-expr","locations":[{"start":{"line":3,"column":6},"end":{"line":3,"column":29}},{"start":{"line":3,"column":33},"end":{"line":3,"column":49}}],"line":3},"2":{"loc":{"start":{"line":8,"column":2},"end":{"line":8,"column":61}},"type":"if","locations":[{"start":{"line":8,"column":2},"end":{"line":8,"column":61}},{"start":{},"end":{}}],"line":8},"3":{"loc":{"start":{"line":8,"column":6},"end":{"line":8,"column":49}},"type":"binary-expr","locations":[{"start":{"line":8,"column":6},"end":{"line":8,"column":29}},{"start":{"line":8,"column":33},"end":{"line":8,"column":49}}],"line":8},"4":{"loc":{"start":{"line":12,"column":23},"end":{"line":12,"column":80}},"type":"cond-expr","locations":[{"start":{"line":12,"column":56},"end":{"line":12,"column":57}},{"start":{"line":12,"column":60},"end":{"line":12,"column":80}}],"line":12},"5":{"loc":{"start":{"line":18,"column":2},"end":{"line":18,"column":61}},"type":"if","locations":[{"start":{"line":18,"column":2},"end":{"line":18,"column":61}},{"start":{},"end":{}}],"line":18},"6":{"loc":{"start":{"line":18,"column":6},"end":{"line":18,"column":49}},"type":"binary-expr","locations":[{"start":{"line":18,"column":6},"end":{"line":18,"column":29}},{"start":{"line":18,"column":33},"end":{"line":18,"column":49}}],"line":18},"7":{"loc":{"start":{"line":22,"column":4},"end":{"line":22,"column":51}},"type":"if","locations":[{"start":{"line":22,"column":4},"end":{"line":22,"column":51}},{"start":{},"end":{}}],"line":22},"8":{"loc":{"start":{"line":23,"column":23},"end":{"line":23,"column":80}},"type":"cond-expr","locations":[{"start":{"line":23,"column":56},"end":{"line":23,"column":57}},{"start":{"line":23,"column":60},"end":{"line":23,"column":80}}],"line":23},"9":{"loc":{"start":{"line":33,"column":2},"end":{"line":33,"column":55}},"type":"if","locations":[{"start":{"line":33,"column":2},"end":{"line":33,"column":55}},{"start":{},"end":{}}],"line":33},"10":{"loc":{"start":{"line":33,"column":6},"end":{"line":33,"column":40}},"type":"binary-expr","locations":[{"start":{"line":33,"column":6},"end":{"line":33,"column":21}},{"start":{"line":33,"column":25},"end":{"line":33,"column":40}}],"line":33},"11":{"loc":{"start":{"line":34,"column":2},"end":{"line":34,"column":67}},"type":"if","locations":[{"start":{"line":34,"column":2},"end":{"line":34,"column":67}},{"start":{},"end":{}}],"line":34},"12":{"loc":{"start":{"line":34,"column":6},"end":{"line":34,"column":52}},"type":"binary-expr","locations":[{"start":{"line":34,"column":6},"end":{"line":34,"column":18}},{"start":{"line":34,"column":22},"end":{"line":34,"column":34}},{"start":{"line":34,"column":38},"end":{"line":34,"column":52}}],"line":34},"13":{"loc":{"start":{"line":39,"column":2},"end":{"line":39,"column":60}},"type":"if","locations":[{"start":{"line":39,"column":2},"end":{"line":39,"column":60}},{"start":{},"end":{}}],"line":39},"14":{"loc":{"start":{"line":39,"column":6},"end":{"line":39,"column":49}},"type":"binary-expr","locations":[{"start":{"line":39,"column":6},"end":{"line":39,"column":29}},{"start":{"line":39,"column":33},"end":{"line":39,"column":49}}],"line":39},"15":{"loc":{"start":{"line":49,"column":2},"end":{"line":49,"column":80}},"type":"if","locations":[{"start":{"line":49,"column":2},"end":{"line":49,"column":80}},{"start":{},"end":{}}],"line":49},"16":{"loc":{"start":{"line":49,"column":6},"end":{"line":49,"column":65}},"type":"binary-expr","locations":[{"start":{"line":49,"column":6},"end":{"line":49,"column":27}},{"start":{"line":49,"column":31},"end":{"line":49,"column":45}},{"start":{"line":49,"column":49},"end":{"line":49,"column":65}}],"line":49},"17":{"loc":{"start":{"line":54,"column":2},"end":{"line":54,"column":60}},"type":"if","locations":[{"start":{"line":54,"column":2},"end":{"line":54,"column":60}},{"start":{},"end":{}}],"line":54},"18":{"loc":{"start":{"line":54,"column":6},"end":{"line":54,"column":49}},"type":"binary-expr","locations":[{"start":{"line":54,"column":6},"end":{"line":54,"column":29}},{"start":{"line":54,"column":33},"end":{"line":54,"column":49}}],"line":54},"19":{"loc":{"start":{"line":59,"column":2},"end":{"line":59,"column":82}},"type":"if","locations":[{"start":{"line":59,"column":2},"end":{"line":59,"column":82}},{"start":{},"end":{}}],"line":59},"20":{"loc":{"start":{"line":59,"column":6},"end":{"line":59,"column":70}},"type":"binary-expr","locations":[{"start":{"line":59,"column":6},"end":{"line":59,"column":33}},{"start":{"line":59,"column":37},"end":{"line":59,"column":70}}],"line":59},"21":{"loc":{"start":{"line":62,"column":4},"end":{"line":64,"column":5}},"type":"if","locations":[{"start":{"line":62,"column":4},"end":{"line":64,"column":5}},{"start":{},"end":{}}],"line":62},"22":{"loc":{"start":{"line":63,"column":6},"end":{"line":63,"column":89}},"type":"cond-expr","locations":[{"start":{"line":63,"column":26},"end":{"line":63,"column":54}},{"start":{"line":63,"column":59},"end":{"line":63,"column":88}}],"line":63},"23":{"loc":{"start":{"line":71,"column":2},"end":{"line":71,"column":80}},"type":"if","locations":[{"start":{"line":71,"column":2},"end":{"line":71,"column":80}},{"start":{},"end":{}}],"line":71},"24":{"loc":{"start":{"line":71,"column":6},"end":{"line":71,"column":68}},"type":"binary-expr","locations":[{"start":{"line":71,"column":6},"end":{"line":71,"column":32}},{"start":{"line":71,"column":36},"end":{"line":71,"column":68}}],"line":71},"25":{"loc":{"start":{"line":72,"column":2},"end":{"line":72,"column":63}},"type":"if","locations":[{"start":{"line":72,"column":2},"end":{"line":72,"column":63}},{"start":{},"end":{}}],"line":72},"26":{"loc":{"start":{"line":72,"column":6},"end":{"line":72,"column":51}},"type":"binary-expr","locations":[{"start":{"line":72,"column":6},"end":{"line":72,"column":30}},{"start":{"line":72,"column":34},"end":{"line":72,"column":51}}],"line":72}},"s":{"0":6,"1":4,"2":2,"3":6,"4":4,"5":2,"6":2,"7":2,"8":2,"9":5,"10":2,"11":5,"12":4,"13":1,"14":1,"15":1,"16":1,"17":7,"18":2,"19":7,"20":1,"21":26,"22":26,"23":26,"24":26,"25":69,"26":26,"27":0,"28":26,"29":22,"30":4,"31":8,"32":4,"33":4,"34":26,"35":16,"36":16,"37":59,"38":16,"39":16,"40":44,"41":16,"42":16,"43":15,"44":1,"45":6,"46":4,"47":2,"48":16,"49":6,"50":4,"51":2,"52":2,"53":10,"54":7,"55":10,"56":2,"57":7,"58":4,"59":3,"60":0,"61":3,"62":4,"63":3},"f":{"0":6,"1":6,"2":5,"3":26,"4":69,"5":8,"6":26,"7":16,"8":59,"9":44,"10":6,"11":16,"12":6,"13":10,"14":7},"b":{"0":[4,2],"1":[6,2],"2":[4,2],"3":[6,2],"4":[4,1],"5":[4,1],"6":[5,1],"7":[2,5],"8":[4,3],"9":[0,26],"10":[26,26],"11":[22,4],"12":[26,13,12],"13":[4,4],"14":[8,4],"15":[15,1],"16":[16,5,1],"17":[4,2],"18":[6,2],"19":[4,2],"20":[6,4],"21":[7,3],"22":[1,6],"23":[4,3],"24":[7,5],"25":[0,3],"26":[3,3]},"_coverageSchema":"1a1c01bbd47fc00a2c39e90264f33305004495a9","hash":"c56f274ac73bf2243ee352b9f15b366fbb32fc14"}
}
