TN:
SF:src\array-cd.js
FN:2,insert
FN:16,remove
FN:27,removeStudentById
FN:40,insert2
FN:43,(anonymous_4)
FN:46,removeDuplicatedNumbers
FN:48,(anonymous_6)
FN:60,uniqueArray
FN:62,(anonymous_8)
FNF:9
FNH:9
FNDA:8,insert
FNDA:9,remove
FNDA:8,removeStudentById
FNDA:8,insert2
FNDA:8,(anonymous_4)
FNDA:7,removeDuplicatedNumbers
FNDA:8,(anonymous_6)
FNDA:7,uniqueArray
FNDA:9,(anonymous_8)
DA:3,8
DA:4,3
DA:5,1
DA:6,1
DA:8,2
DA:9,1
DA:10,1
DA:12,1
DA:13,1
DA:17,9
DA:18,4
DA:19,2
DA:20,1
DA:21,1
DA:23,1
DA:24,1
DA:28,8
DA:29,3
DA:30,4
DA:32,3
DA:34,1
DA:38,1
DA:41,8
DA:42,3
DA:43,8
DA:47,7
DA:48,2
DA:49,8
DA:50,8
DA:52,2
DA:53,2
DA:54,6
DA:56,2
DA:61,7
DA:62,2
DA:63,9
DA:64,9
DA:66,2
DA:67,2
DA:68,4
DA:70,2
LF:41
LH:41
BRDA:3,0,0,5
BRDA:3,0,1,3
BRDA:3,1,0,8
BRDA:3,1,1,4
BRDA:4,2,0,1
BRDA:4,2,1,2
BRDA:8,3,0,1
BRDA:8,3,1,1
BRDA:17,4,0,5
BRDA:17,4,1,4
BRDA:17,5,0,9
BRDA:17,5,1,5
BRDA:18,6,0,2
BRDA:18,6,1,2
BRDA:18,7,0,4
BRDA:18,7,1,3
BRDA:19,8,0,1
BRDA:19,8,1,1
BRDA:28,9,0,5
BRDA:28,9,1,3
BRDA:28,10,0,8
BRDA:28,10,1,4
BRDA:30,11,0,2
BRDA:30,11,1,2
BRDA:41,12,0,5
BRDA:41,12,1,3
BRDA:41,13,0,8
BRDA:41,13,1,4
BRDA:41,13,2,2
BRDA:47,14,0,5
BRDA:47,14,1,2
BRDA:47,15,0,7
BRDA:47,15,1,3
BRDA:49,16,0,6
BRDA:49,16,1,2
BRDA:54,17,0,4
BRDA:54,17,1,2
BRDA:61,18,0,5
BRDA:61,18,1,2
BRDA:61,19,0,7
BRDA:61,19,1,3
BRDA:63,20,0,4
BRDA:63,20,1,5
BRDA:68,21,0,4
BRDA:68,21,1,0
BRF:45
BRH:44
end_of_record
TN:
SF:src\array-check.js
FN:2,hasEvenNumberGreaterThanN
FN:4,(anonymous_1)
FN:7,hasOddNumberDivisibleBy3
FN:9,(anonymous_3)
FN:12,hasEasyFrontend
FN:17,hasTruthy
FN:28,hasFalsy
FN:39,hasStudent
FN:43,(anonymous_8)
FN:49,hasAlice
FN:57,hasFreeShip
FN:67,isIncreasingNumberList
FN:77,isIncreasingNumberList2
FN:87,isSymetricList
FN:110,generateFibonaci
FN:118,hasFibonaciNumber
FN:121,(anonymous_16)
FNF:17
FNH:17
FNDA:9,hasEvenNumberGreaterThanN
FNDA:15,(anonymous_1)
FNDA:8,hasOddNumberDivisibleBy3
FNDA:9,(anonymous_3)
FNDA:9,hasEasyFrontend
FNDA:7,hasTruthy
FNDA:8,hasFalsy
FNDA:7,hasStudent
FNDA:4,(anonymous_8)
FNDA:7,hasAlice
FNDA:7,hasFreeShip
FNDA:10,isIncreasingNumberList
FNDA:10,isIncreasingNumberList2
FNDA:10,isSymetricList
FNDA:5,generateFibonaci
FNDA:10,hasFibonaciNumber
FNDA:14,(anonymous_16)
DA:3,9
DA:4,15
DA:8,8
DA:9,9
DA:13,9
DA:14,4
DA:18,7
DA:19,2
DA:20,2
DA:21,4
DA:22,1
DA:25,1
DA:29,8
DA:30,3
DA:31,3
DA:32,4
DA:33,2
DA:36,1
DA:40,7
DA:41,5
DA:42,2
DA:43,2
DA:44,4
DA:46,2
DA:50,7
DA:51,2
DA:52,5
DA:54,1
DA:58,7
DA:59,5
DA:60,2
DA:61,5
DA:62,5
DA:64,1
DA:68,10
DA:69,4
DA:70,4
DA:71,6
DA:72,6
DA:74,2
DA:78,10
DA:79,4
DA:80,4
DA:81,5
DA:82,5
DA:84,2
DA:88,10
DA:89,5
DA:90,11
DA:91,11
DA:93,4
DA:111,5
DA:112,5
DA:113,55
DA:115,5
DA:116,5
DA:119,10
DA:120,5
DA:121,14
LF:59
LH:59
BRDA:3,0,0,6
BRDA:3,0,1,3
BRDA:3,1,0,9
BRDA:3,1,1,5
BRDA:3,1,2,4
BRDA:4,2,0,15
BRDA:4,2,1,8
BRDA:8,3,0,5
BRDA:8,3,1,3
BRDA:8,4,0,8
BRDA:8,4,1,4
BRDA:13,5,0,5
BRDA:13,5,1,4
BRDA:13,6,0,9
BRDA:13,6,1,5
BRDA:18,7,0,5
BRDA:18,7,1,2
BRDA:18,8,0,7
BRDA:18,8,1,3
BRDA:21,9,0,1
BRDA:21,9,1,3
BRDA:29,10,0,5
BRDA:29,10,1,3
BRDA:29,11,0,8
BRDA:29,11,1,4
BRDA:32,12,0,2
BRDA:32,12,1,2
BRDA:40,13,0,5
BRDA:40,13,1,2
BRDA:40,14,0,7
BRDA:40,14,1,3
BRDA:40,14,2,2
BRDA:44,15,0,1
BRDA:44,15,1,3
BRDA:50,16,0,5
BRDA:50,16,1,2
BRDA:50,17,0,7
BRDA:50,17,1,3
BRDA:52,18,0,1
BRDA:52,18,1,4
BRDA:52,19,0,5
BRDA:52,19,1,4
BRDA:58,20,0,5
BRDA:58,20,1,2
BRDA:58,21,0,7
BRDA:58,21,1,3
BRDA:58,21,2,2
BRDA:62,22,0,1
BRDA:62,22,1,4
BRDA:62,23,0,5
BRDA:62,23,1,2
BRDA:68,24,0,6
BRDA:68,24,1,4
BRDA:68,25,0,10
BRDA:68,25,1,6
BRDA:72,26,0,2
BRDA:72,26,1,4
BRDA:78,27,0,6
BRDA:78,27,1,4
BRDA:78,28,0,10
BRDA:78,28,1,6
BRDA:82,29,0,2
BRDA:82,29,1,3
BRDA:88,30,0,5
BRDA:88,30,1,5
BRDA:88,31,0,10
BRDA:88,31,1,6
BRDA:91,32,0,1
BRDA:91,32,1,10
BRDA:119,33,0,5
BRDA:119,33,1,5
BRDA:119,34,0,10
BRDA:119,34,1,6
BRF:73
BRH:73
end_of_record
TN:
SF:src\array-count.js
FN:2,countPositiveEvenNumbers
FN:5,(anonymous_1)
FN:11,countNumbers
FN:20,countWords
FN:29,countUniqueNumbers
FN:39,countNumbersNotInB
FN:48,calcAvgMark
FN:57,countStudents
FNF:8
FNH:8
FNDA:7,countPositiveEvenNumbers
FNDA:7,(anonymous_1)
FNDA:8,countNumbers
FNDA:8,countWords
FNDA:8,countUniqueNumbers
FNDA:8,countNumbersNotInB
FNDA:4,calcAvgMark
FNDA:7,countStudents
DA:3,7
DA:4,2
DA:5,2
DA:6,7
DA:8,2
DA:12,8
DA:13,3
DA:14,3
DA:15,15
DA:17,3
DA:21,8
DA:22,3
DA:23,3
DA:24,6
DA:26,3
DA:30,8
DA:31,3
DA:32,3
DA:33,11
DA:34,11
DA:36,3
DA:40,8
DA:41,3
DA:42,3
DA:43,9
DA:45,3
DA:49,4
DA:50,4
DA:51,4
DA:52,6
DA:54,4
DA:55,4
DA:58,7
DA:59,2
DA:60,2
DA:61,4
DA:63,2
LF:37
LH:37
BRDA:3,0,0,5
BRDA:3,0,1,2
BRDA:3,1,0,7
BRDA:3,1,1,3
BRDA:6,2,0,2
BRDA:6,2,1,5
BRDA:6,3,0,7
BRDA:6,3,1,4
BRDA:12,4,0,5
BRDA:12,4,1,3
BRDA:12,5,0,8
BRDA:12,5,1,4
BRDA:15,6,0,7
BRDA:15,6,1,8
BRDA:21,7,0,5
BRDA:21,7,1,3
BRDA:21,8,0,8
BRDA:21,8,1,4
BRDA:24,9,0,3
BRDA:24,9,1,3
BRDA:30,10,0,5
BRDA:30,10,1,3
BRDA:30,11,0,8
BRDA:30,11,1,4
BRDA:34,12,0,4
BRDA:34,12,1,7
BRDA:40,13,0,5
BRDA:40,13,1,3
BRDA:40,14,0,8
BRDA:40,14,1,4
BRDA:40,14,2,3
BRDA:40,14,3,3
BRDA:43,15,0,5
BRDA:43,15,1,4
BRDA:58,16,0,5
BRDA:58,16,1,2
BRDA:58,17,0,7
BRDA:58,17,1,3
BRDA:61,18,0,3
BRDA:61,18,1,1
BRF:40
BRH:40
end_of_record
TN:
SF:src\array-filter.js
FN:2,generateNumberInRange
FN:11,findNumbers
FN:22,generateFibonaci
FN:32,isPrime
FN:38,generatePrimeNumbers
FN:47,findAllNumbers
FN:49,(anonymous_6)
FN:53,findAllNumbers2
FN:60,(anonymous_8)
FN:66,findAllStudents
FN:68,(anonymous_10)
FN:71,findAllProducts
FN:73,(anonymous_12)
FN:76,findAllIphones
FN:78,(anonymous_14)
FNF:15
FNH:15
FNDA:7,generateNumberInRange
FNDA:9,findNumbers
FNDA:8,generateFibonaci
FNDA:26,isPrime
FNDA:8,generatePrimeNumbers
FNDA:9,findAllNumbers
FNDA:20,(anonymous_6)
FNDA:8,findAllNumbers2
FNDA:9,(anonymous_8)
FNDA:7,findAllStudents
FNDA:6,(anonymous_10)
FNDA:7,findAllProducts
FNDA:6,(anonymous_12)
FNDA:7,findAllIphones
FNDA:6,(anonymous_14)
DA:3,7
DA:4,3
DA:5,3
DA:6,8
DA:8,3
DA:12,9
DA:13,3
DA:14,3
DA:15,10
DA:16,10
DA:17,10
DA:19,3
DA:23,8
DA:24,2
DA:25,2
DA:26,10
DA:27,2
DA:29,2
DA:33,26
DA:34,87
DA:36,12
DA:39,8
DA:40,2
DA:41,2
DA:42,26
DA:44,2
DA:48,9
DA:49,20
DA:51,1
DA:54,8
DA:60,3
DA:61,9
DA:62,9
DA:67,7
DA:68,6
DA:72,7
DA:73,6
DA:77,7
DA:78,6
LF:39
LH:39
BRDA:3,0,0,4
BRDA:3,0,1,3
BRDA:3,1,0,7
BRDA:3,1,1,3
BRDA:12,2,0,6
BRDA:12,2,1,3
BRDA:12,3,0,9
BRDA:12,3,1,5
BRDA:17,4,0,6
BRDA:17,4,1,4
BRDA:23,5,0,6
BRDA:23,5,1,2
BRDA:23,6,0,8
BRDA:23,6,1,4
BRDA:23,6,2,3
BRDA:26,7,0,8
BRDA:26,7,1,2
BRDA:34,8,0,14
BRDA:34,8,1,73
BRDA:39,9,0,6
BRDA:39,9,1,2
BRDA:39,10,0,8
BRDA:39,10,1,4
BRDA:39,10,2,3
BRDA:42,11,0,12
BRDA:42,11,1,14
BRDA:48,12,0,5
BRDA:48,12,1,4
BRDA:48,13,0,9
BRDA:48,13,1,5
BRDA:49,14,0,20
BRDA:49,14,1,9
BRDA:54,15,0,5
BRDA:54,15,1,3
BRDA:54,16,0,8
BRDA:54,16,1,4
BRDA:61,17,0,3
BRDA:61,17,1,6
BRDA:67,18,0,5
BRDA:67,18,1,2
BRDA:67,19,0,7
BRDA:67,19,1,3
BRDA:72,20,0,5
BRDA:72,20,1,2
BRDA:72,21,0,7
BRDA:72,21,1,3
BRDA:77,22,0,5
BRDA:77,22,1,2
BRDA:77,23,0,7
BRDA:77,23,1,3
BRDA:78,24,0,6
BRDA:78,24,1,6
BRF:52
BRH:52
end_of_record
TN:
SF:src\array-find.js
FN:2,findMinPositive
FN:4,(anonymous_1)
FN:4,(anonymous_2)
FN:7,findLongestWord
FN:9,(anonymous_4)
FN:10,(anonymous_5)
FN:16,findFirstPositiveEven
FN:18,(anonymous_7)
FN:21,findLastNegativeOdd
FN:23,(anonymous_9)
FN:27,findSecondLargestNumber
FN:29,(anonymous_11)
FN:32,findLastPerfectSquare
FN:35,(anonymous_13)
FN:38,isValidEmail
FN:46,findFirstEmail
FN:48,(anonymous_16)
FN:51,isValidUrl
FN:60,findLastUrl
FN:67,(anonymous_19)
FN:70,findStudentById
FN:72,(anonymous_21)
FN:75,findProductByCode
FN:77,(anonymous_23)
FN:80,findStudentHavingHighestMark
FN:82,(anonymous_25)
FN:84,(anonymous_26)
FN:88,findLastStudentHavingMinAvg
FN:90,(anonymous_28)
FN:95,findStudent
FN:98,(anonymous_30)
FN:105,findProductHavingFreeShip
FN:107,(anonymous_32)
FN:110,findFirstIPhone
FN:112,(anonymous_34)
FNF:35
FNH:35
FNDA:9,findMinPositive
FNDA:18,(anonymous_1)
FNDA:10,(anonymous_2)
FNDA:10,findLongestWord
FNDA:11,(anonymous_4)
FNDA:8,(anonymous_5)
FNDA:9,findFirstPositiveEven
FNDA:10,(anonymous_7)
FNDA:9,findLastNegativeOdd
FNDA:9,(anonymous_9)
FNDA:8,findSecondLargestNumber
FNDA:4,(anonymous_11)
FNDA:8,findLastPerfectSquare
FNDA:6,(anonymous_13)
FNDA:4,isValidEmail
FNDA:8,findFirstEmail
FNDA:4,(anonymous_16)
FNDA:2,isValidUrl
FNDA:7,findLastUrl
FNDA:2,(anonymous_19)
FNDA:7,findStudentById
FNDA:3,(anonymous_21)
FNDA:7,findProductByCode
FNDA:3,(anonymous_23)
FNDA:6,findStudentHavingHighestMark
FNDA:3,(anonymous_25)
FNDA:2,(anonymous_26)
FNDA:6,findLastStudentHavingMinAvg
FNDA:2,(anonymous_28)
FNDA:6,findStudent
FNDA:4,(anonymous_30)
FNDA:6,findProductHavingFreeShip
FNDA:2,(anonymous_32)
FNDA:6,findFirstIPhone
FNDA:2,(anonymous_34)
DA:3,9
DA:4,18
DA:8,10
DA:9,11
DA:10,5
DA:11,8
DA:17,9
DA:18,10
DA:22,9
DA:23,9
DA:28,8
DA:29,4
DA:33,8
DA:35,6
DA:39,4
DA:40,4
DA:41,4
DA:42,4
DA:43,4
DA:44,2
DA:47,8
DA:48,4
DA:52,2
DA:53,2
DA:54,2
DA:55,2
DA:56,2
DA:57,2
DA:58,1
DA:61,7
DA:67,2
DA:71,7
DA:72,3
DA:76,7
DA:77,3
DA:81,6
DA:82,3
DA:83,1
DA:84,2
DA:89,6
DA:90,1
DA:91,2
DA:96,6
DA:97,1
DA:99,4
DA:106,6
DA:107,2
DA:111,6
DA:112,2
LF:49
LH:49
BRDA:3,0,0,5
BRDA:3,0,1,4
BRDA:3,1,0,9
BRDA:3,1,1,5
BRDA:8,2,0,5
BRDA:8,2,1,5
BRDA:8,3,0,10
BRDA:8,3,1,6
BRDA:9,4,0,11
BRDA:9,4,1,8
BRDA:11,5,0,5
BRDA:11,5,1,3
BRDA:17,6,0,5
BRDA:17,6,1,4
BRDA:17,7,0,9
BRDA:17,7,1,5
BRDA:18,8,0,10
BRDA:18,8,1,4
BRDA:22,9,0,5
BRDA:22,9,1,4
BRDA:22,10,0,9
BRDA:22,10,1,5
BRDA:23,11,0,9
BRDA:23,11,1,3
BRDA:28,12,0,6
BRDA:28,12,1,2
BRDA:28,13,0,8
BRDA:28,13,1,4
BRDA:33,14,0,5
BRDA:33,14,1,3
BRDA:33,15,0,8
BRDA:33,15,1,4
BRDA:43,16,0,2
BRDA:43,16,1,2
BRDA:43,17,0,4
BRDA:43,17,1,4
BRDA:43,17,2,2
BRDA:43,17,3,2
BRDA:47,18,0,5
BRDA:47,18,1,3
BRDA:47,19,0,8
BRDA:47,19,1,4
BRDA:57,20,0,1
BRDA:57,20,1,1
BRDA:57,21,0,2
BRDA:57,21,1,2
BRDA:57,21,2,1
BRDA:61,22,0,5
BRDA:61,22,1,2
BRDA:61,23,0,7
BRDA:61,23,1,3
BRDA:71,24,0,5
BRDA:71,24,1,2
BRDA:71,25,0,7
BRDA:71,25,1,3
BRDA:76,26,0,5
BRDA:76,26,1,2
BRDA:76,27,0,7
BRDA:76,27,1,3
BRDA:81,28,0,5
BRDA:81,28,1,1
BRDA:81,29,0,6
BRDA:81,29,1,2
BRDA:84,30,0,1
BRDA:84,30,1,1
BRDA:89,31,0,5
BRDA:89,31,1,1
BRDA:89,32,0,6
BRDA:89,32,1,2
BRDA:91,33,0,1
BRDA:91,33,1,1
BRDA:96,34,0,5
BRDA:96,34,1,1
BRDA:96,35,0,6
BRDA:96,35,1,2
BRDA:99,36,0,4
BRDA:99,36,1,1
BRDA:99,36,2,1
BRDA:99,36,3,4
BRDA:99,36,4,1
BRDA:99,36,5,0
BRDA:99,36,6,4
BRDA:99,36,7,3
BRDA:99,36,8,2
BRDA:106,37,0,5
BRDA:106,37,1,1
BRDA:106,38,0,6
BRDA:106,38,1,2
BRDA:111,39,0,5
BRDA:111,39,1,1
BRDA:111,40,0,6
BRDA:111,40,1,2
BRF:92
BRH:91
end_of_record
TN:
SF:src\array-logic.js
FN:2,findSumPair
FN:13,findMissingNumber
FN:20,(anonymous_2)
FN:26,statisticsNumbers
FN:28,(anonymous_4)
FN:34,findMostFrequenNumber
FNF:6
FNH:6
FNDA:9,findSumPair
FNDA:9,findMissingNumber
FNDA:9,(anonymous_2)
FNDA:7,statisticsNumbers
FNDA:6,(anonymous_4)
FNDA:9,findMostFrequenNumber
DA:3,9
DA:4,3
DA:5,3
DA:6,6
DA:7,14
DA:10,3
DA:14,9
DA:15,3
DA:16,3
DA:17,9
DA:19,3
DA:20,3
DA:21,9
DA:23,3
DA:27,7
DA:28,1
DA:29,6
DA:30,6
DA:35,9
DA:45,3
DA:46,3
DA:47,3
DA:48,13
DA:49,13
DA:50,13
DA:52,3
LF:26
LH:26
BRDA:3,0,0,6
BRDA:3,0,1,3
BRDA:3,1,0,9
BRDA:3,1,1,4
BRDA:7,2,0,2
BRDA:7,2,1,12
BRDA:14,3,0,6
BRDA:14,3,1,3
BRDA:14,4,0,9
BRDA:14,4,1,4
BRDA:21,5,0,2
BRDA:21,5,1,7
BRDA:27,6,0,6
BRDA:27,6,1,1
BRDA:27,7,0,7
BRDA:27,7,1,2
BRDA:29,8,0,3
BRDA:29,8,1,3
BRDA:35,9,0,6
BRDA:35,9,1,3
BRDA:35,10,0,9
BRDA:35,10,1,4
BRDA:49,11,0,8
BRDA:49,11,1,5
BRDA:50,12,0,4
BRDA:50,12,1,9
BRDA:50,13,0,13
BRDA:50,13,1,10
BRF:28
BRH:28
end_of_record
TN:
SF:src\array-subarr.js
FN:2,findAllIncreasingSubArr
FN:16,findAllDecreasingSubArr
FN:30,isSubArray
FN:42,findAllPositiveEvenSubArr
FN:57,calcSumSubArr
FN:64,findMaxSumArray
FN:76,(anonymous_6)
FN:81,findMaxSumArray2
FN:93,(anonymous_8)
FNF:9
FNH:9
FNDA:8,findAllIncreasingSubArr
FNDA:7,findAllDecreasingSubArr
FNDA:9,isSubArray
FNDA:7,findAllPositiveEvenSubArr
FNDA:12,calcSumSubArr
FNDA:9,findMaxSumArray
FNDA:5,(anonymous_6)
FNDA:8,findMaxSumArray2
FNDA:1,(anonymous_8)
DA:3,8
DA:4,3
DA:5,3
DA:6,3
DA:7,19
DA:8,19
DA:9,11
DA:10,11
DA:13,3
DA:17,7
DA:18,2
DA:19,2
DA:20,2
DA:21,11
DA:22,11
DA:23,8
DA:24,8
DA:27,2
DA:31,9
DA:37,4
DA:38,5
DA:39,4
DA:43,7
DA:44,2
DA:45,2
DA:46,2
DA:47,12
DA:48,12
DA:49,12
DA:50,2
DA:51,2
DA:54,2
DA:58,12
DA:59,12
DA:60,34
DA:62,12
DA:65,9
DA:66,4
DA:67,4
DA:68,4
DA:69,19
DA:70,19
DA:71,10
DA:72,10
DA:75,4
DA:76,5
DA:82,8
DA:83,3
DA:84,3
DA:85,3
DA:86,13
DA:87,13
DA:88,7
DA:89,7
DA:92,3
DA:93,2
DA:94,1
DA:97,1
LF:58
LH:58
BRDA:3,0,0,5
BRDA:3,0,1,3
BRDA:3,1,0,8
BRDA:3,1,1,4
BRDA:8,2,0,11
BRDA:8,2,1,8
BRDA:8,3,0,19
BRDA:8,3,1,11
BRDA:9,4,0,11
BRDA:9,4,1,3
BRDA:17,5,0,5
BRDA:17,5,1,2
BRDA:17,6,0,7
BRDA:17,6,1,3
BRDA:22,7,0,8
BRDA:22,7,1,3
BRDA:22,8,0,11
BRDA:22,8,1,5
BRDA:23,9,0,8
BRDA:23,9,1,1
BRDA:31,10,0,4
BRDA:31,10,1,5
BRDA:32,11,0,9
BRDA:32,11,1,5
BRDA:32,11,2,5
BRDA:32,11,3,1
BRDA:32,11,4,5
BRDA:38,12,0,1
BRDA:38,12,1,4
BRDA:38,13,0,5
BRDA:38,13,1,1
BRDA:43,14,0,5
BRDA:43,14,1,2
BRDA:43,15,0,7
BRDA:43,15,1,3
BRDA:48,16,0,4
BRDA:48,16,1,8
BRDA:49,17,0,2
BRDA:49,17,1,10
BRDA:49,18,0,12
BRDA:49,18,1,5
BRDA:49,18,2,4
BRDA:65,19,0,5
BRDA:65,19,1,4
BRDA:65,20,0,9
BRDA:65,20,1,5
BRDA:70,21,0,10
BRDA:70,21,1,9
BRDA:70,22,0,19
BRDA:70,22,1,13
BRDA:71,23,0,10
BRDA:71,23,1,5
BRDA:76,24,0,5
BRDA:76,24,1,0
BRDA:82,25,0,5
BRDA:82,25,1,3
BRDA:82,26,0,8
BRDA:82,26,1,4
BRDA:87,27,0,7
BRDA:87,27,1,6
BRDA:87,28,0,13
BRDA:87,28,1,9
BRDA:88,29,0,7
BRDA:88,29,1,3
BRDA:92,30,0,2
BRDA:92,30,1,1
BRDA:94,31,0,0
BRDA:94,31,1,1
BRF:68
BRH:66
end_of_record
TN:
SF:src\array-sum.js
FN:2,sumEvenNumbers
FN:4,(anonymous_1)
FN:23,sumAllDigits
FN:33,findMinNumber
FN:42,sumAllMinDigits
FN:44,(anonymous_5)
FN:47,calcCartTotal
FN:49,(anonymous_7)
FNF:8
FNH:8
FNDA:9,sumEvenNumbers
FNDA:15,(anonymous_1)
FNDA:8,sumAllDigits
FNDA:3,findMinNumber
FNDA:7,sumAllMinDigits
FNDA:3,(anonymous_5)
FNDA:6,calcCartTotal
FNDA:2,(anonymous_7)
DA:3,9
DA:4,15
DA:5,4
DA:6,2
DA:7,2
DA:8,7
DA:9,7
DA:10,7
DA:12,2
DA:24,8
DA:25,3
DA:26,3
DA:27,3
DA:28,11
DA:30,3
DA:34,3
DA:35,3
DA:36,3
DA:37,9
DA:38,9
DA:40,3
DA:43,7
DA:44,3
DA:48,6
DA:49,2
LF:25
LH:25
BRDA:3,0,0,5
BRDA:3,0,1,4
BRDA:3,1,0,9
BRDA:3,1,1,5
BRDA:5,2,0,2
BRDA:5,2,1,2
BRDA:5,3,0,4
BRDA:5,3,1,3
BRDA:10,4,0,4
BRDA:10,4,1,3
BRDA:24,5,0,5
BRDA:24,5,1,3
BRDA:24,6,0,8
BRDA:24,6,1,4
BRDA:38,7,0,2
BRDA:38,7,1,7
BRDA:43,8,0,5
BRDA:43,8,1,2
BRDA:43,9,0,7
BRDA:43,9,1,3
BRDA:48,10,0,5
BRDA:48,10,1,1
BRDA:48,11,0,6
BRDA:48,11,1,2
BRF:24
BRH:24
end_of_record
TN:
SF:src\exercise-24.js
FN:34,withdraw
FNF:1
FNH:1
FNDA:12,withdraw
DA:1,1
DA:2,1
DA:3,1
DA:4,1
DA:6,1
DA:7,1
DA:8,1
DA:9,1
DA:11,1
DA:36,12
DA:40,12
DA:41,9
DA:42,7
DA:43,4
DA:45,4
DA:46,4
DA:48,4
DA:49,4
DA:51,4
DA:52,4
DA:53,4
DA:55,4
LF:22
LH:22
BRDA:40,0,0,3
BRDA:40,0,1,9
BRDA:41,1,0,2
BRDA:41,1,1,7
BRDA:42,2,0,3
BRDA:42,2,1,4
BRDA:45,3,0,1
BRDA:45,3,1,3
BRDA:48,4,0,1
BRDA:48,4,1,3
BRDA:51,5,0,1
BRDA:51,5,1,3
BRF:12
BRH:12
end_of_record
TN:
SF:src\exercise-25.js
FN:16,getLanguageCodeFromURL
FN:20,(anonymous_1)
FNF:2
FNH:2
FNDA:10,getLanguageCodeFromURL
FNDA:18,(anonymous_1)
DA:1,1
DA:2,1
DA:17,10
DA:18,6
DA:19,6
DA:20,6
DA:21,18
DA:23,6
LF:8
LH:8
BRDA:17,0,0,4
BRDA:17,0,1,6
BRDA:17,1,0,10
BRDA:17,1,1,7
BRDA:21,2,0,4
BRDA:21,2,1,14
BRF:6
BRH:6
end_of_record
TN:
SF:src\exercise-26.js
FN:2,(anonymous_0)
FN:3,isStrongPassword
FNF:2
FNH:2
FNDA:26,(anonymous_0)
FNDA:10,isStrongPassword
DA:2,26
DA:4,10
DA:5,5
DA:6,4
DA:7,4
DA:8,4
DA:9,4
DA:10,4
DA:11,4
DA:12,37
DA:13,37
DA:14,37
DA:15,37
DA:16,37
DA:17,370
DA:18,370
DA:21,4
LF:17
LH:17
BRDA:4,0,0,5
BRDA:4,0,1,5
BRDA:4,1,0,10
BRDA:4,1,1,8
BRDA:5,2,0,1
BRDA:5,2,1,4
BRDA:13,3,0,3
BRDA:13,3,1,34
BRDA:13,4,0,37
BRDA:13,4,1,28
BRDA:14,5,0,25
BRDA:14,5,1,12
BRDA:14,6,0,37
BRDA:14,6,1,25
BRDA:15,7,0,6
BRDA:15,7,1,31
BRDA:15,8,0,37
BRDA:15,8,1,35
BRDA:18,9,0,2
BRDA:18,9,1,368
BRDA:21,10,0,4
BRDA:21,10,1,2
BRDA:21,10,2,2
BRDA:21,10,3,2
BRF:24
BRH:24
end_of_record
TN:
SF:src\exercise-27.js
FN:1,uniqueLetters
FNF:1
FNH:1
FNDA:9,uniqueLetters
DA:2,9
DA:3,4
DA:4,4
DA:5,4
DA:6,40
DA:7,40
DA:9,4
DA:10,26
DA:12,4
LF:9
LH:9
BRDA:2,0,0,5
BRDA:2,0,1,4
BRDA:2,1,0,9
BRDA:2,1,1,5
BRDA:7,2,0,26
BRDA:7,2,1,14
BRDA:10,3,0,16
BRDA:10,3,1,10
BRF:8
BRH:8
end_of_record
TN:
SF:src\exercise-28.js
FN:1,countWords
FN:8,(anonymous_1)
FNF:2
FNH:2
FNDA:10,countWords
FNDA:7,(anonymous_1)
DA:2,10
DA:3,5
DA:4,5
DA:5,5
DA:6,3
DA:7,3
DA:8,7
DA:10,2
LF:8
LH:8
BRDA:2,0,0,5
BRDA:2,0,1,5
BRDA:2,1,0,10
BRDA:2,1,1,6
BRDA:5,2,0,3
BRDA:5,2,1,2
BRDA:5,3,0,5
BRDA:5,3,1,3
BRDA:5,3,2,2
BRDA:5,3,3,0
BRF:10
BRH:9
end_of_record
TN:
SF:src\exercise-29.js
FN:11,mergeArray
FN:13,(anonymous_1)
FNF:2
FNH:2
FNDA:4,mergeArray
FNDA:9,(anonymous_1)
DA:12,4
DA:13,2
DA:14,9
DA:15,9
LF:4
LH:4
BRDA:12,0,0,2
BRDA:12,0,1,2
BRDA:12,1,0,4
BRDA:12,1,1,3
BRDA:12,1,2,3
BRDA:12,1,3,2
BRDA:14,2,0,7
BRDA:14,2,1,2
BRF:8
BRH:8
end_of_record
TN:
SF:src\exercise-30.js
FN:1,mostFrequent
FNF:1
FNH:1
FNDA:12,mostFrequent
DA:2,12
DA:3,6
DA:4,6
DA:5,6
DA:6,6
DA:7,23
DA:8,23
DA:11,6
DA:12,6
DA:13,12
DA:14,3
DA:15,3
DA:17,12
DA:18,12
DA:21,6
LF:15
LH:15
BRDA:2,0,0,6
BRDA:2,0,1,6
BRDA:2,1,0,12
BRDA:2,1,1,7
BRDA:9,2,0,12
BRDA:9,2,1,11
BRDA:13,3,0,3
BRDA:13,3,1,9
BRDA:17,4,0,12
BRDA:17,4,1,0
BRF:10
BRH:9
end_of_record
TN:
SF:src\exercise-31.js
FN:1,countStudents
FN:3,(anonymous_1)
FNF:2
FNH:2
FNDA:9,countStudents
FNDA:10,(anonymous_1)
DA:2,9
DA:3,3
DA:4,10
DA:5,10
LF:4
LH:4
BRDA:2,0,0,6
BRDA:2,0,1,3
BRDA:2,1,0,9
BRDA:2,1,1,4
BRDA:4,2,0,6
BRDA:4,2,1,4
BRF:6
BRH:6
end_of_record
TN:
SF:src\exercise-32.js
FN:1,calcCartTotal
FN:4,(anonymous_1)
FNF:2
FNH:2
FNDA:8,calcCartTotal
FNDA:6,(anonymous_1)
DA:2,8
DA:4,3
DA:5,6
DA:6,2
LF:4
LH:4
BRDA:2,0,0,5
BRDA:2,0,1,3
BRDA:2,1,0,8
BRDA:2,1,1,4
BRDA:5,2,0,4
BRDA:5,2,1,2
BRDA:5,3,0,6
BRDA:5,3,1,4
BRF:8
BRH:8
end_of_record
TN:
SF:src\exercise-33.js
FN:1,filterProducts
FN:4,(anonymous_1)
FNF:2
FNH:2
FNDA:7,filterProducts
FNDA:6,(anonymous_1)
DA:2,7
DA:3,2
DA:4,6
DA:5,2
LF:4
LH:4
BRDA:2,0,0,5
BRDA:2,0,1,2
BRDA:2,1,0,7
BRDA:2,1,1,3
BRDA:4,2,0,2
BRDA:4,2,1,4
BRF:6
BRH:6
end_of_record
TN:
SF:src\exercise-34.js
FN:1,chunkArray
FN:4,(anonymous_1)
FNF:2
FNH:2
FNDA:8,chunkArray
FNDA:9,(anonymous_1)
DA:2,8
DA:3,4
DA:4,3
DA:5,9
DA:6,9
DA:7,6
DA:9,9
DA:10,9
LF:8
LH:8
BRDA:2,0,0,4
BRDA:2,0,1,4
BRDA:2,1,0,8
BRDA:2,1,1,7
BRDA:2,1,2,6
BRDA:3,2,0,1
BRDA:3,2,1,3
BRDA:6,3,0,6
BRDA:6,3,1,3
BRF:9
BRH:9
end_of_record
TN:
SF:src\exercise-35.js
FN:1,findSumPair
FN:11,(anonymous_1)
FNF:2
FNH:2
FNDA:7,findSumPair
FNDA:3,(anonymous_1)
DA:2,7
DA:3,5
DA:4,5
DA:5,15
DA:6,17
DA:7,17
DA:8,17
DA:11,5
LF:8
LH:8
BRDA:2,0,0,2
BRDA:2,0,1,5
BRDA:2,1,0,7
BRDA:2,1,1,6
BRDA:8,2,0,3
BRDA:8,2,1,14
BRF:6
BRH:6
end_of_record
TN:
SF:src\exercise-36.js
FN:1,findFirstDuplicate
FNF:1
FNH:1
FNDA:8,findFirstDuplicate
DA:2,8
DA:3,4
DA:4,4
DA:5,4
DA:6,11
DA:7,11
DA:8,2
DA:10,2
LF:8
LH:8
BRDA:2,0,0,4
BRDA:2,0,1,4
BRDA:2,1,0,8
BRDA:2,1,1,5
BRDA:7,2,0,9
BRDA:7,2,1,2
BRF:6
BRH:6
end_of_record
TN:
SF:src\exercise-37.js
FN:1,validMountainArray
FNF:1
FNH:1
FNDA:11,validMountainArray
DA:2,11
DA:3,6
DA:4,6
DA:5,6
DA:6,11
DA:7,10
DA:8,10
DA:10,5
LF:8
LH:8
BRDA:2,0,0,5
BRDA:2,0,1,6
BRDA:2,1,0,11
BRDA:2,1,1,7
BRDA:3,2,0,0
BRDA:3,2,1,6
BRDA:6,3,0,1
BRDA:6,3,1,10
BRDA:7,4,0,0
BRDA:7,4,1,10
BRDA:7,5,0,10
BRDA:7,5,1,1
BRDA:8,6,0,3
BRDA:8,6,1,7
BRF:14
BRH:12
end_of_record
TN:
SF:src\number.js
FN:2,isIncreasingNumber
FN:14,isDecreasingNumber
FN:26,isIncreasingNumberByDistance
FN:39,isPrime
FN:54,isPerfectSquare
FN:59,isPerfectNumber
FN:68,isSymetricNumber
FN:78,isDivisibleBy10
FN:88,hasTwoDigitsWithSum
FNF:9
FNH:9
FNDA:15,isIncreasingNumber
FNDA:15,isDecreasingNumber
FNDA:16,isIncreasingNumberByDistance
FNDA:12,isPrime
FNDA:12,isPerfectSquare
FNDA:12,isPerfectNumber
FNDA:12,isSymetricNumber
FNDA:11,isDivisibleBy10
FNDA:16,hasTwoDigitsWithSum
DA:3,15
DA:4,5
DA:5,5
DA:6,4
DA:7,4
DA:8,11
DA:9,10
DA:11,3
DA:15,15
DA:16,5
DA:17,5
DA:18,3
DA:19,3
DA:20,8
DA:21,8
DA:23,3
DA:27,16
DA:28,10
DA:29,6
DA:30,6
DA:31,6
DA:32,5
DA:33,10
DA:34,8
DA:36,3
DA:40,12
DA:41,5
DA:42,3
DA:44,3
DA:55,12
DA:56,5
DA:60,12
DA:61,6
DA:62,6
DA:63,298
DA:65,6
DA:69,12
DA:70,6
DA:71,6
DA:72,13
DA:73,13
DA:75,3
DA:79,11
DA:80,5
DA:81,5
DA:82,5
DA:83,20
DA:85,5
DA:89,16
DA:90,8
DA:91,7
DA:92,7
DA:93,7
DA:94,11
DA:95,16
DA:96,16
DA:99,3
LF:57
LH:57
BRDA:3,0,0,10
BRDA:3,0,1,5
BRDA:3,1,0,15
BRDA:3,1,1,11
BRDA:3,1,2,10
BRDA:5,2,0,1
BRDA:5,2,1,4
BRDA:8,3,0,1
BRDA:8,3,1,10
BRDA:15,4,0,10
BRDA:15,4,1,5
BRDA:15,5,0,15
BRDA:15,5,1,11
BRDA:15,5,2,10
BRDA:17,6,0,2
BRDA:17,6,1,3
BRDA:20,7,0,0
BRDA:20,7,1,8
BRDA:27,8,0,10
BRDA:27,8,1,6
BRDA:27,9,0,16
BRDA:27,9,1,12
BRDA:27,9,2,12
BRDA:27,9,3,7
BRDA:27,9,4,6
BRDA:27,9,5,6
BRDA:31,10,0,1
BRDA:31,10,1,5
BRDA:33,11,0,2
BRDA:33,11,1,8
BRDA:33,12,0,10
BRDA:33,12,1,9
BRDA:40,13,0,7
BRDA:40,13,1,5
BRDA:40,14,0,12
BRDA:40,14,1,8
BRDA:40,14,2,6
BRDA:42,15,0,2
BRDA:42,15,1,1
BRDA:55,16,0,7
BRDA:55,16,1,5
BRDA:55,17,0,12
BRDA:55,17,1,8
BRDA:55,17,2,6
BRDA:56,18,0,3
BRDA:56,18,1,2
BRDA:60,19,0,6
BRDA:60,19,1,6
BRDA:60,20,0,12
BRDA:60,20,1,8
BRDA:60,20,2,7
BRDA:63,21,0,24
BRDA:63,21,1,274
BRDA:65,22,0,3
BRDA:65,22,1,3
BRDA:69,23,0,6
BRDA:69,23,1,6
BRDA:69,24,0,12
BRDA:69,24,1,8
BRDA:69,24,2,7
BRDA:73,25,0,3
BRDA:73,25,1,10
BRDA:79,26,0,6
BRDA:79,26,1,5
BRDA:79,27,0,11
BRDA:79,27,1,7
BRDA:79,27,2,6
BRDA:85,28,0,2
BRDA:85,28,1,3
BRDA:89,29,0,8
BRDA:89,29,1,8
BRDA:89,30,0,16
BRDA:89,30,1,11
BRDA:89,30,2,9
BRDA:90,31,0,1
BRDA:90,31,1,7
BRDA:90,32,0,8
BRDA:90,32,1,7
BRDA:90,32,2,7
BRDA:96,33,0,4
BRDA:96,33,1,12
BRF:81
BRH:80
end_of_record
TN:
SF:src\string.js
FN:2,countWords
FN:7,statisticsWords
FN:17,statisticsCharacters
FN:28,isValidEmail
FN:32,(anonymous_4)
FN:38,countEmails
FN:40,(anonymous_6)
FN:43,isValidURL
FN:45,(anonymous_8)
FN:47,(anonymous_9)
FN:53,countURLs
FN:55,(anonymous_11)
FN:58,getDisplayedAddress
FN:61,(anonymous_13)
FN:70,fillPath
FNF:15
FNH:15
FNDA:6,countWords
FNDA:6,statisticsWords
FNDA:5,statisticsCharacters
FNDA:26,isValidEmail
FNDA:69,(anonymous_4)
FNDA:8,countEmails
FNDA:26,(anonymous_6)
FNDA:16,isValidURL
FNDA:59,(anonymous_8)
FNDA:44,(anonymous_9)
FNDA:6,countURLs
FNDA:16,(anonymous_11)
FNDA:6,getDisplayedAddress
FNDA:10,(anonymous_13)
FNDA:7,fillPath
DA:3,6
DA:4,2
DA:8,6
DA:9,2
DA:10,2
DA:11,2
DA:12,5
DA:14,2
DA:18,5
DA:19,1
DA:20,1
DA:21,1
DA:22,7
DA:23,7
DA:25,1
DA:29,26
DA:30,26
DA:31,26
DA:32,69
DA:33,26
DA:34,26
DA:35,4
DA:39,8
DA:40,26
DA:44,16
DA:45,59
DA:46,16
DA:47,44
DA:48,16
DA:49,16
DA:50,1
DA:54,6
DA:55,16
DA:59,6
DA:60,2
DA:61,2
DA:62,10
DA:63,7
DA:65,10
DA:67,2
DA:71,7
DA:72,3
DA:73,3
DA:74,4
DA:76,3
LF:45
LH:45
BRDA:3,0,0,4
BRDA:3,0,1,2
BRDA:3,1,0,6
BRDA:3,1,1,2
BRDA:8,2,0,4
BRDA:8,2,1,2
BRDA:8,3,0,6
BRDA:8,3,1,2
BRDA:12,4,0,4
BRDA:12,4,1,1
BRDA:18,5,0,4
BRDA:18,5,1,1
BRDA:18,6,0,5
BRDA:18,6,1,1
BRDA:22,7,0,2
BRDA:22,7,1,5
BRDA:23,8,0,4
BRDA:23,8,1,3
BRDA:33,9,0,0
BRDA:33,9,1,26
BRDA:33,10,0,26
BRDA:33,10,1,26
BRDA:34,11,0,22
BRDA:34,11,1,4
BRDA:34,12,0,26
BRDA:34,12,1,13
BRDA:34,12,2,12
BRDA:39,13,0,4
BRDA:39,13,1,4
BRDA:39,14,0,8
BRDA:39,14,1,4
BRDA:49,15,0,15
BRDA:49,15,1,1
BRDA:49,16,0,16
BRDA:49,16,1,5
BRDA:49,16,2,1
BRDA:54,17,0,4
BRDA:54,17,1,2
BRDA:54,18,0,6
BRDA:54,18,1,2
BRDA:59,19,0,4
BRDA:59,19,1,2
BRDA:59,20,0,6
BRDA:59,20,1,4
BRDA:62,21,0,7
BRDA:62,21,1,3
BRDA:63,22,0,1
BRDA:63,22,1,6
BRDA:71,23,0,4
BRDA:71,23,1,3
BRDA:71,24,0,7
BRDA:71,24,1,5
BRDA:72,25,0,0
BRDA:72,25,1,3
BRDA:72,26,0,3
BRDA:72,26,1,3
BRF:56
BRH:54
end_of_record
